<?xml version="1.0" encoding="utf-8"?><testsuites name="pytest tests"><testsuite name="pytest" errors="0" failures="0" skipped="0" tests="19" time="3.319" timestamp="2026-03-21T12:48:18.400860+00:00" hostname="agent-env-192b0f45-f2fc-4942-94a3-4ce59f106c9b"><testcase classname="backend.tests.test_admin_endpoints.TestAdminStats" name="test_admin_stats_returns_system_statistics" time="0.137" /><testcase classname="backend.tests.test_admin_endpoints.TestAdminStats" name="test_admin_stats_requires_auth" time="0.106" /><testcase classname="backend.tests.test_admin_endpoints.TestAdminCustomerList" name="test_list_customers_returns_paginated_results" time="0.113" /><testcase classname="backend.tests.test_admin_endpoints.TestAdminCustomerList" name="test_list_customers_with_search" time="0.110" /><testcase classname="backend.tests.test_admin_endpoints.TestAdminCustomerList" name="test_list_customers_filter_by_admin_status" time="0.106" /><testcase classname="backend.tests.test_admin_endpoints.TestAdminCustomerList" name="test_is_admin_false_filter_bug" time="0.205" /><testcase classname="backend.tests.test_admin_endpoints.TestAdminCustomerDetail" name="test_get_customer_detail" time="0.153" /><testcase classname="backend.tests.test_admin_endpoints.TestAdminCustomerDetail" name="test_get_nonexistent_customer_returns_404" time="0.103" /><testcase classname="backend.tests.test_admin_endpoints.TestAdminList" name="test_list_admins" time="0.120" /><testcase classname="backend.tests.test_admin_endpoints.TestMakeRemoveAdmin" name="test_make_admin_and_remove_admin_flow" time="0.328" /><testcase classname="backend.tests.test_admin_endpoints.TestMakeRemoveAdmin" name="test_cannot_remove_primary_admin" time="0.147" /><testcase classname="backend.tests.test_admin_endpoints.TestGrantAccess" name="test_grant_trial_access" time="0.224" /><testcase classname="backend.tests.test_admin_endpoints.TestGrantAccess" name="test_grant_forever_free_access" time="0.289" /><testcase classname="backend.tests.test_admin_endpoints.TestReferrals" name="test_list_referrals" time="0.111" /><testcase classname="backend.tests.test_admin_endpoints.TestReferrals" name="test_fix_referral_create_requires_valid_users" time="0.109" /><testcase classname="backend.tests.test_admin_endpoints.TestCreateAdmin" name="test_create_admin_with_existing_user" time="0.223" /><testcase classname="backend.tests.test_admin_endpoints.TestNonAdminAccess" name="test_non_admin_gets_403_on_stats" time="0.370" /><testcase classname="backend.tests.test_admin_endpoints.TestPrimaryAdminExists" name="test_primary_admin_exists" time="0.127" /><testcase classname="backend.tests.test_admin_endpoints.TestPrimaryAdminExists" name="test_primary_admin_has_forever_free" time="0.161" /></testsuite></testsuites>