<?xml version="1.0" encoding="utf-8"?><testsuites name="pytest tests"><testsuite name="pytest" errors="0" failures="0" skipped="0" tests="10" time="42.179" timestamp="2026-03-21T05:23:36.470908+00:00" hostname="agent-env-192b0f45-f2fc-4942-94a3-4ce59f106c9b"><testcase classname="tests.test_ai_cost_protection.TestAICostProtection" name="test_minutes_draft_input_size_exceeds_limit" time="0.241" /><testcase classname="tests.test_ai_cost_protection.TestAICostProtection" name="test_minutes_draft_input_size_at_boundary" time="14.362" /><testcase classname="tests.test_ai_cost_protection.TestAICostProtection" name="test_minutes_draft_valid_input_works" time="14.523" /><testcase classname="tests.test_ai_cost_protection.TestAICostProtection" name="test_usage_endpoint_returns_403_for_non_admin" time="0.004" /><testcase classname="tests.test_ai_cost_protection.TestAICostProtection" name="test_usage_endpoint_returns_200_for_admin" time="0.005" /><testcase classname="tests.test_ai_cost_protection.TestAICostProtection" name="test_governance_suggestions_caching" time="0.008" /><testcase classname="tests.test_ai_cost_protection.TestAICostProtection" name="test_ai_status_endpoint" time="0.003" /><testcase classname="tests.test_ai_cost_protection.TestAIUsageTracking" name="test_usage_tracking_after_ai_call" time="0.230" /><testcase classname="tests.test_ai_cost_protection.TestInputValidationEdgeCases" name="test_input_size_distributed_across_fields" time="0.231" /><testcase classname="tests.test_ai_cost_protection.TestInputValidationEdgeCases" name="test_empty_input_accepted" time="12.532" /></testsuite></testsuites>