<?xml version="1.0" encoding="utf-8"?><testsuites name="pytest tests"><testsuite name="pytest" errors="0" failures="5" skipped="1" tests="10" time="3.431" timestamp="2026-03-02T04:57:32.817826+00:00" hostname="agent-env-3d54c223-04f9-4dfb-a95d-0a28eddb5ea7"><testcase classname="backend.tests.test_ai_endpoints.TestAIStatusEndpoint" name="test_ai_status_requires_authentication" time="0.160" /><testcase classname="backend.tests.test_ai_endpoints.TestAIStatusEndpoint" name="test_ai_status_returns_enabled_status" time="0.475"><failure message="AssertionError: Expected 200, got 401&#10;assert 401 == 200&#10; +  where 401 = &lt;Response [401]&gt;.status_code">backend/tests/test_ai_endpoints.py:55: in test_ai_status_returns_enabled_status
    assert response.status_code == 200, f"Expected 200, got {response.status_code}"
E   AssertionError: Expected 200, got 401
E   assert 401 == 200
E    +  where 401 = &lt;Response [401]&gt;.status_code</failure></testcase><testcase classname="backend.tests.test_ai_endpoints.TestMinutesDraftEndpoint" name="test_minutes_draft_requires_authentication" time="0.114" /><testcase classname="backend.tests.test_ai_endpoints.TestMinutesDraftEndpoint" name="test_minutes_draft_generates_formal_minutes" time="0.433"><failure message="AssertionError: Expected 200, got 401. Response: {&quot;detail&quot;:&quot;Invalid token&quot;}&#10;assert 401 == 200&#10; +  where 401 = &lt;Response [401]&gt;.status_code">backend/tests/test_ai_endpoints.py:120: in test_minutes_draft_generates_formal_minutes
    assert response.status_code == 200, f"Expected 200, got {response.status_code}. Response: {response.text[:500]}"
E   AssertionError: Expected 200, got 401. Response: {"detail":"Invalid token"}
E   assert 401 == 200
E    +  where 401 = &lt;Response [401]&gt;.status_code</failure></testcase><testcase classname="backend.tests.test_ai_endpoints.TestMinutesDraftEndpoint" name="test_minutes_draft_validation" time="0.444"><failure message="AssertionError: Expected 422 for invalid payload, got 401&#10;assert 401 == 422&#10; +  where 401 = &lt;Response [401]&gt;.status_code">backend/tests/test_ai_endpoints.py:164: in test_minutes_draft_validation
    assert response.status_code == 422, f"Expected 422 for invalid payload, got {response.status_code}"
E   AssertionError: Expected 422 for invalid payload, got 401
E   assert 401 == 422
E    +  where 401 = &lt;Response [401]&gt;.status_code</failure></testcase><testcase classname="backend.tests.test_ai_endpoints.TestGovernanceSuggestionsEndpoint" name="test_governance_suggestions_requires_authentication" time="0.140" /><testcase classname="backend.tests.test_ai_endpoints.TestGovernanceSuggestionsEndpoint" name="test_governance_suggestions_returns_actionable_suggestions" time="0.593"><failure message="AssertionError: Expected 200, got 401. Response: {&quot;detail&quot;:&quot;Invalid token&quot;}&#10;assert 401 == 200&#10; +  where 401 = &lt;Response [401]&gt;.status_code">backend/tests/test_ai_endpoints.py:190: in test_governance_suggestions_returns_actionable_suggestions
    assert response.status_code == 200, f"Expected 200, got {response.status_code}. Response: {response.text[:500]}"
E   AssertionError: Expected 200, got 401. Response: {"detail":"Invalid token"}
E   assert 401 == 200
E    +  where 401 = &lt;Response [401]&gt;.status_code</failure></testcase><testcase classname="backend.tests.test_ai_endpoints.TestGovernanceSuggestionsEndpoint" name="test_governance_suggestions_with_trust_id" time="0.451"><skipped type="pytest.skip" message="Could not get trusts: 401">/app/backend/tests/test_ai_endpoints.py:263: Could not get trusts: 401</skipped></testcase><testcase classname="backend.tests.test_ai_endpoints.TestAIEndpointEdgeCases" name="test_ai_status_with_invalid_token" time="0.102" /><testcase classname="backend.tests.test_ai_endpoints.TestAIEndpointEdgeCases" name="test_minutes_draft_with_minimal_input" time="0.439"><failure message="AssertionError: Expected 200, got 401&#10;assert 401 == 200&#10; +  where 401 = &lt;Response [401]&gt;.status_code">backend/tests/test_ai_endpoints.py:300: in test_minutes_draft_with_minimal_input
    assert response.status_code == 200, f"Expected 200, got {response.status_code}"
E   AssertionError: Expected 200, got 401
E   assert 401 == 200
E    +  where 401 = &lt;Response [401]&gt;.status_code</failure></testcase></testsuite></testsuites>