<?xml version="1.0" encoding="utf-8"?><testsuites name="pytest tests"><testsuite name="pytest" errors="0" failures="0" skipped="0" tests="10" time="42.428" timestamp="2026-03-02T04:57:50.809141+00:00" hostname="agent-env-3d54c223-04f9-4dfb-a95d-0a28eddb5ea7"><testcase classname="backend.tests.test_ai_endpoints.TestAIStatusEndpoint" name="test_ai_status_requires_authentication" time="0.127" /><testcase classname="backend.tests.test_ai_endpoints.TestAIStatusEndpoint" name="test_ai_status_returns_enabled_status" time="0.451" /><testcase classname="backend.tests.test_ai_endpoints.TestMinutesDraftEndpoint" name="test_minutes_draft_requires_authentication" time="0.111" /><testcase classname="backend.tests.test_ai_endpoints.TestMinutesDraftEndpoint" name="test_minutes_draft_generates_formal_minutes" time="18.602" /><testcase classname="backend.tests.test_ai_endpoints.TestMinutesDraftEndpoint" name="test_minutes_draft_validation" time="0.486" /><testcase classname="backend.tests.test_ai_endpoints.TestGovernanceSuggestionsEndpoint" name="test_governance_suggestions_requires_authentication" time="0.101" /><testcase classname="backend.tests.test_ai_endpoints.TestGovernanceSuggestionsEndpoint" name="test_governance_suggestions_returns_actionable_suggestions" time="4.133" /><testcase classname="backend.tests.test_ai_endpoints.TestGovernanceSuggestionsEndpoint" name="test_governance_suggestions_with_trust_id" time="4.150" /><testcase classname="backend.tests.test_ai_endpoints.TestAIEndpointEdgeCases" name="test_ai_status_with_invalid_token" time="0.130" /><testcase classname="backend.tests.test_ai_endpoints.TestAIEndpointEdgeCases" name="test_minutes_draft_with_minimal_input" time="14.094" /></testsuite></testsuites>