<?xml version="1.0" encoding="utf-8"?><testsuites name="pytest tests"><testsuite name="pytest" errors="0" failures="0" skipped="0" tests="12" time="16.160" timestamp="2026-03-02T05:42:40.095561+00:00" hostname="agent-env-1d6c22a5-0e25-4b81-aba3-21d2b41cd6d5"><testcase classname="tests.test_ai_v1_hardening.TestAIStatusEndpoint" name="test_ai_status_returns_rate_limits" time="0.492" /><testcase classname="tests.test_ai_v1_hardening.TestAIStatusEndpoint" name="test_ai_status_complete_response_structure" time="0.110" /><testcase classname="tests.test_ai_v1_hardening.TestAIHealthEndpoint" name="test_ai_health_returns_ok_field" time="1.310" /><testcase classname="tests.test_ai_v1_hardening.TestAIHealthEndpoint" name="test_ai_health_requires_auth" time="0.114" /><testcase classname="tests.test_ai_v1_hardening.TestAISafeErrorMessages" name="test_minutes_draft_error_is_safe" time="0.436" /><testcase classname="tests.test_ai_v1_hardening.TestAISafeErrorMessages" name="test_governance_suggestions_not_found_is_safe" time="0.108" /><testcase classname="tests.test_ai_v1_hardening.TestRateLimitingConfiguration" name="test_rate_limits_advertised_correctly" time="0.429" /><testcase classname="tests.test_ai_v1_hardening.TestRateLimitingConfiguration" name="test_rate_limit_error_message_format" time="12.679" /><testcase classname="tests.test_ai_v1_hardening.TestAIEndpointAuthentication" name="test_status_requires_auth" time="0.116" /><testcase classname="tests.test_ai_v1_hardening.TestAIEndpointAuthentication" name="test_health_requires_auth" time="0.110" /><testcase classname="tests.test_ai_v1_hardening.TestAIEndpointAuthentication" name="test_minutes_draft_requires_auth" time="0.110" /><testcase classname="tests.test_ai_v1_hardening.TestAIEndpointAuthentication" name="test_governance_suggestions_requires_auth" time="0.114" /></testsuite></testsuites>