<?xml version="1.0" encoding="utf-8"?><testsuites name="pytest tests"><testsuite name="pytest" errors="0" failures="0" skipped="0" tests="19" time="3.664" timestamp="2026-04-18T13:37:49.719369+00:00" hostname="agent-env-192b0f45-f2fc-4942-94a3-4ce59f106c9b"><testcase classname="backend.tests.test_alerts.TestAlertEndpoints" name="test_get_alerts_list" time="0.635" /><testcase classname="backend.tests.test_alerts.TestAlertEndpoints" name="test_get_alerts_with_entity_filter" time="0.063" /><testcase classname="backend.tests.test_alerts.TestAlertEndpoints" name="test_get_alerts_with_severity_filter" time="0.055" /><testcase classname="backend.tests.test_alerts.TestAlertEndpoints" name="test_get_alert_counts" time="0.049" /><testcase classname="backend.tests.test_alerts.TestAlertEndpoints" name="test_get_alert_history" time="0.055" /><testcase classname="backend.tests.test_alerts.TestAlertEndpoints" name="test_scan_for_alerts" time="0.053" /><testcase classname="backend.tests.test_alerts.TestAlertAutoCreation" name="test_trust_paying_personal_creates_red_alert" time="0.171" /><testcase classname="backend.tests.test_alerts.TestAlertAutoCreation" name="test_large_unexplained_creates_yellow_alert" time="0.157" /><testcase classname="backend.tests.test_alerts.TestAlertAutoCreation" name="test_unlinked_distribution_creates_yellow_alert" time="0.161" /><testcase classname="backend.tests.test_alerts.TestAlertResolution" name="test_resolve_alert_success" time="0.205" /><testcase classname="backend.tests.test_alerts.TestAlertResolution" name="test_resolve_alert_empty_note_rejected" time="0.206" /><testcase classname="backend.tests.test_alerts.TestAlertResolution" name="test_resolve_already_resolved_rejected" time="0.285" /><testcase classname="backend.tests.test_alerts.TestAlertAutoResolution" name="test_linking_distribution_resolves_unlinked_alert" time="0.267" /><testcase classname="backend.tests.test_alerts.TestAlertValidation" name="test_resolve_nonexistent_alert" time="0.050" /><testcase classname="backend.tests.test_alerts.TestAlertValidation" name="test_resolve_invalid_type" time="0.209" /><testcase classname="backend.tests.test_alerts.TestAlertValidation" name="test_scan_nonexistent_trust" time="0.055" /><testcase classname="backend.tests.test_alerts.TestAlertTypes" name="test_distribution_without_link_triggers_alert" time="0.154" /><testcase classname="backend.tests.test_alerts.TestAlertTypes" name="test_compensation_without_link_triggers_alert" time="0.163" /><testcase classname="backend.tests.test_alerts.TestAlertTypes" name="test_personal_keyword_variations" time="0.607" /></testsuite></testsuites>