<?xml version="1.0" encoding="utf-8"?><testsuites name="pytest tests"><testsuite name="pytest" errors="0" failures="0" skipped="0" tests="26" time="2.296" timestamp="2026-04-18T13:58:11.414178+00:00" hostname="agent-env-192b0f45-f2fc-4942-94a3-4ce59f106c9b"><testcase classname="backend.tests.test_audit_defense.TestAuditDefensePDFEndpoint" name="test_pdf_endpoint_returns_200" time="0.600" /><testcase classname="backend.tests.test_audit_defense.TestAuditDefensePDFEndpoint" name="test_pdf_content_type" time="0.157" /><testcase classname="backend.tests.test_audit_defense.TestAuditDefensePDFEndpoint" name="test_pdf_content_disposition" time="0.198" /><testcase classname="backend.tests.test_audit_defense.TestAuditDefensePDFEndpoint" name="test_pdf_is_valid" time="0.141" /><testcase classname="backend.tests.test_audit_defense.TestAuditDefensePDFEndpoint" name="test_pdf_has_content" time="0.150" /><testcase classname="backend.tests.test_audit_defense.TestAuditDefensePDFEndpoint" name="test_404_for_nonexistent_trust" time="0.123" /><testcase classname="backend.tests.test_audit_defense.TestAuditDefensePDFEndpoint" name="test_401_without_auth" time="0.120" /><testcase classname="backend.tests.test_audit_defense.TestAuditDefensePDFEndpoint" name="test_days_parameter_works" time="0.460" /><testcase classname="backend.tests.test_audit_defense.TestAuditDefensePDFContent" name="test_pdf_has_title" time="0.307" /><testcase classname="backend.tests.test_audit_defense.TestAuditDefensePDFContent" name="test_pdf_has_entity_structure_section" time="0.000" /><testcase classname="backend.tests.test_audit_defense.TestAuditDefensePDFContent" name="test_pdf_has_transaction_summary_section" time="0.000" /><testcase classname="backend.tests.test_audit_defense.TestAuditDefensePDFContent" name="test_pdf_has_inter_entity_transfer_section" time="0.000" /><testcase classname="backend.tests.test_audit_defense.TestAuditDefensePDFContent" name="test_pdf_has_separation_alerts_section" time="0.000" /><testcase classname="backend.tests.test_audit_defense.TestAuditDefensePDFContent" name="test_pdf_has_governance_actions_section" time="0.000" /><testcase classname="backend.tests.test_audit_defense.TestAuditDefensePDFContent" name="test_pdf_has_health_score_section" time="0.000" /><testcase classname="backend.tests.test_audit_defense.TestAuditDefensePDFContent" name="test_pdf_has_confidentiality_notice" time="0.000" /><testcase classname="backend.tests.test_audit_defense.TestAuditDefensePDFContent" name="test_pdf_has_trust_name" time="0.000" /><testcase classname="backend.tests.test_audit_defense.TestAuditDefensePDFContent" name="test_pdf_has_entities" time="0.000" /><testcase classname="backend.tests.test_audit_defense.TestAuditDefensePDFContent" name="test_pdf_has_multiple_pages" time="0.000" /><testcase classname="backend.tests.test_audit_defense.TestAuditDefensePDFContent" name="test_pdf_has_report_date" time="0.000" /><testcase classname="backend.tests.test_audit_defense.TestAuditDefensePDFContent" name="test_pdf_has_period_covered" time="0.000" /><testcase classname="backend.tests.test_audit_defense.TestAuditDefensePDFContent" name="test_pdf_has_ein_data" time="0.000" /><testcase classname="backend.tests.test_audit_defense.TestAuditDefensePDFContent" name="test_pdf_has_alert_counts" time="0.000" /><testcase classname="backend.tests.test_audit_defense.TestAuditDefensePDFContent" name="test_pdf_has_minutes_records" time="0.000" /><testcase classname="backend.tests.test_audit_defense.TestAuditDefensePDFContent" name="test_pdf_has_distribution_authorizations" time="0.000" /><testcase classname="backend.tests.test_audit_defense.TestAuditDefensePDFContent" name="test_pdf_has_compensation_payments" time="0.000" /></testsuite></testsuites>