<?xml version="1.0" encoding="utf-8"?><testsuites name="pytest tests"><testsuite name="pytest" errors="0" failures="0" skipped="0" tests="29" time="12.105" timestamp="2026-03-02T03:45:30.126140+00:00" hostname="agent-env-51f90744-018f-41c4-89b2-e3fe3bd507c6"><testcase classname="backend.tests.test_auth_router.TestAuthRouterEndpoints" name="test_register_new_user" time="0.523" /><testcase classname="backend.tests.test_auth_router.TestAuthRouterEndpoints" name="test_register_duplicate_email_fails" time="1.034" /><testcase classname="backend.tests.test_auth_router.TestAuthRouterEndpoints" name="test_register_invalid_email_format" time="0.169" /><testcase classname="backend.tests.test_auth_router.TestAuthRouterEndpoints" name="test_login_with_valid_credentials" time="0.764" /><testcase classname="backend.tests.test_auth_router.TestAuthRouterEndpoints" name="test_login_with_wrong_password" time="0.443" /><testcase classname="backend.tests.test_auth_router.TestAuthRouterEndpoints" name="test_login_with_nonexistent_user" time="0.184" /><testcase classname="backend.tests.test_auth_router.TestAuthRouterEndpoints" name="test_get_me_with_valid_token" time="0.177" /><testcase classname="backend.tests.test_auth_router.TestAuthRouterEndpoints" name="test_get_me_without_token" time="0.171" /><testcase classname="backend.tests.test_auth_router.TestAuthRouterEndpoints" name="test_get_me_with_invalid_token" time="0.192" /><testcase classname="backend.tests.test_auth_router.TestAuthRouterEndpoints" name="test_update_profile_name" time="0.221" /><testcase classname="backend.tests.test_auth_router.TestAuthRouterEndpoints" name="test_update_profile_empty_name_fails" time="0.191" /><testcase classname="backend.tests.test_auth_router.TestAuthRouterEndpoints" name="test_update_profile_without_token" time="0.159" /><testcase classname="backend.tests.test_auth_router.TestAuthRouterEndpoints" name="test_logout_endpoint" time="0.190" /><testcase classname="backend.tests.test_auth_router.TestAuthRouterEndpoints" name="test_logout_without_token" time="0.163" /><testcase classname="backend.tests.test_auth_router.TestPasswordResetEndpoints" name="test_forgot_password_returns_success_for_valid_email" time="0.594" /><testcase classname="backend.tests.test_auth_router.TestPasswordResetEndpoints" name="test_forgot_password_returns_success_for_nonexistent_email" time="0.202" /><testcase classname="backend.tests.test_auth_router.TestPasswordResetEndpoints" name="test_reset_password_with_invalid_token" time="0.180" /><testcase classname="backend.tests.test_auth_router.TestPasswordResetEndpoints" name="test_verify_reset_token_with_invalid_token" time="0.182" /><testcase classname="backend.tests.test_auth_router.TestDemoUserLogin" name="test_demo_user_login" time="0.401" /><testcase classname="backend.tests.test_auth_router.TestDemoUserLogin" name="test_demo_user_me_endpoint" time="0.551" /><testcase classname="backend.tests.test_auth_router.TestRegressionCoreFeatures" name="test_trusts_endpoint_accessible" time="0.586" /><testcase classname="backend.tests.test_auth_router.TestRegressionCoreFeatures" name="test_entities_endpoint_accessible" time="0.620" /><testcase classname="backend.tests.test_auth_router.TestRegressionCoreFeatures" name="test_tasks_endpoint_accessible" time="0.603" /><testcase classname="backend.tests.test_auth_router.TestRegressionCoreFeatures" name="test_minutes_endpoint_accessible" time="0.585" /><testcase classname="backend.tests.test_auth_router.TestRegressionCoreFeatures" name="test_distributions_endpoint_accessible" time="0.606" /><testcase classname="backend.tests.test_auth_router.TestRegressionCoreFeatures" name="test_dashboard_endpoint_accessible" time="0.582" /><testcase classname="backend.tests.test_auth_router.TestFeatureGatesStillWork" name="test_governance_history_gate" time="0.660" /><testcase classname="backend.tests.test_auth_router.TestFeatureGatesStillWork" name="test_trust_units_gate" time="0.547" /><testcase classname="backend.tests.test_auth_router.TestFeatureGatesStillWork" name="test_beneficiary_dashboard_gate" time="0.556" /></testsuite></testsuites>