<?xml version="1.0" encoding="utf-8"?><testsuites name="pytest tests"><testsuite name="pytest" errors="0" failures="0" skipped="0" tests="20" time="8.880" timestamp="2026-02-22T23:48:18.368839+00:00" hostname="agent-env-adea9fa8-efc2-40de-a97e-57b28d8391c9"><testcase classname="backend.tests.test_background_jobs.TestBackgroundJobs" name="test_background_jobs_status_requires_auth" time="0.468" /><testcase classname="backend.tests.test_background_jobs.TestBackgroundJobs" name="test_background_jobs_status_returns_200" time="0.394" /><testcase classname="backend.tests.test_background_jobs.TestBackgroundJobs" name="test_background_jobs_status_response_structure" time="0.408" /><testcase classname="backend.tests.test_background_jobs.TestBackgroundJobs" name="test_background_jobs_status_scheduler_running" time="0.428" /><testcase classname="backend.tests.test_background_jobs.TestBackgroundJobs" name="test_background_jobs_status_returns_scheduled_jobs" time="0.394" /><testcase classname="backend.tests.test_background_jobs.TestBackgroundJobs" name="test_background_jobs_status_job_structure" time="0.385" /><testcase classname="backend.tests.test_background_jobs.TestBackgroundJobs" name="test_task_status_update_requires_auth" time="0.515" /><testcase classname="backend.tests.test_background_jobs.TestBackgroundJobs" name="test_task_status_update_returns_200" time="0.458" /><testcase classname="backend.tests.test_background_jobs.TestBackgroundJobs" name="test_task_status_update_response_structure" time="0.406" /><testcase classname="backend.tests.test_background_jobs.TestBackgroundJobs" name="test_daily_reminders_requires_auth" time="0.466" /><testcase classname="backend.tests.test_background_jobs.TestBackgroundJobs" name="test_daily_reminders_returns_200" time="0.466" /><testcase classname="backend.tests.test_background_jobs.TestBackgroundJobs" name="test_daily_reminders_response_structure" time="0.448" /><testcase classname="backend.tests.test_background_jobs.TestBackgroundJobs" name="test_health_snapshots_requires_auth" time="0.499" /><testcase classname="backend.tests.test_background_jobs.TestBackgroundJobs" name="test_health_snapshots_returns_200" time="0.434" /><testcase classname="backend.tests.test_background_jobs.TestBackgroundJobs" name="test_health_snapshots_response_structure" time="0.429" /><testcase classname="backend.tests.test_background_jobs.TestBackgroundJobsIntegration" name="test_task_status_update_updates_overdue_tasks" time="0.609" /><testcase classname="backend.tests.test_background_jobs.TestBackgroundJobsIntegration" name="test_health_snapshots_creates_records" time="0.423" /><testcase classname="backend.tests.test_background_jobs.TestBackgroundJobsScheduling" name="test_task_status_update_job_scheduled_hourly" time="0.406" /><testcase classname="backend.tests.test_background_jobs.TestBackgroundJobsScheduling" name="test_daily_reminders_job_scheduled_at_9am" time="0.389" /><testcase classname="backend.tests.test_background_jobs.TestBackgroundJobsScheduling" name="test_health_snapshots_job_scheduled_at_midnight" time="0.429" /></testsuite></testsuites>