<?xml version="1.0" encoding="utf-8"?><testsuites name="pytest tests"><testsuite name="pytest" errors="0" failures="0" skipped="0" tests="12" time="1.335" timestamp="2026-03-02T19:56:31.481239+00:00" hostname="agent-env-63598a29-a8b3-4d77-93e8-221677c9bddf"><testcase classname="tests.test_batch2_templates.TestTemplateList" name="test_templates_count" time="0.556" /><testcase classname="tests.test_batch2_templates.TestTrustAmendmentTemplate" name="test_create_trust_amendment_minutes" time="0.066" /><testcase classname="tests.test_batch2_templates.TestPowerOfAttorneyTemplate" name="test_create_power_of_attorney_minutes" time="0.057" /><testcase classname="tests.test_batch2_templates.TestTrustTerminationTemplate" name="test_create_trust_termination_minutes" time="0.060" /><testcase classname="tests.test_batch2_templates.TestRealEstatePurchaseTemplate" name="test_create_real_estate_purchase_minutes" time="0.055" /><testcase classname="tests.test_batch2_templates.TestBusinessInterestTemplate" name="test_create_business_interest_minutes" time="0.060" /><testcase classname="tests.test_batch2_templates.TestRealEstateLeaseTemplate" name="test_create_real_estate_lease_minutes" time="0.062" /><testcase classname="tests.test_batch2_templates.TestFiscalYearTemplate" name="test_create_fiscal_year_minutes" time="0.050" /><testcase classname="tests.test_batch2_templates.TestTaxFilingTemplate" name="test_create_tax_filing_minutes" time="0.054" /><testcase classname="tests.test_batch2_templates.TestEmergencyRatificationTemplate" name="test_create_emergency_ratification_minutes" time="0.071" /><testcase classname="tests.test_batch2_templates.TestConflictOfInterestTemplate" name="test_create_conflict_of_interest_minutes" time="0.056" /><testcase classname="tests.test_batch2_templates.TestPDFGeneration" name="test_trust_amendment_pdf" time="0.158" /></testsuite></testsuites>