<?xml version="1.0" encoding="utf-8"?><testsuites name="pytest tests"><testsuite name="pytest" errors="0" failures="3" skipped="0" tests="17" time="2.470" timestamp="2026-03-02T01:28:09.769880+00:00" hostname="agent-env-b30b792e-fc57-4233-87d8-f430a0fe77c1"><testcase classname="backend.tests.test_benevolence_distributions.TestBenevolenceDistributionCreate" name="test_create_benevolence_distribution_requires_recipient_name" time="0.573" /><testcase classname="backend.tests.test_benevolence_distributions.TestBenevolenceDistributionCreate" name="test_create_benevolence_distribution_requires_need_description" time="0.072" /><testcase classname="backend.tests.test_benevolence_distributions.TestBenevolenceDistributionCreate" name="test_create_benevolence_distribution_success" time="0.063" /><testcase classname="backend.tests.test_benevolence_distributions.TestBenevolenceDistributionCreate" name="test_create_non_benevolence_distribution_without_benevolence_fields" time="0.204" /><testcase classname="backend.tests.test_benevolence_distributions.TestBenevolenceDistributionCreate" name="test_create_distribution_default_is_benevolence_false" time="0.074" /><testcase classname="backend.tests.test_benevolence_distributions.TestBenevolenceDistributionUpdate" name="test_update_benevolence_fields" time="0.162" /><testcase classname="backend.tests.test_benevolence_distributions.TestBenevolenceDistributionUpdate" name="test_update_is_benevolence_to_true_requires_fields" time="0.133" /><testcase classname="backend.tests.test_benevolence_distributions.TestBenevolenceDistributionUpdate" name="test_update_convert_to_benevolence_with_fields" time="0.157" /><testcase classname="backend.tests.test_benevolence_distributions.TestBenevolenceLog" name="test_get_benevolence_log_structure" time="0.061" /><testcase classname="backend.tests.test_benevolence_distributions.TestBenevolenceLog" name="test_benevolence_log_only_benevolence_distributions" time="0.064" /><testcase classname="backend.tests.test_benevolence_distributions.TestBenevolenceLog" name="test_benevolence_log_monthly_aggregates" time="0.062" /><testcase classname="backend.tests.test_benevolence_distributions.TestBenevolenceLog" name="test_benevolence_log_yearly_aggregates" time="0.062" /><testcase classname="backend.tests.test_benevolence_distributions.TestBenevolenceLog" name="test_benevolence_log_incomplete_documentation_count" time="0.062" /><testcase classname="backend.tests.test_benevolence_distributions.TestGovernanceHealthScoreBenevolence" name="test_health_score_distribution_documentation_criterion" time="0.127"><failure message="AssertionError: Health score failed: {&quot;detail&quot;:&quot;Not Found&quot;}&#10;assert 404 == 200&#10; +  where 404 = &lt;Response [404]&gt;.status_code">backend/tests/test_benevolence_distributions.py:341: in test_health_score_distribution_documentation_criterion
    assert health_resp.status_code == 200, f"Health score failed: {health_resp.text}"
E   AssertionError: Health score failed: {"detail":"Not Found"}
E   assert 404 == 200
E    +  where 404 = &lt;Response [404]&gt;.status_code</failure></testcase><testcase classname="backend.tests.test_benevolence_distributions.TestGovernanceHealthScoreBenevolence" name="test_health_score_benevolence_quality_description" time="0.056"><failure message="assert 404 == 200&#10; +  where 404 = &lt;Response [404]&gt;.status_code">backend/tests/test_benevolence_distributions.py:365: in test_health_score_benevolence_quality_description
    assert health_resp.status_code == 200
E   assert 404 == 200
E    +  where 404 = &lt;Response [404]&gt;.status_code</failure></testcase><testcase classname="backend.tests.test_benevolence_distributions.TestGovernanceHealthScoreBenevolence" name="test_health_score_full_points_with_complete_documentation" time="0.073"><failure message="assert 404 == 200&#10; +  where 404 = &lt;Response [404]&gt;.status_code">backend/tests/test_benevolence_distributions.py:393: in test_health_score_full_points_with_complete_documentation
    assert health_resp.status_code == 200
E   assert 404 == 200
E    +  where 404 = &lt;Response [404]&gt;.status_code</failure></testcase><testcase classname="backend.tests.test_benevolence_distributions.TestBenevolenceCleanup" name="test_cleanup_test_distributions" time="0.387" /></testsuite></testsuites>