<?xml version="1.0" encoding="utf-8"?><testsuites name="pytest tests"><testsuite name="pytest" errors="0" failures="0" skipped="0" tests="33" time="8.975" timestamp="2026-03-02T03:14:57.767136+00:00" hostname="agent-env-51f90744-018f-41c4-89b2-e3fe3bd507c6"><testcase classname="backend.tests.test_benevolence_exports_routers.TestBenevolenceRouter" name="test_get_benevolence_requires_auth" time="0.464" /><testcase classname="backend.tests.test_benevolence_exports_routers.TestBenevolenceRouter" name="test_get_benevolence_returns_list" time="0.109" /><testcase classname="backend.tests.test_benevolence_exports_routers.TestBenevolenceRouter" name="test_create_benevolence_record" time="0.122" /><testcase classname="backend.tests.test_benevolence_exports_routers.TestBenevolenceRouter" name="test_create_and_get_benevolence_record" time="0.386" /><testcase classname="backend.tests.test_benevolence_exports_routers.TestBenevolenceRouter" name="test_update_benevolence_record" time="0.354" /><testcase classname="backend.tests.test_benevolence_exports_routers.TestBenevolenceRouter" name="test_delete_benevolence_record" time="0.349" /><testcase classname="backend.tests.test_benevolence_exports_routers.TestBenevolenceRouter" name="test_delete_benevolence_not_found" time="0.125" /><testcase classname="backend.tests.test_benevolence_exports_routers.TestBenevolenceRouter" name="test_get_benevolence_with_filters" time="0.126" /><testcase classname="backend.tests.test_benevolence_exports_routers.TestBenevolenceRouter" name="test_get_benevolence_summary" time="0.111" /><testcase classname="backend.tests.test_benevolence_exports_routers.TestBenevolenceRouter" name="test_get_benevolence_summary_invalid_trust" time="0.108" /><testcase classname="backend.tests.test_benevolence_exports_routers.TestBenevolenceRouter" name="test_create_benevolence_invalid_trust" time="0.164" /><testcase classname="backend.tests.test_benevolence_exports_routers.TestBenevolencePDFExport" name="test_benevolence_pdf_export_requires_auth" time="0.128" /><testcase classname="backend.tests.test_benevolence_exports_routers.TestBenevolencePDFExport" name="test_benevolence_pdf_export_returns_pdf" time="0.116" /><testcase classname="backend.tests.test_benevolence_exports_routers.TestBenevolencePDFExport" name="test_benevolence_pdf_export_with_year_filter" time="0.113" /><testcase classname="backend.tests.test_benevolence_exports_routers.TestBenevolencePDFExport" name="test_benevolence_pdf_export_invalid_trust" time="0.114" /><testcase classname="backend.tests.test_benevolence_exports_routers.TestExportsRouter" name="test_export_minutes_requires_auth" time="0.123" /><testcase classname="backend.tests.test_benevolence_exports_routers.TestExportsRouter" name="test_export_minutes_premium_feature" time="0.129" /><testcase classname="backend.tests.test_benevolence_exports_routers.TestExportsRouter" name="test_export_distributions_requires_auth" time="0.120" /><testcase classname="backend.tests.test_benevolence_exports_routers.TestExportsRouter" name="test_export_distributions_premium_feature" time="0.124" /><testcase classname="backend.tests.test_benevolence_exports_routers.TestExportsRouter" name="test_export_compensation_requires_auth" time="0.112" /><testcase classname="backend.tests.test_benevolence_exports_routers.TestExportsRouter" name="test_export_compensation_premium_feature" time="0.136" /><testcase classname="backend.tests.test_benevolence_exports_routers.TestExportsRouter" name="test_export_tasks_requires_auth" time="0.160" /><testcase classname="backend.tests.test_benevolence_exports_routers.TestExportsRouter" name="test_export_tasks_premium_feature" time="0.115" /><testcase classname="backend.tests.test_benevolence_exports_routers.TestExportsRouter" name="test_export_with_trust_filter" time="0.120" /><testcase classname="backend.tests.test_benevolence_exports_routers.TestPreviouslyMigratedRouters" name="test_schedule_a_list_still_works" time="0.150" /><testcase classname="backend.tests.test_benevolence_exports_routers.TestPreviouslyMigratedRouters" name="test_schedule_a_summary_still_works" time="0.119" /><testcase classname="backend.tests.test_benevolence_exports_routers.TestPreviouslyMigratedRouters" name="test_compensation_plans_still_works" time="0.124" /><testcase classname="backend.tests.test_benevolence_exports_routers.TestPreviouslyMigratedRouters" name="test_compensation_payments_still_works" time="0.130" /><testcase classname="backend.tests.test_benevolence_exports_routers.TestPreviouslyMigratedRouters" name="test_compensation_ytd_still_works" time="0.112" /><testcase classname="backend.tests.test_benevolence_exports_routers.TestPreviouslyMigratedRouters" name="test_subscription_state_still_works" time="0.114" /><testcase classname="backend.tests.test_benevolence_exports_routers.TestPreviouslyMigratedRouters" name="test_subscription_features_still_works" time="0.121" /><testcase classname="backend.tests.test_benevolence_exports_routers.TestRouterIntegration" name="test_all_migrated_routers_respond" time="3.362" /><testcase classname="backend.tests.test_benevolence_exports_routers.TestRouterIntegration" name="test_router_includes_correct_prefix" time="0.681" /></testsuite></testsuites>