<?xml version="1.0" encoding="utf-8"?><testsuites name="pytest tests"><testsuite name="pytest" errors="0" failures="0" skipped="0" tests="11" time="1.347" timestamp="2026-03-02T01:42:45.238004+00:00" hostname="agent-env-b30b792e-fc57-4233-87d8-f430a0fe77c1"><testcase classname="backend.tests.test_benevolence_log.TestBenevolenceLogEndpoint" name="test_benevolence_log_returns_200" time="0.531" /><testcase classname="backend.tests.test_benevolence_log.TestBenevolenceLogEndpoint" name="test_benevolence_log_response_structure" time="0.055" /><testcase classname="backend.tests.test_benevolence_log.TestBenevolenceLogEndpoint" name="test_distributions_contain_benevolence_fields" time="0.084" /><testcase classname="backend.tests.test_benevolence_log.TestBenevolenceLogEndpoint" name="test_monthly_aggregates_format" time="0.069" /><testcase classname="backend.tests.test_benevolence_log.TestBenevolenceLogEndpoint" name="test_yearly_aggregates_format" time="0.056" /><testcase classname="backend.tests.test_benevolence_log.TestDistributionsBenevolenceToggle" name="test_create_benevolence_distribution" time="0.213" /><testcase classname="backend.tests.test_benevolence_log.TestDistributionsBenevolenceToggle" name="test_benevolence_requires_recipient_name" time="0.053" /><testcase classname="backend.tests.test_benevolence_log.TestDistributionsBenevolenceToggle" name="test_benevolence_requires_need_description" time="0.065" /><testcase classname="backend.tests.test_benevolence_log.TestGovernanceInsightsBenevolenceRouting" name="test_dashboard_governance_insights_structure" time="0.065" /><testcase classname="backend.tests.test_benevolence_log.TestGovernanceInsightsBenevolenceRouting" name="test_health_score_criterion_description" time="0.062" /><testcase classname="backend.tests.test_benevolence_log.TestCategoriesEndpoint" name="test_categories_returns_purpose_classifications" time="0.055" /></testsuite></testsuites>