<?xml version="1.0" encoding="utf-8"?><testsuites name="pytest tests"><testsuite name="pytest" errors="0" failures="1" skipped="0" tests="33" time="7.609" timestamp="2026-03-02T03:14:33.928226+00:00" hostname="agent-env-51f90744-018f-41c4-89b2-e3fe3bd507c6"><testcase classname="backend.tests.test_benevolence_exports_routers.TestBenevolenceRouter" name="test_get_benevolence_requires_auth" time="0.558" /><testcase classname="backend.tests.test_benevolence_exports_routers.TestBenevolenceRouter" name="test_get_benevolence_returns_list" time="0.146" /><testcase classname="backend.tests.test_benevolence_exports_routers.TestBenevolenceRouter" name="test_create_benevolence_record" time="0.167" /><testcase classname="backend.tests.test_benevolence_exports_routers.TestBenevolenceRouter" name="test_create_and_get_benevolence_record" time="0.357" /><testcase classname="backend.tests.test_benevolence_exports_routers.TestBenevolenceRouter" name="test_update_benevolence_record" time="0.373" /><testcase classname="backend.tests.test_benevolence_exports_routers.TestBenevolenceRouter" name="test_delete_benevolence_record" time="0.343" /><testcase classname="backend.tests.test_benevolence_exports_routers.TestBenevolenceRouter" name="test_delete_benevolence_not_found" time="0.131" /><testcase classname="backend.tests.test_benevolence_exports_routers.TestBenevolenceRouter" name="test_get_benevolence_with_filters" time="0.120" /><testcase classname="backend.tests.test_benevolence_exports_routers.TestBenevolenceRouter" name="test_get_benevolence_summary" time="0.118" /><testcase classname="backend.tests.test_benevolence_exports_routers.TestBenevolenceRouter" name="test_get_benevolence_summary_invalid_trust" time="0.111" /><testcase classname="backend.tests.test_benevolence_exports_routers.TestBenevolenceRouter" name="test_create_benevolence_invalid_trust" time="0.108" /><testcase classname="backend.tests.test_benevolence_exports_routers.TestBenevolencePDFExport" name="test_benevolence_pdf_export_requires_auth" time="0.114" /><testcase classname="backend.tests.test_benevolence_exports_routers.TestBenevolencePDFExport" name="test_benevolence_pdf_export_returns_pdf" time="0.122" /><testcase classname="backend.tests.test_benevolence_exports_routers.TestBenevolencePDFExport" name="test_benevolence_pdf_export_with_year_filter" time="0.110" /><testcase classname="backend.tests.test_benevolence_exports_routers.TestBenevolencePDFExport" name="test_benevolence_pdf_export_invalid_trust" time="0.108" /><testcase classname="backend.tests.test_benevolence_exports_routers.TestExportsRouter" name="test_export_minutes_requires_auth" time="0.104" /><testcase classname="backend.tests.test_benevolence_exports_routers.TestExportsRouter" name="test_export_minutes_premium_feature" time="0.293" /><testcase classname="backend.tests.test_benevolence_exports_routers.TestExportsRouter" name="test_export_distributions_requires_auth" time="0.139" /><testcase classname="backend.tests.test_benevolence_exports_routers.TestExportsRouter" name="test_export_distributions_premium_feature" time="0.505" /><testcase classname="backend.tests.test_benevolence_exports_routers.TestExportsRouter" name="test_export_compensation_requires_auth" time="0.116" /><testcase classname="backend.tests.test_benevolence_exports_routers.TestExportsRouter" name="test_export_compensation_premium_feature" time="0.121" /><testcase classname="backend.tests.test_benevolence_exports_routers.TestExportsRouter" name="test_export_tasks_requires_auth" time="0.155" /><testcase classname="backend.tests.test_benevolence_exports_routers.TestExportsRouter" name="test_export_tasks_premium_feature" time="0.123" /><testcase classname="backend.tests.test_benevolence_exports_routers.TestExportsRouter" name="test_export_with_trust_filter" time="0.118" /><testcase classname="backend.tests.test_benevolence_exports_routers.TestPreviouslyMigratedRouters" name="test_schedule_a_list_still_works" time="0.105" /><testcase classname="backend.tests.test_benevolence_exports_routers.TestPreviouslyMigratedRouters" name="test_schedule_a_summary_still_works" time="0.120" /><testcase classname="backend.tests.test_benevolence_exports_routers.TestPreviouslyMigratedRouters" name="test_compensation_plans_still_works" time="0.156" /><testcase classname="backend.tests.test_benevolence_exports_routers.TestPreviouslyMigratedRouters" name="test_compensation_payments_still_works" time="0.129" /><testcase classname="backend.tests.test_benevolence_exports_routers.TestPreviouslyMigratedRouters" name="test_compensation_ytd_still_works" time="0.115"><failure message="AssertionError: assert 'ytd_paid' in {'annual_approved': 24000, 'exceeds_plan': False, 'remaining': 24000, 'ytd_total': 0}">backend/tests/test_benevolence_exports_routers.py:493: in test_compensation_ytd_still_works
    assert "ytd_paid" in data
E   AssertionError: assert 'ytd_paid' in {'annual_approved': 24000, 'exceeds_plan': False, 'remaining': 24000, 'ytd_total': 0}</failure></testcase><testcase classname="backend.tests.test_benevolence_exports_routers.TestPreviouslyMigratedRouters" name="test_subscription_state_still_works" time="0.116" /><testcase classname="backend.tests.test_benevolence_exports_routers.TestPreviouslyMigratedRouters" name="test_subscription_features_still_works" time="0.132" /><testcase classname="backend.tests.test_benevolence_exports_routers.TestRouterIntegration" name="test_all_migrated_routers_respond" time="1.395" /><testcase classname="backend.tests.test_benevolence_exports_routers.TestRouterIntegration" name="test_router_includes_correct_prefix" time="0.587" /></testsuite></testsuites>