<?xml version="1.0" encoding="utf-8"?><testsuites name="pytest tests"><testsuite name="pytest" errors="0" failures="0" skipped="0" tests="12" time="6.593" timestamp="2026-02-24T13:31:16.243165+00:00" hostname="agent-env-04e7f7d0-886c-4a0c-937e-cf6b592381cb"><testcase classname="backend.tests.test_benevolence.TestBenevolenceFeature" name="test_get_trust_shows_benevolence_enabled" time="0.549" /><testcase classname="backend.tests.test_benevolence.TestBenevolenceFeature" name="test_update_trust_benevolence_toggle" time="0.589" /><testcase classname="backend.tests.test_benevolence.TestBenevolenceFeature" name="test_update_trust_tax_status" time="0.477" /><testcase classname="backend.tests.test_benevolence.TestBenevolenceFeature" name="test_template_options_shows_benevolence_when_enabled" time="0.478" /><testcase classname="backend.tests.test_benevolence.TestBenevolenceFeature" name="test_template_options_hides_benevolence_when_disabled" time="0.535" /><testcase classname="backend.tests.test_benevolence.TestBenevolenceFeature" name="test_get_benevolence_records_success" time="0.471" /><testcase classname="backend.tests.test_benevolence.TestBenevolenceFeature" name="test_create_benevolence_record_success" time="0.532" /><testcase classname="backend.tests.test_benevolence.TestBenevolenceFeature" name="test_create_benevolence_fails_when_disabled" time="0.571" /><testcase classname="backend.tests.test_benevolence.TestBenevolenceFeature" name="test_get_benevolence_with_filters" time="0.573" /><testcase classname="backend.tests.test_benevolence.TestBenevolenceFeature" name="test_get_benevolence_summary" time="0.445" /><testcase classname="backend.tests.test_benevolence.TestBenevolenceFeature" name="test_get_benevolence_summary_invalid_trust" time="0.482" /><testcase classname="backend.tests.test_benevolence.TestBenevolenceFeature" name="test_benevolence_full_crud_flow" time="0.849" /></testsuite></testsuites>