<?xml version="1.0" encoding="utf-8"?><testsuites name="pytest tests"><testsuite name="pytest" errors="0" failures="0" skipped="0" tests="14" time="7.735" timestamp="2026-03-02T16:40:00.533273+00:00" hostname="agent-env-9e1700f0-16b3-4ef1-931f-8c06ac344f20"><testcase classname="backend.tests.test_bidirectional_governance.TestBidirectionalGovernanceFlow" name="test_search_minutes_basic" time="0.499" /><testcase classname="backend.tests.test_bidirectional_governance.TestBidirectionalGovernanceFlow" name="test_search_minutes_with_type_filter" time="0.448" /><testcase classname="backend.tests.test_bidirectional_governance.TestBidirectionalGovernanceFlow" name="test_search_minutes_with_query" time="0.499" /><testcase classname="backend.tests.test_bidirectional_governance.TestBidirectionalGovernanceFlow" name="test_search_minutes_without_auth_returns_401" time="0.591" /><testcase classname="backend.tests.test_bidirectional_governance.TestBidirectionalGovernanceFlow" name="test_save_guided_minutes_with_distribution_record" time="0.462" /><testcase classname="backend.tests.test_bidirectional_governance.TestBidirectionalGovernanceFlow" name="test_save_guided_minutes_with_compensation_record" time="0.549" /><testcase classname="backend.tests.test_bidirectional_governance.TestBidirectionalGovernanceFlow" name="test_save_guided_minutes_with_multiple_record_types" time="0.590" /><testcase classname="backend.tests.test_bidirectional_governance.TestBidirectionalGovernanceFlow" name="test_save_guided_minutes_with_benevolence_record" time="0.480" /><testcase classname="backend.tests.test_bidirectional_governance.TestBidirectionalGovernanceFlow" name="test_attach_minutes_to_distribution" time="0.658" /><testcase classname="backend.tests.test_bidirectional_governance.TestBidirectionalGovernanceFlow" name="test_attach_minutes_to_distribution_invalid_minutes_returns_404" time="0.592" /><testcase classname="backend.tests.test_bidirectional_governance.TestBidirectionalGovernanceFlow" name="test_attach_minutes_to_distribution_missing_minutes_id_returns_400" time="0.607" /><testcase classname="backend.tests.test_bidirectional_governance.TestBidirectionalGovernanceFlow" name="test_attach_minutes_to_compensation" time="0.618" /><testcase classname="backend.tests.test_bidirectional_governance.TestBidirectionalGovernanceFlow" name="test_attach_minutes_to_benevolence" time="0.594" /><testcase classname="backend.tests.test_bidirectional_governance.TestDistributionsMinutesColumn" name="test_get_distributions_includes_minutes_record_id" time="0.498" /></testsuite></testsuites>