<?xml version="1.0" encoding="utf-8"?><testsuites name="pytest tests"><testsuite name="pytest" errors="0" failures="0" skipped="4" tests="7" time="3.218" timestamp="2026-03-02T00:51:43.638305+00:00" hostname="agent-env-b30b792e-fc57-4233-87d8-f430a0fe77c1"><testcase classname="backend.tests.test_bootstrap_from_minutes.TestBootstrapFromMinutesEndpoint" name="test_wrong_template_type_returns_400" time="0.457" /><testcase classname="backend.tests.test_bootstrap_from_minutes.TestBootstrapFromMinutesEndpoint" name="test_duplicate_creation_returns_400" time="0.405" /><testcase classname="backend.tests.test_bootstrap_from_minutes.TestBootstrapFromMinutesEndpoint" name="test_nonexistent_minutes_returns_404" time="0.412" /><testcase classname="backend.tests.test_bootstrap_from_minutes.TestBootstrapFromMinutesEndpoint" name="test_successful_bootstrap_with_fresh_minutes" time="0.572"><skipped type="pytest.skip" message="Could not create test minutes: 200 - {&quot;minutes_id&quot;:&quot;min_840f5d2107a0&quot;,&quot;trust_id&quot;:&quot;trust_b753cb8fe07f&quot;,&quot;template_type&quot;:&quot;designation_of_beneficiaries&quot;,&quot;template_data&quot;:{&quot;minute_number&quot;:&quot;TEST-90b862&quot;,&quot;meeting_date&quot;:&quot;2026-03-02&quot;,&quot;meeting_time&quot;:&quot;10:00 AM&quot;,&quot;meeting_location&quot;:&quot;Test Location&quot;,&quot;meeting_type&quot;:&quot;unanimous_written_consent&quot;,&quot;trustees_present&quot;:[&quot;Test Trustee&quot;],&quot;total_units&quot;:100,&quot;beneficiaries&quot;:[{&quot;name&quot;:&quot;Test Beneficiary A 90b862&quot;,&quot;units&quot;:3,&quot;relationship&quot;:&quot;child&quot;},{&quot;name&quot;:&quot;Test Beneficiary B 90b862&quot;,&quot;units&quot;:3,&quot;relationship&quot;:&quot;spouse&quot;}]},&quot;generated_document&quot;:&quot;TRUST MINUTES\nPrivate Irrevocable Ecclesiastical Trust\n\nTrust Name: Smith Family Trust\nMinute Number: TEST-90b862\nDate of Meeting: 2026-03-02\nTime: 10:00 AM\nLocation: By unanimous written consent without meeting\n\n═══════════════════════════════════════════════════════════════════════════════\n\nTRUSTEES PRESENT\n\n• Test Trustee, Trustee\n\nQuorum: YES\n\n═══════════════════════════════════════════════════════════════════════════════\n\nOPENING STATEMENT\n\nThe Trustees, acting in their fiduciary capacity and not in any personal capacity, convened this meeting to conduct the business of the Trust in accordance with the Declaration and Indenture of Private Irrevocable Trust dated [Date of Trust Indenture], and the principles of Natural Law, Common Law, Equity, and Ecclesiastical Jurisdiction declared therein.\n\nAll Trustees present affirm they are acting as living men and women in private capacity, and not as surety, representative, or accommodation party for any artificial PERSON or all-capital-letter NAME.\n\n═══════════════════════════════════════════════════════════════════════════════\n\nMATTERS CONSIDERED AND RESOLUTIONS ADOPTED\n\nResolution 1: Designation of Beneficiaries and Units of Beneficial Interest\n\nWHEREAS, the Trust Indenture provides for the designation of Beneficiaries and the allocation of Units of Beneficial Interest by the Board of Trustees;\n\nWHEREAS, the Trustees desire to establish the initial designation of Beneficiaries and allocation of beneficial interests;\n\nNOW, THEREFORE, BE IT RESOLVED that the Board of Trustees hereby designates the following as Beneficiaries of this Trust and allocates Units of Beneficial Interest as follows:\n\n    • Test Beneficiary A 90b862 (child): 3 Units (0% beneficial interest)\n    • Test Beneficiary B 90b862 (spouse): 3 Units (0% beneficial interest)\n\nTotal Units of Beneficial Interest: 100 Units (100%)\n\nBE IT FURTHER RESOLVED that:\n\n• The above designations shall be effective immediately and shall supersede any prior designation of beneficiaries.\n\n• Each Beneficiary's interest is subject to all terms and conditions of the Trust Indenture, including any spendthrift provisions.\n\n• The Trustees reserve the right to amend, modify, or revoke these designations at any time in accordance with the Trust Indenture.\n\nVote: Unanimous approval\nRequires unanimous consent per Indenture: YES\nEffective Date: Immediately upon adoption\n\n\n═══════════════════════════════════════════════════════════════════════════════\n\nADJOURNMENT\n\nThere being no further business to come before the Board of Trustees, the meeting was adjourned at 10:00 AM.\n\n═══════════════════════════════════════════════════════════════════════════════\n\nCERTIFICATION AND AUTHENTICATION\n\nThe undersigned Trustees hereby certify that the foregoing Minutes constitute a true, accurate, and complete record of the meeting and resolutions adopted, and that all decisions recorded herein were made in good faith, in accordance with the Trust Indenture, and for the benefit of the Trust and its Beneficiaries.\n\nThese Trust Minutes are executed in the private capacity of the Trustees as living men and women, and not as surety, representative, or accommodation party for any artificial PERSON or all-capital-letter NAME.\n\nAll Trust Minutes and records are private and confidential, held under Common Law Copyright, and are not to be disclosed to any third party except as unanimously authorized by the Board of Trustees.\n\n═══════════════════════════════════════════════════════════════════════════════\n\nTRUSTEE SIGNATURES\n\n\nTrustee: Test Trustee\nSignature: _____________________________________\nDate: _________________\n\n\n═══════════════════════════════════════════════════════════════════════════════\n\nEND OF TRUST MINUTES\nSmith Family Trust – Private Trust Minutes – Common Law Copyright – Not for Public Disclosure\n&quot;,&quot;original_document&quot;:&quot;TRUST MINUTES\nPrivate Irrevocable Ecclesiastical Trust\n\nTrust Name: Smith Family Trust\nMinute Number: TEST-90b862\nDate of Meeting: 2026-03-02\nTime: 10:00 AM\nLocation: By unanimous written consent without meeting\n\n═══════════════════════════════════════════════════════════════════════════════\n\nTRUSTEES PRESENT\n\n• Test Trustee, Trustee\n\nQuorum: YES\n\n═══════════════════════════════════════════════════════════════════════════════\n\nOPENING STATEMENT\n\nThe Trustees, acting in their fiduciary capacity and not in any personal capacity, convened this meeting to conduct the business of the Trust in accordance with the Declaration and Indenture of Private Irrevocable Trust dated [Date of Trust Indenture], and the principles of Natural Law, Common Law, Equity, and Ecclesiastical Jurisdiction declared therein.\n\nAll Trustees present affirm they are acting as living men and women in private capacity, and not as surety, representative, or accommodation party for any artificial PERSON or all-capital-letter NAME.\n\n═══════════════════════════════════════════════════════════════════════════════\n\nMATTERS CONSIDERED AND RESOLUTIONS ADOPTED\n\nResolution 1: Designation of Beneficiaries and Units of Beneficial Interest\n\nWHEREAS, the Trust Indenture provides for the designation of Beneficiaries and the allocation of Units of Beneficial Interest by the Board of Trustees;\n\nWHEREAS, the Trustees desire to establish the initial designation of Beneficiaries and allocation of beneficial interests;\n\nNOW, THEREFORE, BE IT RESOLVED that the Board of Trustees hereby designates the following as Beneficiaries of this Trust and allocates Units of Beneficial Interest as follows:\n\n    • Test Beneficiary A 90b862 (child): 3 Units (0% beneficial interest)\n    • Test Beneficiary B 90b862 (spouse): 3 Units (0% beneficial interest)\n\nTotal Units of Beneficial Interest: 100 Units (100%)\n\nBE IT FURTHER RESOLVED that:\n\n• The above designations shall be effective immediately and shall supersede any prior designation of beneficiaries.\n\n• Each Beneficiary's interest is subject to all terms and conditions of the Trust Indenture, including any spendthrift provisions.\n\n• The Trustees reserve the right to amend, modify, or revoke these designations at any time in accordance with the Trust Indenture.\n\nVote: Unanimous approval\nRequires unanimous consent per Indenture: YES\nEffective Date: Immediately upon adoption\n\n\n═══════════════════════════════════════════════════════════════════════════════\n\nADJOURNMENT\n\nThere being no further business to come before the Board of Trustees, the meeting was adjourned at 10:00 AM.\n\n═══════════════════════════════════════════════════════════════════════════════\n\nCERTIFICATION AND AUTHENTICATION\n\nThe undersigned Trustees hereby certify that the foregoing Minutes constitute a true, accurate, and complete record of the meeting and resolutions adopted, and that all decisions recorded herein were made in good faith, in accordance with the Trust Indenture, and for the benefit of the Trust and its Beneficiaries.\n\nThese Trust Minutes are executed in the private capacity of the Trustees as living men and women, and not as surety, representative, or accommodation party for any artificial PERSON or all-capital-letter NAME.\n\nAll Trust Minutes and records are private and confidential, held under Common Law Copyright, and are not to be disclosed to any third party except as unanimously authorized by the Board of Trustees.\n\n═══════════════════════════════════════════════════════════════════════════════\n\nTRUSTEE SIGNATURES\n\n\nTrustee: Test Trustee\nSignature: _____________________________________\nDate: _________________\n\n\n═══════════════════════════════════════════════════════════════════════════════\n\nEND OF TRUST MINUTES\nSmith Family Trust – Private Trust Minutes – Common Law Copyright – Not for Public Disclosure\n&quot;,&quot;meeting_date&quot;:&quot;2026-03-02&quot;,&quot;status&quot;:&quot;draft&quot;,&quot;created_at&quot;:&quot;2026-03-02T00:51:45.484996+00:00&quot;,&quot;updated_at&quot;:null,&quot;updated_by&quot;:null}">/app/backend/tests/test_bootstrap_from_minutes.py:159: Could not create test minutes: 200 - {"minutes_id":"min_840f5d2107a0","trust_id":"trust_b753cb8fe07f","template_type":"designation_of_beneficiaries","template_data":{"minute_number":"TEST-90b862","meeting_date":"2026-03-02","meeting_time":"10:00 AM","meeting_location":"Test Location","meeting_type":"unanimous_written_consent","trustees_present":["Test Trustee"],"total_units":100,"beneficiaries":[{"name":"Test Beneficiary A 90b862","units":3,"relationship":"child"},{"name":"Test Beneficiary B 90b862","units":3,"relationship":"spouse"}]},"generated_document":"TRUST MINUTES\nPrivate Irrevocable Ecclesiastical Trust\n\nTrust Name: Smith Family Trust\nMinute Number: TEST-90b862\nDate of Meeting: 2026-03-02\nTime: 10:00 AM\nLocation: By unanimous written consent without meeting\n\n═══════════════════════════════════════════════════════════════════════════════\n\nTRUSTEES PRESENT\n\n• Test Trustee, Trustee\n\nQuorum: YES\n\n═══════════════════════════════════════════════════════════════════════════════\n\nOPENING STATEMENT\n\nThe Trustees, acting in their fiduciary capacity and not in any personal capacity, convened this meeting to conduct the business of the Trust in accordance with the Declaration and Indenture of Private Irrevocable Trust dated [Date of Trust Indenture], and the principles of Natural Law, Common Law, Equity, and Ecclesiastical Jurisdiction declared therein.\n\nAll Trustees present affirm they are acting as living men and women in private capacity, and not as surety, representative, or accommodation party for any artificial PERSON or all-capital-letter NAME.\n\n═══════════════════════════════════════════════════════════════════════════════\n\nMATTERS CONSIDERED AND RESOLUTIONS ADOPTED\n\nResolution 1: Designation of Beneficiaries and Units of Beneficial Interest\n\nWHEREAS, the Trust Indenture provides for the designation of Beneficiaries and the allocation of Units of Beneficial Interest by the Board of Trustees;\n\nWHEREAS, the Trustees desire to establish the initial designation of Beneficiaries and allocation of beneficial interests;\n\nNOW, THEREFORE, BE IT RESOLVED that the Board of Trustees hereby designates the following as Beneficiaries of this Trust and allocates Units of Beneficial Interest as follows:\n\n    • Test Beneficiary A 90b862 (child): 3 Units (0% beneficial interest)\n    • Test Beneficiary B 90b862 (spouse): 3 Units (0% beneficial interest)\n\nTotal Units of Beneficial Interest: 100 Units (100%)\n\nBE IT FURTHER RESOLVED that:\n\n• The above designations shall be effective immediately and shall supersede any prior designation of beneficiaries.\n\n• Each Beneficiary's interest is subject to all terms and conditions of the Trust Indenture, including any spendthrift provisions.\n\n• The Trustees reserve the right to amend, modify, or revoke these designations at any time in accordance with the Trust Indenture.\n\nVote: Unanimous approval\nRequires unanimous consent per Indenture: YES\nEffective Date: Immediately upon adoption\n\n\n═══════════════════════════════════════════════════════════════════════════════\n\nADJOURNMENT\n\nThere being no further business to come before the Board of Trustees, the meeting was adjourned at 10:00 AM.\n\n═══════════════════════════════════════════════════════════════════════════════\n\nCERTIFICATION AND AUTHENTICATION\n\nThe undersigned Trustees hereby certify that the foregoing Minutes constitute a true, accurate, and complete record of the meeting and resolutions adopted, and that all decisions recorded herein were made in good faith, in accordance with the Trust Indenture, and for the benefit of the Trust and its Beneficiaries.\n\nThese Trust Minutes are executed in the private capacity of the Trustees as living men and women, and not as surety, representative, or accommodation party for any artificial PERSON or all-capital-letter NAME.\n\nAll Trust Minutes and records are private and confidential, held under Common Law Copyright, and are not to be disclosed to any third party except as unanimously authorized by the Board of Trustees.\n\n═══════════════════════════════════════════════════════════════════════════════\n\nTRUSTEE SIGNATURES\n\n\nTrustee: Test Trustee\nSignature: _____________________________________\nDate: _________________\n\n\n═══════════════════════════════════════════════════════════════════════════════\n\nEND OF TRUST MINUTES\nSmith Family Trust – Private Trust Minutes – Common Law Copyright – Not for Public Disclosure\n","original_document":"TRUST MINUTES\nPrivate Irrevocable Ecclesiastical Trust\n\nTrust Name: Smith Family Trust\nMinute Number: TEST-90b862\nDate of Meeting: 2026-03-02\nTime: 10:00 AM\nLocation: By unanimous written consent without meeting\n\n═══════════════════════════════════════════════════════════════════════════════\n\nTRUSTEES PRESENT\n\n• Test Trustee, Trustee\n\nQuorum: YES\n\n═══════════════════════════════════════════════════════════════════════════════\n\nOPENING STATEMENT\n\nThe Trustees, acting in their fiduciary capacity and not in any personal capacity, convened this meeting to conduct the business of the Trust in accordance with the Declaration and Indenture of Private Irrevocable Trust dated [Date of Trust Indenture], and the principles of Natural Law, Common Law, Equity, and Ecclesiastical Jurisdiction declared therein.\n\nAll Trustees present affirm they are acting as living men and women in private capacity, and not as surety, representative, or accommodation party for any artificial PERSON or all-capital-letter NAME.\n\n═══════════════════════════════════════════════════════════════════════════════\n\nMATTERS CONSIDERED AND RESOLUTIONS ADOPTED\n\nResolution 1: Designation of Beneficiaries and Units of Beneficial Interest\n\nWHEREAS, the Trust Indenture provides for the designation of Beneficiaries and the allocation of Units of Beneficial Interest by the Board of Trustees;\n\nWHEREAS, the Trustees desire to establish the initial designation of Beneficiaries and allocation of beneficial interests;\n\nNOW, THEREFORE, BE IT RESOLVED that the Board of Trustees hereby designates the following as Beneficiaries of this Trust and allocates Units of Beneficial Interest as follows:\n\n    • Test Beneficiary A 90b862 (child): 3 Units (0% beneficial interest)\n    • Test Beneficiary B 90b862 (spouse): 3 Units (0% beneficial interest)\n\nTotal Units of Beneficial Interest: 100 Units (100%)\n\nBE IT FURTHER RESOLVED that:\n\n• The above designations shall be effective immediately and shall supersede any prior designation of beneficiaries.\n\n• Each Beneficiary's interest is subject to all terms and conditions of the Trust Indenture, including any spendthrift provisions.\n\n• The Trustees reserve the right to amend, modify, or revoke these designations at any time in accordance with the Trust Indenture.\n\nVote: Unanimous approval\nRequires unanimous consent per Indenture: YES\nEffective Date: Immediately upon adoption\n\n\n═══════════════════════════════════════════════════════════════════════════════\n\nADJOURNMENT\n\nThere being no further business to come before the Board of Trustees, the meeting was adjourned at 10:00 AM.\n\n═══════════════════════════════════════════════════════════════════════════════\n\nCERTIFICATION AND AUTHENTICATION\n\nThe undersigned Trustees hereby certify that the foregoing Minutes constitute a true, accurate, and complete record of the meeting and resolutions adopted, and that all decisions recorded herein were made in good faith, in accordance with the Trust Indenture, and for the benefit of the Trust and its Beneficiaries.\n\nThese Trust Minutes are executed in the private capacity of the Trustees as living men and women, and not as surety, representative, or accommodation party for any artificial PERSON or all-capital-letter NAME.\n\nAll Trust Minutes and records are private and confidential, held under Common Law Copyright, and are not to be disclosed to any third party except as unanimously authorized by the Board of Trustees.\n\n═══════════════════════════════════════════════════════════════════════════════\n\nTRUSTEE SIGNATURES\n\n\nTrustee: Test Trustee\nSignature: _____________________________________\nDate: _________________\n\n\n═══════════════════════════════════════════════════════════════════════════════\n\nEND OF TRUST MINUTES\nSmith Family Trust – Private Trust Minutes – Common Law Copyright – Not for Public Disclosure\n","meeting_date":"2026-03-02","status":"draft","created_at":"2026-03-02T00:51:45.484996+00:00","updated_at":null,"updated_by":null}</skipped></testcase><testcase classname="backend.tests.test_bootstrap_from_minutes.TestBootstrapEdgeCases" name="test_bootstrap_with_empty_beneficiaries_returns_400" time="0.397"><skipped type="pytest.skip" message="Could not create test minutes: 200">/app/backend/tests/test_bootstrap_from_minutes.py:293: Could not create test minutes: 200</skipped></testcase><testcase classname="backend.tests.test_bootstrap_from_minutes.TestBootstrapEdgeCases" name="test_bootstrap_with_zero_units_beneficiary_skipped" time="0.465"><skipped type="pytest.skip" message="Could not create test minutes: 200">/app/backend/tests/test_bootstrap_from_minutes.py:353: Could not create test minutes: 200</skipped></testcase><testcase classname="backend.tests.test_bootstrap_from_minutes.TestBootstrapResponseFields" name="test_response_contains_all_required_fields" time="0.464"><skipped type="pytest.skip" message="Could not create test minutes: 200">/app/backend/tests/test_bootstrap_from_minutes.py:439: Could not create test minutes: 200</skipped></testcase></testsuite></testsuites>