<?xml version="1.0" encoding="utf-8"?><testsuites name="pytest tests"><testsuite name="pytest" errors="0" failures="0" skipped="1" tests="7" time="3.356" timestamp="2026-03-02T00:52:12.260720+00:00" hostname="agent-env-b30b792e-fc57-4233-87d8-f430a0fe77c1"><testcase classname="backend.tests.test_bootstrap_from_minutes.TestBootstrapFromMinutesEndpoint" name="test_wrong_template_type_returns_400" time="0.451" /><testcase classname="backend.tests.test_bootstrap_from_minutes.TestBootstrapFromMinutesEndpoint" name="test_duplicate_creation_returns_400" time="0.376" /><testcase classname="backend.tests.test_bootstrap_from_minutes.TestBootstrapFromMinutesEndpoint" name="test_nonexistent_minutes_returns_404" time="0.419" /><testcase classname="backend.tests.test_bootstrap_from_minutes.TestBootstrapFromMinutesEndpoint" name="test_successful_bootstrap_with_fresh_minutes" time="0.614" /><testcase classname="backend.tests.test_bootstrap_from_minutes.TestBootstrapEdgeCases" name="test_bootstrap_with_empty_beneficiaries_returns_400" time="0.512" /><testcase classname="backend.tests.test_bootstrap_from_minutes.TestBootstrapEdgeCases" name="test_bootstrap_with_zero_units_beneficiary_skipped" time="0.519" /><testcase classname="backend.tests.test_bootstrap_from_minutes.TestBootstrapResponseFields" name="test_response_contains_all_required_fields" time="0.420"><skipped type="pytest.skip" message="Not enough remaining units (1.0). Need at least 2 units.">/app/backend/tests/test_bootstrap_from_minutes.py:410: Not enough remaining units (1.0). Need at least 2 units.</skipped></testcase></testsuite></testsuites>