<?xml version="1.0" encoding="utf-8"?><testsuites name="pytest tests"><testsuite name="pytest" errors="0" failures="0" skipped="0" tests="14" time="5.138" timestamp="2026-03-02T15:26:37.330432+00:00" hostname="agent-env-1d6c22a5-0e25-4b81-aba3-21d2b41cd6d5"><testcase classname="backend.tests.test_compensation_refactoring.TestCompensationYTD" name="test_ytd_endpoint_returns_required_fields" time="0.609" /><testcase classname="backend.tests.test_compensation_refactoring.TestCompensationYTD" name="test_ytd_with_year_parameter" time="0.056" /><testcase classname="backend.tests.test_compensation_refactoring.TestCompensationPrimaryPlan" name="test_get_primary_plan" time="0.475" /><testcase classname="backend.tests.test_compensation_refactoring.TestCompensationPrimaryPlan" name="test_get_primary_plan_with_year" time="0.050" /><testcase classname="backend.tests.test_compensation_refactoring.TestCompensationPlanCreate" name="test_create_primary_plan" time="0.542" /><testcase classname="backend.tests.test_compensation_refactoring.TestCompensationPlanCreate" name="test_create_trustee_specific_plan" time="0.115" /><testcase classname="backend.tests.test_compensation_refactoring.TestCompensationPlanCreate" name="test_auto_primary_determination" time="0.185" /><testcase classname="backend.tests.test_compensation_refactoring.TestCompensationPlanUpdate" name="test_update_plan_amount" time="0.716" /><testcase classname="backend.tests.test_compensation_refactoring.TestCompensationPlanUpdate" name="test_update_plan_to_primary" time="0.184" /><testcase classname="backend.tests.test_compensation_refactoring.TestCompensationPlanDelete" name="test_delete_plan" time="0.801" /><testcase classname="backend.tests.test_compensation_refactoring.TestCompensationPlanDelete" name="test_delete_nonexistent_plan" time="0.056" /><testcase classname="backend.tests.test_compensation_refactoring.TestCompensationPaymentExceedsPlan" name="test_payment_within_plan" time="0.699" /><testcase classname="backend.tests.test_compensation_refactoring.TestCompensationPaymentExceedsPlan" name="test_payment_response_has_exceeds_flag" time="0.133" /><testcase classname="backend.tests.test_compensation_refactoring.TestCompensationPaymentsList" name="test_payments_list_includes_exceeds_flag" time="0.458" /></testsuite></testsuites>