<?xml version="1.0" encoding="utf-8"?><testsuites name="pytest tests"><testsuite name="pytest" errors="0" failures="1" skipped="0" tests="12" time="6.058" timestamp="2026-03-02T04:47:35.257429+00:00" hostname="agent-env-3d54c223-04f9-4dfb-a95d-0a28eddb5ea7"><testcase classname="backend.tests.test_demo_forever_free.TestDemoEndpoints" name="test_demo_status_endpoint" time="0.494" /><testcase classname="backend.tests.test_demo_forever_free.TestDemoEndpoints" name="test_demo_status_requires_auth" time="0.437" /><testcase classname="backend.tests.test_demo_forever_free.TestDemoEndpoints" name="test_demo_seed_endpoint" time="0.382" /><testcase classname="backend.tests.test_demo_forever_free.TestDemoEndpoints" name="test_demo_seed_requires_auth" time="0.436" /><testcase classname="backend.tests.test_demo_forever_free.TestDeleteDemoData" name="test_delete_data_endpoint_exists" time="1.000" /><testcase classname="backend.tests.test_demo_forever_free.TestDeleteDemoData" name="test_delete_data_requires_auth" time="0.496" /><testcase classname="backend.tests.test_demo_forever_free.TestForeverFreeAccount" name="test_forever_free_subscription_status" time="0.381"><failure message="AssertionError: is_read_only should be False&#10;assert None == False&#10; +  where None = &lt;built-in method get of dict object at 0xfcddab2d5980&gt;('is_read_only')&#10; +    where &lt;built-in method get of dict object at 0xfcddab2d5980&gt; = {'cancel_at_period_end': None, 'current_period_end': None, 'days_remaining': None, 'is_active': True, ...}.get">backend/tests/test_demo_forever_free.py:210: in test_forever_free_subscription_status
    assert data.get("is_read_only") == False, "is_read_only should be False"
E   AssertionError: is_read_only should be False
E   assert None == False
E    +  where None = &lt;built-in method get of dict object at 0xfcddab2d5980&gt;('is_read_only')
E    +    where &lt;built-in method get of dict object at 0xfcddab2d5980&gt; = {'cancel_at_period_end': None, 'current_period_end': None, 'days_remaining': None, 'is_active': True, ...}.get</failure></testcase><testcase classname="backend.tests.test_demo_forever_free.TestForeverFreeAccount" name="test_forever_free_has_all_features" time="0.426" /><testcase classname="backend.tests.test_demo_forever_free.TestForeverFreeAccount" name="test_forever_free_can_access_beneficiary_dashboard" time="0.491" /><testcase classname="backend.tests.test_demo_forever_free.TestForeverFreeAccount" name="test_forever_free_write_access" time="0.388" /><testcase classname="backend.tests.test_demo_forever_free.TestDemoDataContent" name="test_demo_data_includes_disposed_asset" time="0.513" /><testcase classname="backend.tests.test_demo_forever_free.TestDemoDataContent" name="test_demo_data_includes_disposition_minutes" time="0.536" /></testsuite></testsuites>