<?xml version="1.0" encoding="utf-8"?><testsuites name="pytest tests"><testsuite name="pytest" errors="0" failures="0" skipped="0" tests="8" time="5.549" timestamp="2026-03-02T04:33:32.718153+00:00" hostname="agent-env-3d54c223-04f9-4dfb-a95d-0a28eddb5ea7"><testcase classname="backend.tests.test_schedule_a_dispose_endpoint.TestDisposeEndpoint" name="test_01_dispose_endpoint_marks_asset_as_disposed" time="0.669" /><testcase classname="backend.tests.test_schedule_a_dispose_endpoint.TestDisposeEndpoint" name="test_02_dispose_endpoint_with_minimal_data" time="0.651" /><testcase classname="backend.tests.test_schedule_a_dispose_endpoint.TestDisposeEndpoint" name="test_03_dispose_already_disposed_returns_error" time="0.622" /><testcase classname="backend.tests.test_schedule_a_dispose_endpoint.TestDisposeEndpoint" name="test_04_dispose_nonexistent_asset_returns_404" time="0.463" /><testcase classname="backend.tests.test_schedule_a_dispose_endpoint.TestDisposeEndpoint" name="test_05_dispose_all_reason_types" time="1.316" /><testcase classname="backend.tests.test_schedule_a_dispose_endpoint.TestDisposeEndpoint" name="test_06_disposed_asset_hidden_in_active_filter" time="0.663" /><testcase classname="backend.tests.test_schedule_a_dispose_endpoint.TestDisposeEndpoint" name="test_07_dispose_endpoint_requires_auth" time="0.615" /><testcase classname="backend.tests.test_schedule_a_dispose_endpoint.TestScheduleASummaryWithDisposed" name="test_summary_returns_correct_totals" time="0.519" /></testsuite></testsuites>