<?xml version="1.0" encoding="utf-8"?><testsuites name="pytest tests"><testsuite name="pytest" errors="0" failures="0" skipped="0" tests="18" time="2.129" timestamp="2026-03-02T02:24:40.602488+00:00" hostname="agent-env-52d3e618-a500-4713-a58f-bafae9fd1fbe"><testcase classname="backend.tests.test_distributions_router.TestDistributionsRead" name="test_get_distributions_list" time="0.508" /><testcase classname="backend.tests.test_distributions_router.TestDistributionsRead" name="test_get_distributions_with_trust_id_filter" time="0.066" /><testcase classname="backend.tests.test_distributions_router.TestDistributionsRead" name="test_get_distributions_with_search" time="0.121" /><testcase classname="backend.tests.test_distributions_router.TestDistributionsRead" name="test_get_distributions_status_filter_approved" time="0.056" /><testcase classname="backend.tests.test_distributions_router.TestDistributionsRead" name="test_get_distributions_status_filter_pending" time="0.076" /><testcase classname="backend.tests.test_distributions_router.TestBenevolenceLog" name="test_get_benevolence_log" time="0.057" /><testcase classname="backend.tests.test_distributions_router.TestBenevolenceLog" name="test_get_benevolence_log_with_trust_id" time="0.052" /><testcase classname="backend.tests.test_distributions_router.TestDistributionsWrite" name="test_create_distribution" time="0.061" /><testcase classname="backend.tests.test_distributions_router.TestDistributionsWrite" name="test_create_benevolence_distribution" time="0.189" /><testcase classname="backend.tests.test_distributions_router.TestDistributionsWrite" name="test_create_benevolence_missing_recipient_fails" time="0.085" /><testcase classname="backend.tests.test_distributions_router.TestDistributionsWrite" name="test_update_distribution" time="0.056" /><testcase classname="backend.tests.test_distributions_router.TestDistributionsWrite" name="test_approve_distribution" time="0.072" /><testcase classname="backend.tests.test_distributions_router.TestDistributionsWrite" name="test_approve_distribution_without_solvency_fails" time="0.074" /><testcase classname="backend.tests.test_distributions_router.TestDistributionsWrite" name="test_update_nonexistent_distribution_fails" time="0.056" /><testcase classname="backend.tests.test_distributions_router.TestDistributionsWrite" name="test_delete_distribution" time="0.208" /><testcase classname="backend.tests.test_distributions_router.TestDistributionsWrite" name="test_delete_nonexistent_distribution_fails" time="0.060" /><testcase classname="backend.tests.test_distributions_router.TestDistributionsPurposeFilter" name="test_get_distributions_by_purpose" time="0.118" /><testcase classname="backend.tests.test_distributions_router.TestCleanup" name="test_cleanup_test_distributions" time="0.164" /></testsuite></testsuites>