<?xml version="1.0" encoding="utf-8"?><testsuites name="pytest tests"><testsuite name="pytest" errors="0" failures="4" skipped="3" tests="18" time="1.688" timestamp="2026-03-02T02:24:13.783118+00:00" hostname="agent-env-52d3e618-a500-4713-a58f-bafae9fd1fbe"><testcase classname="backend.tests.test_distributions_router.TestDistributionsRead" name="test_get_distributions_list" time="0.517" /><testcase classname="backend.tests.test_distributions_router.TestDistributionsRead" name="test_get_distributions_with_trust_id_filter" time="0.072" /><testcase classname="backend.tests.test_distributions_router.TestDistributionsRead" name="test_get_distributions_with_search" time="0.137" /><testcase classname="backend.tests.test_distributions_router.TestDistributionsRead" name="test_get_distributions_status_filter_approved" time="0.065" /><testcase classname="backend.tests.test_distributions_router.TestDistributionsRead" name="test_get_distributions_status_filter_pending" time="0.062" /><testcase classname="backend.tests.test_distributions_router.TestBenevolenceLog" name="test_get_benevolence_log" time="0.068" /><testcase classname="backend.tests.test_distributions_router.TestBenevolenceLog" name="test_get_benevolence_log_with_trust_id" time="0.063" /><testcase classname="backend.tests.test_distributions_router.TestDistributionsWrite" name="test_create_distribution" time="0.064"><failure message="AssertionError: Expected 200, got 422: {&quot;detail&quot;:[{&quot;type&quot;:&quot;enum&quot;,&quot;loc&quot;:[&quot;body&quot;,&quot;purpose_classification&quot;],&quot;msg&quot;:&quot;Input should be 'distribution', 'compensation', 'expense' or 'other'&quot;,&quot;input&quot;:&quot;discretionary&quot;,&quot;ctx&quot;:{&quot;expected&quot;:&quot;'distribution', 'compensation', 'expense' or 'other'&quot;},&quot;url&quot;:&quot;https://errors.pydantic.dev/2.12/v/enum&quot;}]}&#10;assert 422 == 200&#10; +  where 422 = &lt;Response [422]&gt;.status_code">backend/tests/test_distributions_router.py:157: in test_create_distribution
    assert response.status_code == 200, f"Expected 200, got {response.status_code}: {response.text}"
E   AssertionError: Expected 200, got 422: {"detail":[{"type":"enum","loc":["body","purpose_classification"],"msg":"Input should be 'distribution', 'compensation', 'expense' or 'other'","input":"discretionary","ctx":{"expected":"'distribution', 'compensation', 'expense' or 'other'"},"url":"https://errors.pydantic.dev/2.12/v/enum"}]}
E   assert 422 == 200
E    +  where 422 = &lt;Response [422]&gt;.status_code</failure></testcase><testcase classname="backend.tests.test_distributions_router.TestDistributionsWrite" name="test_create_benevolence_distribution" time="0.066"><failure message="AssertionError: Expected 200, got 422: {&quot;detail&quot;:[{&quot;type&quot;:&quot;enum&quot;,&quot;loc&quot;:[&quot;body&quot;,&quot;purpose_classification&quot;],&quot;msg&quot;:&quot;Input should be 'distribution', 'compensation', 'expense' or 'other'&quot;,&quot;input&quot;:&quot;benevolent&quot;,&quot;ctx&quot;:{&quot;expected&quot;:&quot;'distribution', 'compensation', 'expense' or 'other'&quot;},&quot;url&quot;:&quot;https://errors.pydantic.dev/2.12/v/enum&quot;}]}&#10;assert 422 == 200&#10; +  where 422 = &lt;Response [422]&gt;.status_code">backend/tests/test_distributions_router.py:187: in test_create_benevolence_distribution
    assert response.status_code == 200, f"Expected 200, got {response.status_code}: {response.text}"
E   AssertionError: Expected 200, got 422: {"detail":[{"type":"enum","loc":["body","purpose_classification"],"msg":"Input should be 'distribution', 'compensation', 'expense' or 'other'","input":"benevolent","ctx":{"expected":"'distribution', 'compensation', 'expense' or 'other'"},"url":"https://errors.pydantic.dev/2.12/v/enum"}]}
E   assert 422 == 200
E    +  where 422 = &lt;Response [422]&gt;.status_code</failure></testcase><testcase classname="backend.tests.test_distributions_router.TestDistributionsWrite" name="test_create_benevolence_missing_recipient_fails" time="0.064"><failure message="AssertionError: Expected 400, got 422: {&quot;detail&quot;:[{&quot;type&quot;:&quot;enum&quot;,&quot;loc&quot;:[&quot;body&quot;,&quot;purpose_classification&quot;],&quot;msg&quot;:&quot;Input should be 'distribution', 'compensation', 'expense' or 'other'&quot;,&quot;input&quot;:&quot;benevolent&quot;,&quot;ctx&quot;:{&quot;expected&quot;:&quot;'distribution', 'compensation', 'expense' or 'other'&quot;},&quot;url&quot;:&quot;https://errors.pydantic.dev/2.12/v/enum&quot;}]}&#10;assert 422 == 400&#10; +  where 422 = &lt;Response [422]&gt;.status_code">backend/tests/test_distributions_router.py:209: in test_create_benevolence_missing_recipient_fails
    assert response.status_code == 400, f"Expected 400, got {response.status_code}: {response.text}"
E   AssertionError: Expected 400, got 422: {"detail":[{"type":"enum","loc":["body","purpose_classification"],"msg":"Input should be 'distribution', 'compensation', 'expense' or 'other'","input":"benevolent","ctx":{"expected":"'distribution', 'compensation', 'expense' or 'other'"},"url":"https://errors.pydantic.dev/2.12/v/enum"}]}
E   assert 422 == 400
E    +  where 422 = &lt;Response [422]&gt;.status_code</failure></testcase><testcase classname="backend.tests.test_distributions_router.TestDistributionsWrite" name="test_update_distribution" time="0.000"><skipped type="pytest.skip" message="No distribution created in previous test">/app/backend/tests/test_distributions_router.py:216: No distribution created in previous test</skipped></testcase><testcase classname="backend.tests.test_distributions_router.TestDistributionsWrite" name="test_approve_distribution" time="0.000"><skipped type="pytest.skip" message="No distribution created in previous test">/app/backend/tests/test_distributions_router.py:235: No distribution created in previous test</skipped></testcase><testcase classname="backend.tests.test_distributions_router.TestDistributionsWrite" name="test_approve_distribution_without_solvency_fails" time="0.000"><skipped type="pytest.skip" message="No benevolence distribution created">/app/backend/tests/test_distributions_router.py:256: No benevolence distribution created</skipped></testcase><testcase classname="backend.tests.test_distributions_router.TestDistributionsWrite" name="test_update_nonexistent_distribution_fails" time="0.084" /><testcase classname="backend.tests.test_distributions_router.TestDistributionsWrite" name="test_delete_distribution" time="0.061"><failure message="assert 422 == 200&#10; +  where 422 = &lt;Response [422]&gt;.status_code">backend/tests/test_distributions_router.py:290: in test_delete_distribution
    assert create_response.status_code == 200
E   assert 422 == 200
E    +  where 422 = &lt;Response [422]&gt;.status_code</failure></testcase><testcase classname="backend.tests.test_distributions_router.TestDistributionsWrite" name="test_delete_nonexistent_distribution_fails" time="0.070" /><testcase classname="backend.tests.test_distributions_router.TestDistributionsPurposeFilter" name="test_get_distributions_by_purpose" time="0.134" /><testcase classname="backend.tests.test_distributions_router.TestCleanup" name="test_cleanup_test_distributions" time="0.077" /></testsuite></testsuites>