<?xml version="1.0" encoding="utf-8"?><testsuites name="pytest tests"><testsuite name="pytest" errors="0" failures="0" skipped="0" tests="12" time="3.894" timestamp="2026-02-22T23:35:27.020276+00:00" hostname="agent-env-c6e0330d-13d0-4aa3-9525-b6b68496cf17"><testcase classname="tests.test_email_integration.TestEmailServiceConfiguration" name="test_email_status_returns_configured_true" time="0.601" /><testcase classname="tests.test_email_integration.TestEmailServiceConfiguration" name="test_email_status_returns_available_templates" time="0.124" /><testcase classname="tests.test_email_integration.TestEmailServiceConfiguration" name="test_email_status_requires_auth" time="0.225" /><testcase classname="tests.test_email_integration.TestEmailTestEndpoint" name="test_test_email_endpoint_works" time="0.637" /><testcase classname="tests.test_email_integration.TestEmailTestEndpoint" name="test_test_email_requires_auth" time="0.123" /><testcase classname="tests.test_email_integration.TestTaskReminderEndpoint" name="test_send_task_reminders_endpoint_works" time="0.521" /><testcase classname="tests.test_email_integration.TestTaskReminderEndpoint" name="test_send_task_reminders_requires_auth" time="0.112" /><testcase classname="tests.test_email_integration.TestEmailTriggersOnActions" name="test_minutes_creation_triggers_notification" time="0.468" /><testcase classname="tests.test_email_integration.TestEmailTriggersOnActions" name="test_distribution_creation_triggers_notification" time="0.061" /><testcase classname="tests.test_email_integration.TestEmailTriggersOnActions" name="test_distribution_approval_triggers_notification" time="0.131" /><testcase classname="tests.test_email_integration.TestRegistrationWelcomeEmail" name="test_registration_queues_welcome_email" time="0.344" /><testcase classname="tests.test_email_integration.TestEmailTemplatesInService" name="test_all_templates_listed_in_status" time="0.505" /></testsuite></testsuites>