<?xml version="1.0" encoding="utf-8"?><testsuites name="pytest tests"><testsuite name="pytest" errors="0" failures="0" skipped="0" tests="20" time="3.306" timestamp="2026-02-22T23:57:11.796672+00:00" hostname="agent-env-adea9fa8-efc2-40de-a97e-57b28d8391c9"><testcase classname="backend.tests.test_export_subscription.TestExportEndpoints" name="test_export_minutes_requires_auth" time="0.193" /><testcase classname="backend.tests.test_export_subscription.TestExportEndpoints" name="test_export_minutes_returns_csv" time="0.507" /><testcase classname="backend.tests.test_export_subscription.TestExportEndpoints" name="test_export_distributions_requires_auth" time="0.161" /><testcase classname="backend.tests.test_export_subscription.TestExportEndpoints" name="test_export_distributions_returns_csv" time="0.107" /><testcase classname="backend.tests.test_export_subscription.TestExportEndpoints" name="test_export_compensation_requires_auth" time="0.103" /><testcase classname="backend.tests.test_export_subscription.TestExportEndpoints" name="test_export_compensation_returns_csv" time="0.106" /><testcase classname="backend.tests.test_export_subscription.TestExportEndpoints" name="test_export_tasks_requires_auth" time="0.119" /><testcase classname="backend.tests.test_export_subscription.TestExportEndpoints" name="test_export_tasks_returns_csv" time="0.151" /><testcase classname="backend.tests.test_export_subscription.TestExportEndpoints" name="test_export_with_trust_filter" time="0.109" /><testcase classname="backend.tests.test_export_subscription.TestSubscriptionEndpoints" name="test_get_subscription_requires_auth" time="0.115" /><testcase classname="backend.tests.test_export_subscription.TestSubscriptionEndpoints" name="test_get_subscription_returns_details" time="0.453" /><testcase classname="backend.tests.test_export_subscription.TestSubscriptionEndpoints" name="test_subscription_has_trial_dates_for_trial_user" time="0.104" /><testcase classname="backend.tests.test_export_subscription.TestSubscriptionEndpoints" name="test_create_portal_requires_auth" time="0.135" /><testcase classname="backend.tests.test_export_subscription.TestSubscriptionEndpoints" name="test_create_portal_for_trial_user_returns_error" time="0.144" /><testcase classname="backend.tests.test_export_subscription.TestSubscriptionEndpoints" name="test_cancel_subscription_requires_auth" time="0.115" /><testcase classname="backend.tests.test_export_subscription.TestSubscriptionEndpoints" name="test_cancel_subscription_for_trial_user_returns_error" time="0.117" /><testcase classname="backend.tests.test_export_subscription.TestSubscriptionEndpoints" name="test_reactivate_subscription_requires_auth" time="0.121" /><testcase classname="backend.tests.test_export_subscription.TestSubscriptionEndpoints" name="test_reactivate_subscription_for_trial_user_returns_error" time="0.133" /><testcase classname="backend.tests.test_export_subscription.TestSubscriptionEndpoints" name="test_upgrade_subscription_requires_auth" time="0.142" /><testcase classname="backend.tests.test_export_subscription.TestSubscriptionEndpoints" name="test_upgrade_subscription_for_trial_user_returns_error" time="0.117" /></testsuite></testsuites>