<?xml version="1.0" encoding="utf-8"?><testsuites name="pytest tests"><testsuite name="pytest" errors="0" failures="0" skipped="0" tests="33" time="3.190" timestamp="2026-03-02T02:40:08.616411+00:00" hostname="agent-env-52d3e618-a500-4713-a58f-bafae9fd1fbe"><testcase classname="tests.test_governance_router.TestGovernanceHealthScore" name="test_get_health_score_returns_200" time="0.542" /><testcase classname="tests.test_governance_router.TestGovernanceHealthScore" name="test_health_score_has_required_fields" time="0.061" /><testcase classname="tests.test_governance_router.TestGovernanceHealthScore" name="test_health_score_has_5_criteria" time="0.067" /><testcase classname="tests.test_governance_router.TestGovernanceHealthScore" name="test_health_score_criteria_structure" time="0.056" /><testcase classname="tests.test_governance_router.TestGovernanceHealthScore" name="test_health_score_max_score_is_100" time="0.072" /><testcase classname="tests.test_governance_router.TestGovernanceHealthScore" name="test_health_score_color_valid" time="0.060" /><testcase classname="tests.test_governance_router.TestGovernanceHealthScore" name="test_health_score_invalid_trust_404" time="0.065" /><testcase classname="tests.test_governance_router.TestGovernanceHistory" name="test_get_history_returns_200" time="0.063" /><testcase classname="tests.test_governance_router.TestGovernanceHistory" name="test_history_has_required_fields" time="0.060" /><testcase classname="tests.test_governance_router.TestGovernanceHistory" name="test_history_with_days_param" time="0.065" /><testcase classname="tests.test_governance_router.TestGovernanceHistory" name="test_history_invalid_trust_404" time="0.061" /><testcase classname="tests.test_governance_router.TestDashboard" name="test_get_dashboard_returns_200" time="0.072" /><testcase classname="tests.test_governance_router.TestDashboard" name="test_dashboard_has_required_fields" time="0.069" /><testcase classname="tests.test_governance_router.TestDashboard" name="test_dashboard_health_score_structure" time="0.070" /><testcase classname="tests.test_governance_router.TestDashboard" name="test_dashboard_stats_structure" time="0.063" /><testcase classname="tests.test_governance_router.TestDashboard" name="test_dashboard_onboarding_state_structure" time="0.137" /><testcase classname="tests.test_governance_router.TestDashboard" name="test_dashboard_subscription_state" time="0.100" /><testcase classname="tests.test_governance_router.TestDashboard" name="test_dashboard_with_trust_id_param" time="0.070" /><testcase classname="tests.test_governance_router.TestDashboard" name="test_dashboard_invalid_trust_404" time="0.057" /><testcase classname="tests.test_governance_router.TestOnboarding" name="test_get_onboarding_returns_200" time="0.056" /><testcase classname="tests.test_governance_router.TestOnboarding" name="test_onboarding_has_required_fields" time="0.069" /><testcase classname="tests.test_governance_router.TestOnboarding" name="test_patch_onboarding_returns_200" time="0.182" /><testcase classname="tests.test_governance_router.TestOnboarding" name="test_post_onboarding_dismiss" time="0.055" /><testcase classname="tests.test_governance_router.TestOnboarding" name="test_onboarding_dismiss_sets_checklist_dismissed" time="0.131" /><testcase classname="tests.test_governance_router.TestActivity" name="test_get_activity_returns_200" time="0.065" /><testcase classname="tests.test_governance_router.TestActivity" name="test_activity_has_activities_array" time="0.051" /><testcase classname="tests.test_governance_router.TestActivity" name="test_activity_with_trust_id" time="0.062" /><testcase classname="tests.test_governance_router.TestActivity" name="test_activity_with_limit" time="0.055" /><testcase classname="tests.test_governance_router.TestActivity" name="test_activity_items_structure" time="0.057" /><testcase classname="tests.test_governance_router.TestUnauthorizedAccess" name="test_governance_requires_auth" time="0.148" /><testcase classname="tests.test_governance_router.TestUnauthorizedAccess" name="test_dashboard_requires_auth" time="0.139" /><testcase classname="tests.test_governance_router.TestUnauthorizedAccess" name="test_onboarding_requires_auth" time="0.124" /><testcase classname="tests.test_governance_router.TestUnauthorizedAccess" name="test_activity_requires_auth" time="0.108" /></testsuite></testsuites>