<?xml version="1.0" encoding="utf-8"?><testsuites name="pytest tests"><testsuite name="pytest" errors="0" failures="0" skipped="0" tests="9" time="25.662" timestamp="2026-03-02T18:33:28.333539+00:00" hostname="agent-env-63598a29-a8b3-4d77-93e8-221677c9bddf"><testcase classname="backend.tests.test_guided_minutes_compensation.TestGuidedMinutesContext" name="test_get_context_returns_trustees" time="0.583" /><testcase classname="backend.tests.test_guided_minutes_compensation.TestGuidedMinutesDraft" name="test_draft_with_other_attendees" time="23.819" /><testcase classname="backend.tests.test_guided_minutes_compensation.TestGuidedMinutesSave" name="test_save_with_other_attendees" time="0.129" /><testcase classname="backend.tests.test_guided_minutes_compensation.TestCompensationPaymentWithTrustee" name="test_create_payment_with_trustee" time="0.131" /><testcase classname="backend.tests.test_guided_minutes_compensation.TestCompensationPaymentWithTrustee" name="test_payment_without_trustee_also_works" time="0.127" /><testcase classname="backend.tests.test_guided_minutes_compensation.TestCompensationPaymentWithTrustee" name="test_get_payments_includes_trustee_name" time="0.114" /><testcase classname="backend.tests.test_guided_minutes_compensation.TestMinutesPDFGeneration" name="test_pdf_generation_endpoint" time="0.232" /><testcase classname="backend.tests.test_guided_minutes_compensation.TestCompensationPlansRename" name="test_get_compensation_plans" time="0.109" /><testcase classname="backend.tests.test_guided_minutes_compensation.TestCleanup" name="test_cleanup_test_payments" time="0.397" /></testsuite></testsuites>