<?xml version="1.0" encoding="utf-8"?><testsuites name="pytest tests"><testsuite name="pytest" errors="0" failures="0" skipped="0" tests="10" time="74.901" timestamp="2026-03-02T16:18:13.392114+00:00" hostname="agent-env-9e1700f0-16b3-4ef1-931f-8c06ac344f20"><testcase classname="backend.tests.test_guided_minutes.TestGuidedMinutesAPI" name="test_get_guided_minutes_context" time="0.576" /><testcase classname="backend.tests.test_guided_minutes.TestGuidedMinutesAPI" name="test_get_guided_minutes_context_without_trust_id" time="0.544" /><testcase classname="backend.tests.test_guided_minutes.TestGuidedMinutesAPI" name="test_create_guided_minutes_draft" time="22.530" /><testcase classname="backend.tests.test_guided_minutes.TestGuidedMinutesAPI" name="test_create_guided_minutes_draft_annual" time="23.502" /><testcase classname="backend.tests.test_guided_minutes.TestGuidedMinutesAPI" name="test_create_guided_minutes_draft_general" time="24.811" /><testcase classname="backend.tests.test_guided_minutes.TestGuidedMinutesAPI" name="test_save_guided_minutes" time="0.823" /><testcase classname="backend.tests.test_guided_minutes.TestGuidedMinutesAPI" name="test_context_invalid_trust_returns_404" time="0.541" /><testcase classname="backend.tests.test_guided_minutes.TestGuidedMinutesAPI" name="test_draft_missing_required_fields" time="0.476" /><testcase classname="backend.tests.test_guided_minutes.TestGuidedMinutesAPI" name="test_save_missing_required_fields" time="0.517" /><testcase classname="backend.tests.test_guided_minutes.TestGuidedMinutesAPI" name="test_context_without_auth_returns_401" time="0.549" /></testsuite></testsuites>