<?xml version="1.0" encoding="utf-8"?><testsuites name="pytest tests"><testsuite name="pytest" errors="0" failures="0" skipped="0" tests="11" time="2.715" timestamp="2026-03-25T22:34:31.215570+00:00" hostname="agent-env-192b0f45-f2fc-4942-94a3-4ce59f106c9b"><testcase classname="backend.tests.test_impersonation.TestImpersonationFeature" name="test_impersonate_non_admin_user_success" time="0.762" /><testcase classname="backend.tests.test_impersonation.TestImpersonationFeature" name="test_impersonate_admin_blocked" time="0.254" /><testcase classname="backend.tests.test_impersonation.TestImpersonationFeature" name="test_impersonate_nonexistent_user" time="0.112" /><testcase classname="backend.tests.test_impersonation.TestImpersonationFeature" name="test_impersonate_without_auth" time="0.114" /><testcase classname="backend.tests.test_impersonation.TestImpersonationFeature" name="test_impersonate_with_non_admin_token" time="0.243" /><testcase classname="backend.tests.test_impersonation.TestImpersonationFeature" name="test_audit_log_records_impersonation" time="0.259" /><testcase classname="backend.tests.test_impersonation.TestImpersonationFeature" name="test_audit_log_pagination" time="0.113" /><testcase classname="backend.tests.test_impersonation.TestImpersonationFeature" name="test_audit_log_requires_admin" time="0.250" /><testcase classname="backend.tests.test_impersonation.TestImpersonationFeature" name="test_log_exit_success" time="0.109" /><testcase classname="backend.tests.test_impersonation.TestImpersonationFeature" name="test_log_exit_recorded_in_audit" time="0.228" /><testcase classname="backend.tests.test_impersonation.TestImpersonationFeature" name="test_log_exit_requires_admin" time="0.228" /></testsuite></testsuites>