<?xml version="1.0" encoding="utf-8"?><testsuites name="pytest tests"><testsuite name="pytest" errors="0" failures="0" skipped="0" tests="39" time="8.087" timestamp="2026-03-02T02:47:17.901058+00:00" hostname="agent-env-52d3e618-a500-4713-a58f-bafae9fd1fbe"><testcase classname="backend.tests.test_minutes_router.TestMinutesRouterSetup" name="test_login_works" time="0.440" /><testcase classname="backend.tests.test_minutes_router.TestMinutesCRUD" name="test_get_minutes_returns_200" time="0.482" /><testcase classname="backend.tests.test_minutes_router.TestMinutesCRUD" name="test_get_minutes_with_trust_filter" time="0.113" /><testcase classname="backend.tests.test_minutes_router.TestMinutesCRUD" name="test_get_minutes_with_search" time="0.127" /><testcase classname="backend.tests.test_minutes_router.TestMinutesCRUD" name="test_get_minutes_with_type_filter" time="0.132" /><testcase classname="backend.tests.test_minutes_router.TestMinutesCRUD" name="test_create_minutes_returns_correct_response" time="0.124" /><testcase classname="backend.tests.test_minutes_router.TestMinutesCRUD" name="test_create_and_get_minutes_persistence" time="0.357" /><testcase classname="backend.tests.test_minutes_router.TestMinutesCRUD" name="test_get_minutes_by_id_not_found" time="0.146" /><testcase classname="backend.tests.test_minutes_router.TestMinutesCRUD" name="test_delete_minutes" time="0.389" /><testcase classname="backend.tests.test_minutes_router.TestMinutesCRUD" name="test_delete_minutes_not_found" time="0.146" /><testcase classname="backend.tests.test_minutes_router.TestMinutesPDF" name="test_get_minutes_pdf" time="0.638" /><testcase classname="backend.tests.test_minutes_router.TestMinutesPDF" name="test_get_minutes_pdf_not_found" time="0.114" /><testcase classname="backend.tests.test_minutes_router.TestMinutesTemplates" name="test_get_template_options" time="0.449" /><testcase classname="backend.tests.test_minutes_router.TestMinutesTemplates" name="test_get_template_options_with_trust_filter" time="0.145" /><testcase classname="backend.tests.test_minutes_router.TestMinutesTemplates" name="test_get_minutes_templates_list" time="0.163" /><testcase classname="backend.tests.test_minutes_router.TestMinutesTemplates" name="test_get_minutes_templates_with_trust_filter" time="0.120" /><testcase classname="backend.tests.test_minutes_router.TestMinutesTemplates" name="test_create_minutes_from_blank_template" time="0.146" /><testcase classname="backend.tests.test_minutes_router.TestMinutesTemplates" name="test_create_minutes_from_general_meeting_template" time="0.133" /><testcase classname="backend.tests.test_minutes_router.TestMinutesTemplates" name="test_create_minutes_from_distribution_template" time="0.124" /><testcase classname="backend.tests.test_minutes_router.TestMinutesTemplates" name="test_create_minutes_from_property_acceptance_template" time="0.108" /><testcase classname="backend.tests.test_minutes_router.TestMinutesTemplates" name="test_create_minutes_from_asset_disposition_template" time="0.152" /><testcase classname="backend.tests.test_minutes_router.TestMinutesTemplates" name="test_create_minutes_from_trustee_appointment_template" time="0.132" /><testcase classname="backend.tests.test_minutes_router.TestMinutesTemplates" name="test_create_minutes_from_bank_account_template" time="0.120" /><testcase classname="backend.tests.test_minutes_router.TestMinutesTemplates" name="test_get_minutes_template_by_id" time="0.246" /><testcase classname="backend.tests.test_minutes_router.TestMinutesTemplates" name="test_get_minutes_template_not_found" time="0.120" /><testcase classname="backend.tests.test_minutes_router.TestMinutesTemplates" name="test_update_minutes_template" time="0.240" /><testcase classname="backend.tests.test_minutes_router.TestMinutesTemplates" name="test_update_minutes_template_not_found" time="0.173" /><testcase classname="backend.tests.test_minutes_router.TestMinutesTemplates" name="test_delete_minutes_template" time="0.355" /><testcase classname="backend.tests.test_minutes_router.TestMinutesTemplates" name="test_delete_minutes_template_not_found" time="0.154" /><testcase classname="backend.tests.test_minutes_router.TestMinutesTemplates" name="test_get_minutes_template_pdf" time="0.262" /><testcase classname="backend.tests.test_minutes_router.TestMinutesAuthentication" name="test_get_minutes_requires_auth" time="0.112" /><testcase classname="backend.tests.test_minutes_router.TestMinutesAuthentication" name="test_post_minutes_requires_auth" time="0.143" /><testcase classname="backend.tests.test_minutes_router.TestMinutesAuthentication" name="test_delete_minutes_requires_auth" time="0.116" /><testcase classname="backend.tests.test_minutes_router.TestMinutesAuthentication" name="test_get_minutes_pdf_requires_auth" time="0.123" /><testcase classname="backend.tests.test_minutes_router.TestMinutesAuthentication" name="test_get_minutes_templates_requires_auth" time="0.143" /><testcase classname="backend.tests.test_minutes_router.TestMinutesAuthentication" name="test_post_minutes_templates_requires_auth" time="0.112" /><testcase classname="backend.tests.test_minutes_router.TestMinutesAuthentication" name="test_get_template_options_requires_auth" time="0.136" /><testcase classname="backend.tests.test_minutes_router.TestMinutesInvalidTrust" name="test_create_minutes_invalid_trust" time="0.446" /><testcase classname="backend.tests.test_minutes_router.TestMinutesInvalidTrust" name="test_create_minutes_template_invalid_trust" time="0.120" /></testsuite></testsuites>