<?xml version="1.0" encoding="utf-8"?><testsuites name="pytest tests"><testsuite name="pytest" errors="0" failures="0" skipped="0" tests="14" time="2.166" timestamp="2026-02-24T12:40:06.727539+00:00" hostname="agent-env-2e5d4959-9676-418c-a189-8a48c4598c45"><testcase classname="backend.tests.test_minutes_templates_schedule_a.TestTemplateOptions" name="test_get_template_options_returns_6_templates" time="0.644" /><testcase classname="backend.tests.test_minutes_templates_schedule_a.TestTemplateOptions" name="test_template_options_have_required_fields" time="0.063" /><testcase classname="backend.tests.test_minutes_templates_schedule_a.TestDistributionTemplate" name="test_create_distribution_template_with_all_fields" time="0.088" /><testcase classname="backend.tests.test_minutes_templates_schedule_a.TestTrusteeAppointmentTemplate" name="test_create_additional_trustee_template_with_required_fields" time="0.059" /><testcase classname="backend.tests.test_minutes_templates_schedule_a.TestTrusteeAppointmentTemplate" name="test_create_successor_trustee_template" time="0.067" /><testcase classname="backend.tests.test_minutes_templates_schedule_a.TestPropertyAcceptanceAutoAdd" name="test_property_acceptance_auto_adds_to_schedule_a" time="0.174" /><testcase classname="backend.tests.test_minutes_templates_schedule_a.TestScheduleACRUD" name="test_create_schedule_a_asset" time="0.113" /><testcase classname="backend.tests.test_minutes_templates_schedule_a.TestScheduleACRUD" name="test_get_schedule_a_assets" time="0.058" /><testcase classname="backend.tests.test_minutes_templates_schedule_a.TestScheduleACRUD" name="test_update_schedule_a_asset" time="0.185" /><testcase classname="backend.tests.test_minutes_templates_schedule_a.TestScheduleACRUD" name="test_delete_schedule_a_asset" time="0.184" /><testcase classname="backend.tests.test_minutes_templates_schedule_a.TestScheduleACRUD" name="test_schedule_a_summary_with_totals" time="0.060" /><testcase classname="backend.tests.test_minutes_templates_schedule_a.TestMinutesDocumentGeneration" name="test_generated_document_has_whereas_resolved" time="0.060" /><testcase classname="backend.tests.test_minutes_templates_schedule_a.TestMinutesPreviewEdit" name="test_update_minutes_document" time="0.168" /><testcase classname="backend.tests.test_minutes_templates_schedule_a.TestPDFDownload" name="test_pdf_download_returns_base64" time="0.187" /></testsuite></testsuites>