<?xml version="1.0" encoding="utf-8"?><testsuites name="pytest tests"><testsuite name="pytest" errors="0" failures="0" skipped="0" tests="12" time="2.183" timestamp="2026-03-02T17:15:54.496912+00:00" hostname="agent-env-63598a29-a8b3-4d77-93e8-221677c9bddf"><testcase classname="backend.tests.test_new_minutes_templates.TestTemplateOptions" name="test_template_options_returns_all_templates" time="0.517" /><testcase classname="backend.tests.test_new_minutes_templates.TestInvestmentPolicyTemplate" name="test_generate_investment_policy" time="0.238" /><testcase classname="backend.tests.test_new_minutes_templates.TestLoanAuthorizationTemplate" name="test_generate_loan_authorization_making" time="0.127" /><testcase classname="backend.tests.test_new_minutes_templates.TestInsuranceAuthorizationTemplate" name="test_generate_insurance_authorization" time="0.102" /><testcase classname="backend.tests.test_new_minutes_templates.TestAnnualReviewTemplate" name="test_generate_annual_review" time="0.118" /><testcase classname="backend.tests.test_new_minutes_templates.TestQuarterlyReviewTemplate" name="test_generate_quarterly_review" time="0.162" /><testcase classname="backend.tests.test_new_minutes_templates.TestTrusteeCompensationTemplate" name="test_generate_trustee_compensation" time="0.117" /><testcase classname="backend.tests.test_new_minutes_templates.TestTrusteeResignationTemplate" name="test_generate_trustee_resignation" time="0.116" /><testcase classname="backend.tests.test_new_minutes_templates.TestBeneficiaryRequestDenialTemplate" name="test_generate_beneficiary_denial" time="0.130" /><testcase classname="backend.tests.test_new_minutes_templates.TestHEMSDistributionTemplate" name="test_generate_hems_distribution" time="0.111" /><testcase classname="backend.tests.test_new_minutes_templates.TestBeneficiaryLoanTemplate" name="test_generate_beneficiary_loan" time="0.108" /><testcase classname="backend.tests.test_new_minutes_templates.TestPDFGeneration" name="test_investment_policy_pdf_generation" time="0.312" /></testsuite></testsuites>