<?xml version="1.0" encoding="utf-8"?><testsuites name="pytest tests"><testsuite name="pytest" errors="0" failures="0" skipped="0" tests="6" time="4.057" timestamp="2026-02-24T12:55:55.520266+00:00" hostname="agent-env-2e5d4959-9676-418c-a189-8a48c4598c45"><testcase classname="backend.tests.test_new_templates.TestNewMinutesTemplates" name="test_template_options_returns_9_templates" time="0.625" /><testcase classname="backend.tests.test_new_templates.TestNewMinutesTemplates" name="test_designation_of_beneficiaries_template_generation" time="0.688" /><testcase classname="backend.tests.test_new_templates.TestNewMinutesTemplates" name="test_bank_account_authorization_template_generation" time="0.664" /><testcase classname="backend.tests.test_new_templates.TestNewMinutesTemplates" name="test_change_of_situs_template_generation" time="0.667" /><testcase classname="backend.tests.test_new_templates.TestNewMinutesTemplates" name="test_bank_account_with_threshold_signature" time="0.679" /><testcase classname="backend.tests.test_new_templates.TestNewMinutesTemplates" name="test_designation_amendment_type" time="0.716" /></testsuite></testsuites>