<?xml version="1.0" encoding="utf-8"?><testsuites name="pytest tests"><testsuite name="pytest" errors="0" failures="0" skipped="0" tests="11" time="3.811" timestamp="2026-02-24T13:43:31.035835+00:00" hostname="agent-env-04e7f7d0-886c-4a0c-937e-cf6b592381cb"><testcase classname="backend.tests.test_notification_prefs_benevolence_export.TestNotificationPreferences" name="test_get_notification_preferences_returns_valid_response" time="0.614" /><testcase classname="backend.tests.test_notification_prefs_benevolence_export.TestNotificationPreferences" name="test_update_notification_preference_single_field" time="0.279" /><testcase classname="backend.tests.test_notification_prefs_benevolence_export.TestNotificationPreferences" name="test_update_multiple_preferences" time="0.270" /><testcase classname="backend.tests.test_notification_prefs_benevolence_export.TestNotificationPreferences" name="test_update_preferences_empty_body_fails" time="0.112" /><testcase classname="backend.tests.test_notification_prefs_benevolence_export.TestNotificationPreferences" name="test_get_preferences_requires_auth" time="0.115" /><testcase classname="backend.tests.test_notification_prefs_benevolence_export.TestBenevolenceExportPDF" name="test_export_benevolence_pdf_success" time="0.460" /><testcase classname="backend.tests.test_notification_prefs_benevolence_export.TestBenevolenceExportPDF" name="test_export_benevolence_pdf_with_year_filter" time="0.116" /><testcase classname="backend.tests.test_notification_prefs_benevolence_export.TestBenevolenceExportPDF" name="test_export_pdf_invalid_trust_returns_404" time="0.105" /><testcase classname="backend.tests.test_notification_prefs_benevolence_export.TestBenevolenceExportPDF" name="test_export_pdf_benevolence_disabled_returns_400" time="0.752" /><testcase classname="backend.tests.test_notification_prefs_benevolence_export.TestBenevolenceExportPDF" name="test_export_pdf_requires_auth" time="0.134" /><testcase classname="backend.tests.test_notification_prefs_benevolence_export.TestIntegration" name="test_notification_preference_persistence" time="0.821" /></testsuite></testsuites>