<?xml version="1.0" encoding="utf-8"?><testsuites name="pytest tests"><testsuite name="pytest" errors="0" failures="1" skipped="0" tests="11" time="3.588" timestamp="2026-02-24T13:43:01.613819+00:00" hostname="agent-env-04e7f7d0-886c-4a0c-937e-cf6b592381cb"><testcase classname="backend.tests.test_notification_prefs_benevolence_export.TestNotificationPreferences" name="test_get_notification_preferences_defaults" time="0.591"><failure message="AssertionError: Missing minutes_created field&#10;assert 'minutes_created' in {'user_id': 'user_d31497d39097', 'weekly_digest': True}">backend/tests/test_notification_prefs_benevolence_export.py:49: in test_get_notification_preferences_defaults
    assert "minutes_created" in data, "Missing minutes_created field"
E   AssertionError: Missing minutes_created field
E   assert 'minutes_created' in {'user_id': 'user_d31497d39097', 'weekly_digest': True}</failure></testcase><testcase classname="backend.tests.test_notification_prefs_benevolence_export.TestNotificationPreferences" name="test_update_notification_preference_single_field" time="0.265" /><testcase classname="backend.tests.test_notification_prefs_benevolence_export.TestNotificationPreferences" name="test_update_multiple_preferences" time="0.233" /><testcase classname="backend.tests.test_notification_prefs_benevolence_export.TestNotificationPreferences" name="test_update_preferences_empty_body_fails" time="0.113" /><testcase classname="backend.tests.test_notification_prefs_benevolence_export.TestNotificationPreferences" name="test_get_preferences_requires_auth" time="0.104" /><testcase classname="backend.tests.test_notification_prefs_benevolence_export.TestBenevolenceExportPDF" name="test_export_benevolence_pdf_success" time="0.468" /><testcase classname="backend.tests.test_notification_prefs_benevolence_export.TestBenevolenceExportPDF" name="test_export_benevolence_pdf_with_year_filter" time="0.118" /><testcase classname="backend.tests.test_notification_prefs_benevolence_export.TestBenevolenceExportPDF" name="test_export_pdf_invalid_trust_returns_404" time="0.126" /><testcase classname="backend.tests.test_notification_prefs_benevolence_export.TestBenevolenceExportPDF" name="test_export_pdf_benevolence_disabled_returns_400" time="0.565" /><testcase classname="backend.tests.test_notification_prefs_benevolence_export.TestBenevolenceExportPDF" name="test_export_pdf_requires_auth" time="0.142" /><testcase classname="backend.tests.test_notification_prefs_benevolence_export.TestIntegration" name="test_notification_preference_persistence" time="0.803" /></testsuite></testsuites>