<?xml version="1.0" encoding="utf-8"?><testsuites name="pytest tests"><testsuite name="pytest" errors="0" failures="0" skipped="0" tests="10" time="1.612" timestamp="2026-02-24T17:51:11.504447+00:00" hostname="agent-env-99435c89-50fb-4023-9c37-b3304b54a6b2"><testcase classname="tests.test_p0_bugs.TestMinutesSaveFlow" name="test_create_minutes_template" time="0.611" /><testcase classname="tests.test_p0_bugs.TestMinutesSaveFlow" name="test_save_minutes_template" time="0.085" /><testcase classname="tests.test_p0_bugs.TestMinutesSaveFlow" name="test_verify_minutes_saved" time="0.072" /><testcase classname="tests.test_p0_bugs.TestDistributionClockIcon" name="test_create_distribution_for_test" time="0.082" /><testcase classname="tests.test_p0_bugs.TestDistributionClockIcon" name="test_approve_distribution" time="0.188" /><testcase classname="tests.test_p0_bugs.TestDistributionClockIcon" name="test_clock_icon_set_to_review" time="0.165" /><testcase classname="tests.test_p0_bugs.TestDistributionClockIcon" name="test_verify_distribution_status_persisted" time="0.075" /><testcase classname="tests.test_p0_bugs.TestAutoPopulateMinutesForm" name="test_get_entity_data" time="0.076" /><testcase classname="tests.test_p0_bugs.TestAutoPopulateMinutesForm" name="test_minutes_template_uses_entity_data" time="0.075" /><testcase classname="tests.test_p0_bugs.TestCleanup" name="test_cleanup_test_distributions" time="0.163" /></testsuite></testsuites>