<?xml version="1.0" encoding="utf-8"?><testsuites name="pytest tests"><testsuite name="pytest" errors="0" failures="0" skipped="0" tests="13" time="7.683" timestamp="2026-02-23T01:40:53.160553+00:00" hostname="agent-env-2e5d4959-9676-418c-a189-8a48c4598c45"><testcase classname="backend.tests.test_p1_features.TestProfileUpdate" name="test_profile_update_success" time="0.527" /><testcase classname="backend.tests.test_p1_features.TestProfileUpdate" name="test_profile_update_empty_name_fails" time="0.460" /><testcase classname="backend.tests.test_p1_features.TestProfileUpdate" name="test_profile_update_no_fields_fails" time="0.469" /><testcase classname="backend.tests.test_p1_features.TestProfileUpdate" name="test_profile_update_unauthorized" time="0.125" /><testcase classname="backend.tests.test_p1_features.TestMinutesSearch" name="test_minutes_search_with_search_param" time="0.732" /><testcase classname="backend.tests.test_p1_features.TestMinutesSearch" name="test_minutes_search_empty_results" time="0.615" /><testcase classname="backend.tests.test_p1_features.TestMinutesSearch" name="test_minutes_search_case_insensitive" time="0.695" /><testcase classname="backend.tests.test_p1_features.TestMinutesSearch" name="test_minutes_search_with_type_filter" time="0.601" /><testcase classname="backend.tests.test_p1_features.TestDistributionsSearch" name="test_distributions_search_with_search_param" time="0.705" /><testcase classname="backend.tests.test_p1_features.TestDistributionsSearch" name="test_distributions_search_empty_results" time="0.632" /><testcase classname="backend.tests.test_p1_features.TestDistributionsSearch" name="test_distributions_search_case_insensitive" time="0.773" /><testcase classname="backend.tests.test_p1_features.TestDistributionsSearch" name="test_distributions_search_with_status_filter" time="0.696" /><testcase classname="backend.tests.test_p1_features.TestDistributionsSearch" name="test_distributions_search_with_purpose_filter" time="0.633" /></testsuite></testsuites>