<?xml version="1.0" encoding="utf-8"?><testsuites name="pytest tests"><testsuite name="pytest" errors="0" failures="0" skipped="0" tests="13" time="7.074" timestamp="2026-03-02T01:20:06.797118+00:00" hostname="agent-env-b30b792e-fc57-4233-87d8-f430a0fe77c1"><testcase classname="backend.tests.test_p2_beneficiary_dashboard.TestDashboardTrustIdParam" name="test_dashboard_without_trust_id" time="0.700" /><testcase classname="backend.tests.test_p2_beneficiary_dashboard.TestDashboardTrustIdParam" name="test_dashboard_with_valid_trust_id" time="0.626" /><testcase classname="backend.tests.test_p2_beneficiary_dashboard.TestDashboardTrustIdParam" name="test_dashboard_with_invalid_trust_id" time="0.578" /><testcase classname="backend.tests.test_p2_beneficiary_dashboard.TestDashboardTrustIdParam" name="test_dashboard_with_other_users_trust_id" time="0.694" /><testcase classname="backend.tests.test_p2_beneficiary_dashboard.TestBeneficiaryDashboard" name="test_beneficiaries_dashboard_without_trust_id" time="0.604" /><testcase classname="backend.tests.test_p2_beneficiary_dashboard.TestBeneficiaryDashboard" name="test_beneficiaries_dashboard_with_trust_id" time="0.569" /><testcase classname="backend.tests.test_p2_beneficiary_dashboard.TestBeneficiaryDashboard" name="test_beneficiaries_dashboard_with_invalid_trust_id" time="0.608" /><testcase classname="backend.tests.test_p2_beneficiary_dashboard.TestBeneficiaryDashboard" name="test_beneficiary_allocation_structure" time="0.574" /><testcase classname="backend.tests.test_p2_beneficiary_dashboard.TestBeneficiaryDashboard" name="test_recent_transfers_structure" time="0.598" /><testcase classname="backend.tests.test_p2_beneficiary_dashboard.TestBeneficiaryDashboard" name="test_beneficiaries_sorted_by_units_descending" time="0.647" /><testcase classname="backend.tests.test_p2_beneficiary_dashboard.TestBeneficiaryDashboard" name="test_remaining_units_calculation" time="0.614" /><testcase classname="backend.tests.test_p2_beneficiary_dashboard.TestBeneficiaryDashboardUnauthenticated" name="test_dashboard_requires_auth" time="0.117" /><testcase classname="backend.tests.test_p2_beneficiary_dashboard.TestBeneficiaryDashboardUnauthenticated" name="test_beneficiaries_dashboard_requires_auth" time="0.097" /></testsuite></testsuites>