<?xml version="1.0" encoding="utf-8"?><testsuites name="pytest tests"><testsuite name="pytest" errors="0" failures="0" skipped="0" tests="19" time="4.539" timestamp="2026-03-02T03:39:39.269129+00:00" hostname="agent-env-51f90744-018f-41c4-89b2-e3fe3bd507c6"><testcase classname="tests.test_p2_feature_gates.TestMultipleTrustsGate" name="test_trial_user_can_view_trusts_list" time="0.654" /><testcase classname="tests.test_p2_feature_gates.TestMultipleTrustsGate" name="test_trial_user_can_view_single_trust" time="0.126" /><testcase classname="tests.test_p2_feature_gates.TestMultipleTrustsGate" name="test_trial_user_blocked_from_creating_second_trust" time="0.117" /><testcase classname="tests.test_p2_feature_gates.TestGovernanceHistoryGate" name="test_trial_user_can_access_governance_health" time="0.466" /><testcase classname="tests.test_p2_feature_gates.TestGovernanceHistoryGate" name="test_trial_user_blocked_from_governance_history" time="0.143" /><testcase classname="tests.test_p2_feature_gates.TestGovernanceHistoryGate" name="test_governance_history_with_days_param" time="0.115" /><testcase classname="tests.test_p2_feature_gates.TestTrustUnitsGate" name="test_trial_user_blocked_from_trust_units_summary" time="0.444" /><testcase classname="tests.test_p2_feature_gates.TestTrustUnitsGate" name="test_trial_user_blocked_from_trust_units_certificates" time="0.161" /><testcase classname="tests.test_p2_feature_gates.TestTrustUnitsGate" name="test_trust_units_summary_requires_auth" time="0.109" /><testcase classname="tests.test_p2_feature_gates.TestBeneficiaryDashboardGate" name="test_trial_user_blocked_from_beneficiary_dashboard" time="0.461" /><testcase classname="tests.test_p2_feature_gates.TestBeneficiaryDashboardGate" name="test_trial_user_blocked_from_beneficiary_dashboard_with_trust_id" time="0.111" /><testcase classname="tests.test_p2_feature_gates.TestBeneficiaryDashboardGate" name="test_beneficiary_dashboard_requires_auth" time="0.123" /><testcase classname="tests.test_p2_feature_gates.TestTrialUserCoreFeatures" name="test_trial_user_can_access_entities" time="0.462" /><testcase classname="tests.test_p2_feature_gates.TestTrialUserCoreFeatures" name="test_trial_user_can_access_tasks" time="0.102" /><testcase classname="tests.test_p2_feature_gates.TestTrialUserCoreFeatures" name="test_trial_user_can_access_minutes" time="0.125" /><testcase classname="tests.test_p2_feature_gates.TestTrialUserCoreFeatures" name="test_trial_user_can_access_distributions" time="0.112" /><testcase classname="tests.test_p2_feature_gates.TestTrialUserCoreFeatures" name="test_trial_user_can_access_dashboard" time="0.116" /><testcase classname="tests.test_p2_feature_gates.TestTrialUserCoreFeatures" name="test_trial_user_can_access_onboarding" time="0.112" /><testcase classname="tests.test_p2_feature_gates.TestFeatureFlagsEndpoint" name="test_new_premium_features_are_false_for_trial" time="0.432" /></testsuite></testsuites>