<?xml version="1.0" encoding="utf-8"?><testsuites name="pytest tests"><testsuite name="pytest" errors="0" failures="0" skipped="0" tests="17" time="4.131" timestamp="2026-02-23T00:49:47.714916+00:00" hostname="agent-env-adea9fa8-efc2-40de-a97e-57b28d8391c9"><testcase classname="tests.test_password_reset.TestPasswordResetFlow" name="test_forgot_password_returns_success_message" time="0.206" /><testcase classname="tests.test_password_reset.TestPasswordResetFlow" name="test_forgot_password_with_nonexistent_email" time="0.114" /><testcase classname="tests.test_password_reset.TestPasswordResetFlow" name="test_forgot_password_invalid_email_format" time="0.130" /><testcase classname="tests.test_password_reset.TestPasswordResetFlow" name="test_forgot_password_empty_email" time="0.132" /><testcase classname="tests.test_password_reset.TestPasswordResetFlow" name="test_verify_reset_token_invalid_token" time="0.114" /><testcase classname="tests.test_password_reset.TestPasswordResetFlow" name="test_verify_reset_token_missing_token" time="0.125" /><testcase classname="tests.test_password_reset.TestPasswordResetFlow" name="test_verify_reset_token_empty_token" time="0.140" /><testcase classname="tests.test_password_reset.TestPasswordResetFlow" name="test_reset_password_invalid_token" time="0.124" /><testcase classname="tests.test_password_reset.TestPasswordResetFlow" name="test_reset_password_short_password" time="0.138" /><testcase classname="tests.test_password_reset.TestPasswordResetFlow" name="test_reset_password_missing_fields" time="0.166" /><testcase classname="tests.test_password_reset.TestDatabaseIndexes" name="test_user_queries_are_fast" time="0.419" /><testcase classname="tests.test_password_reset.TestDatabaseIndexes" name="test_trust_queries_work" time="0.442" /><testcase classname="tests.test_password_reset.TestDatabaseIndexes" name="test_subscription_queries_work" time="0.406" /><testcase classname="tests.test_password_reset.TestPasswordResetTokenDatabase" name="test_forgot_password_creates_token" time="0.201" /><testcase classname="tests.test_password_reset.TestEmailTemplates" name="test_password_reset_template_exists" time="0.407" /><testcase classname="tests.test_password_reset.TestLegacyCollectionsRemoval" name="test_minutes_endpoint_works" time="0.401" /><testcase classname="tests.test_password_reset.TestLegacyCollectionsRemoval" name="test_distributions_endpoint_works" time="0.421" /></testsuite></testsuites>