<?xml version="1.0" encoding="utf-8"?><testsuites name="pytest tests"><testsuite name="pytest" errors="0" failures="2" skipped="0" tests="17" time="4.755" timestamp="2026-02-23T00:48:58.062244+00:00" hostname="agent-env-adea9fa8-efc2-40de-a97e-57b28d8391c9"><testcase classname="tests.test_password_reset.TestPasswordResetFlow" name="test_forgot_password_returns_success_message" time="0.236" /><testcase classname="tests.test_password_reset.TestPasswordResetFlow" name="test_forgot_password_with_nonexistent_email" time="0.163" /><testcase classname="tests.test_password_reset.TestPasswordResetFlow" name="test_forgot_password_invalid_email_format" time="0.176" /><testcase classname="tests.test_password_reset.TestPasswordResetFlow" name="test_forgot_password_empty_email" time="0.135"><failure message="AssertionError: Expected 400/422 for empty email, got 200&#10;assert 200 in [400, 422]&#10; +  where 200 = &lt;Response [200]&gt;.status_code">tests/test_password_reset.py:91: in test_forgot_password_empty_email
    assert response.status_code in [400, 422], f"Expected 400/422 for empty email, got {response.status_code}"
E   AssertionError: Expected 400/422 for empty email, got 200
E   assert 200 in [400, 422]
E    +  where 200 = &lt;Response [200]&gt;.status_code</failure></testcase><testcase classname="tests.test_password_reset.TestPasswordResetFlow" name="test_verify_reset_token_invalid_token" time="0.152" /><testcase classname="tests.test_password_reset.TestPasswordResetFlow" name="test_verify_reset_token_missing_token" time="0.164" /><testcase classname="tests.test_password_reset.TestPasswordResetFlow" name="test_verify_reset_token_empty_token" time="0.118" /><testcase classname="tests.test_password_reset.TestPasswordResetFlow" name="test_reset_password_invalid_token" time="0.150" /><testcase classname="tests.test_password_reset.TestPasswordResetFlow" name="test_reset_password_short_password" time="0.114" /><testcase classname="tests.test_password_reset.TestPasswordResetFlow" name="test_reset_password_missing_fields" time="0.230" /><testcase classname="tests.test_password_reset.TestDatabaseIndexes" name="test_user_queries_are_fast" time="0.450" /><testcase classname="tests.test_password_reset.TestDatabaseIndexes" name="test_trust_queries_work" time="0.406" /><testcase classname="tests.test_password_reset.TestDatabaseIndexes" name="test_subscription_queries_work" time="0.458" /><testcase classname="tests.test_password_reset.TestPasswordResetTokenDatabase" name="test_forgot_password_creates_token" time="0.226" /><testcase classname="tests.test_password_reset.TestEmailTemplates" name="test_password_reset_template_exists" time="0.484"><failure message="AssertionError: password_reset template should exist. Found: []&#10;assert 'password_reset' in []">tests/test_password_reset.py:270: in test_password_reset_template_exists
    assert "password_reset" in templates, f"password_reset template should exist. Found: {templates}"
E   AssertionError: password_reset template should exist. Found: []
E   assert 'password_reset' in []</failure></testcase><testcase classname="tests.test_password_reset.TestLegacyCollectionsRemoval" name="test_minutes_endpoint_works" time="0.546" /><testcase classname="tests.test_password_reset.TestLegacyCollectionsRemoval" name="test_distributions_endpoint_works" time="0.477" /></testsuite></testsuites>