<?xml version="1.0" encoding="utf-8"?><testsuites name="pytest tests"><testsuite name="pytest" errors="0" failures="0" skipped="0" tests="14" time="2.627" timestamp="2026-04-18T14:10:44.454418+00:00" hostname="agent-env-192b0f45-f2fc-4942-94a3-4ce59f106c9b"><testcase classname="backend.tests.test_phase2_integration.TestGovernanceHealthScore" name="test_health_score_returns_7_criteria" time="0.597" /><testcase classname="backend.tests.test_phase2_integration.TestGovernanceHealthScore" name="test_health_score_total_is_100" time="0.110" /><testcase classname="backend.tests.test_phase2_integration.TestGovernanceHealthScore" name="test_transaction_classification_criterion_exists" time="0.113" /><testcase classname="backend.tests.test_phase2_integration.TestGovernanceHealthScore" name="test_separation_alert_health_criterion_exists" time="0.118" /><testcase classname="backend.tests.test_phase2_integration.TestGovernanceHealthScore" name="test_health_score_criteria_points_sum_correctly" time="0.122" /><testcase classname="backend.tests.test_phase2_integration.TestTransactionReviewTask" name="test_transaction_review_task_type_valid" time="0.106" /><testcase classname="backend.tests.test_phase2_integration.TestTransactionReviewTask" name="test_transaction_review_task_has_monthly_due_date" time="0.114" /><testcase classname="backend.tests.test_phase2_integration.TestTransactionReviewTask" name="test_tasks_endpoint_returns_transaction_review_with_status" time="0.114" /><testcase classname="backend.tests.test_phase2_integration.TestGenerateResolutionMinutes" name="test_generate_resolution_requires_resolved_alert" time="0.240" /><testcase classname="backend.tests.test_phase2_integration.TestGenerateResolutionMinutes" name="test_generate_resolution_for_resolved_alert" time="0.241" /><testcase classname="backend.tests.test_phase2_integration.TestGenerateResolutionMinutes" name="test_generated_minutes_contain_alert_details" time="0.342" /><testcase classname="backend.tests.test_phase2_integration.TestGenerateResolutionMinutes" name="test_generate_resolution_returns_404_for_invalid_alert" time="0.121" /><testcase classname="backend.tests.test_phase2_integration.TestHealthScorePointsDistribution" name="test_transaction_classification_points_logic" time="0.110" /><testcase classname="backend.tests.test_phase2_integration.TestHealthScorePointsDistribution" name="test_separation_alert_health_points_logic" time="0.126" /></testsuite></testsuites>