<?xml version="1.0" encoding="utf-8"?><testsuites name="pytest tests"><testsuite name="pytest" errors="0" failures="0" skipped="0" tests="29" time="4.068" timestamp="2026-04-18T14:39:05.391226+00:00" hostname="agent-env-192b0f45-f2fc-4942-94a3-4ce59f106c9b"><testcase classname="backend.tests.test_phase2_comprehensive.TestTransactionLedger" name="test_create_transaction_all_fields" time="0.665" /><testcase classname="backend.tests.test_phase2_comprehensive.TestTransactionLedger" name="test_create_transaction_requires_classification" time="0.067" /><testcase classname="backend.tests.test_phase2_comprehensive.TestTransactionLedger" name="test_other_classification_requires_note" time="0.051" /><testcase classname="backend.tests.test_phase2_comprehensive.TestTransactionLedger" name="test_other_classification_with_note_succeeds" time="0.105" /><testcase classname="backend.tests.test_phase2_comprehensive.TestTransactionLedger" name="test_get_transactions_with_filters" time="0.145" /><testcase classname="backend.tests.test_phase2_comprehensive.TestTransactionLedger" name="test_per_entity_scoping" time="0.209" /><testcase classname="backend.tests.test_phase2_comprehensive.TestTransactionLedger" name="test_csv_import" time="0.252" /><testcase classname="backend.tests.test_phase2_comprehensive.TestTransactionLedger" name="test_bulk_classify" time="0.301" /><testcase classname="backend.tests.test_phase2_comprehensive.TestTransactionLedger" name="test_long_memo_2000_chars" time="0.098" /><testcase classname="backend.tests.test_phase2_comprehensive.TestAlertDetection" name="test_trust_paying_personal_triggers_red_alert" time="0.150" /><testcase classname="backend.tests.test_phase2_comprehensive.TestAlertDetection" name="test_large_unexplained_triggers_yellow_alert" time="0.148" /><testcase classname="backend.tests.test_phase2_comprehensive.TestAlertDetection" name="test_unlinked_distribution_triggers_alert" time="0.148" /><testcase classname="backend.tests.test_phase2_comprehensive.TestAlertDetection" name="test_unlinked_compensation_triggers_alert" time="0.151" /><testcase classname="backend.tests.test_phase2_comprehensive.TestAlertDetection" name="test_no_false_positive_clean_transaction" time="0.149" /><testcase classname="backend.tests.test_phase2_comprehensive.TestAlertDetection" name="test_resolve_alert_with_note" time="0.206" /><testcase classname="backend.tests.test_phase2_comprehensive.TestAlertDetection" name="test_resolve_without_note_rejected" time="0.101" /><testcase classname="backend.tests.test_phase2_comprehensive.TestAlertDetection" name="test_already_resolved_rejected" time="0.149" /><testcase classname="backend.tests.test_phase2_comprehensive.TestAlertDetection" name="test_alert_history_preserved" time="0.047" /><testcase classname="backend.tests.test_phase2_comprehensive.TestAlertDetection" name="test_pattern_scan" time="0.053" /><testcase classname="backend.tests.test_phase2_comprehensive.TestAlertDetection" name="test_generate_resolution_minutes" time="0.100" /><testcase classname="backend.tests.test_phase2_comprehensive.TestHealthScore" name="test_health_score_7_criteria" time="0.057" /><testcase classname="backend.tests.test_phase2_comprehensive.TestHealthScore" name="test_red_alerts_decrease_score" time="0.165" /><testcase classname="backend.tests.test_phase2_comprehensive.TestSeparationDashboard" name="test_separation_dashboard_data" time="0.050" /><testcase classname="backend.tests.test_phase2_comprehensive.TestSeparationDashboard" name="test_entity_cards_have_alert_badges" time="0.048" /><testcase classname="backend.tests.test_phase2_comprehensive.TestAuditDefensePDF" name="test_audit_defense_pdf_generation" time="0.082" /><testcase classname="backend.tests.test_phase2_comprehensive.TestIntegration" name="test_transaction_review_task_auto_created" time="0.102" /><testcase classname="backend.tests.test_phase2_comprehensive.TestEdgeCases" name="test_zero_amount_transaction" time="0.048" /><testcase classname="backend.tests.test_phase2_comprehensive.TestEdgeCases" name="test_data_isolation_between_trusts" time="0.093" /><testcase classname="backend.tests.test_phase2_comprehensive.TestEdgeCases" name="test_empty_ledger_state" time="0.048" /></testsuite></testsuites>