<?xml version="1.0" encoding="utf-8"?><testsuites name="pytest tests"><testsuite name="pytest" errors="0" failures="2" skipped="0" tests="20" time="8.035" timestamp="2026-03-02T03:52:58.537680+00:00" hostname="agent-env-51f90744-018f-41c4-89b2-e3fe3bd507c6"><testcase classname="backend.tests.test_preferences_router_cleanup.TestAuthEndpointsViaRouter" name="test_login_endpoint_works" time="0.496" /><testcase classname="backend.tests.test_preferences_router_cleanup.TestAuthEndpointsViaRouter" name="test_me_endpoint_with_token" time="0.416" /><testcase classname="backend.tests.test_preferences_router_cleanup.TestAuthEndpointsViaRouter" name="test_me_endpoint_without_token" time="0.104" /><testcase classname="backend.tests.test_preferences_router_cleanup.TestPreferencesRouter" name="test_get_notification_preferences" time="0.439" /><testcase classname="backend.tests.test_preferences_router_cleanup.TestPreferencesRouter" name="test_put_notification_preferences" time="0.448" /><testcase classname="backend.tests.test_preferences_router_cleanup.TestPreferencesRouter" name="test_get_user_preferences" time="0.542" /><testcase classname="backend.tests.test_preferences_router_cleanup.TestPreferencesRouter" name="test_put_user_preferences_hide_watermark_requires_paid" time="0.415"><failure message="AssertionError: Expected 403 for trial user, got 200: {&quot;message&quot;:&quot;Preferences updated&quot;,&quot;preferences&quot;:{&quot;user_id&quot;:&quot;user_91cd01143797&quot;,&quot;hide_watermark&quot;:true}}&#10;assert 200 == 403&#10; +  where 200 = &lt;Response [200]&gt;.status_code">backend/tests/test_preferences_router_cleanup.py:142: in test_put_user_preferences_hide_watermark_requires_paid
    assert response.status_code == 403, f"Expected 403 for trial user, got {response.status_code}: {response.text}"
E   AssertionError: Expected 403 for trial user, got 200: {"message":"Preferences updated","preferences":{"user_id":"user_91cd01143797","hide_watermark":true}}
E   assert 200 == 403
E    +  where 200 = &lt;Response [200]&gt;.status_code</failure></testcase><testcase classname="backend.tests.test_preferences_router_cleanup.TestCoreFeatures" name="test_get_trusts_endpoint" time="0.449" /><testcase classname="backend.tests.test_preferences_router_cleanup.TestCoreFeatures" name="test_get_entities_endpoint" time="0.382"><failure message="AssertionError: Failed: {&quot;detail&quot;:[{&quot;type&quot;:&quot;missing&quot;,&quot;loc&quot;:[&quot;query&quot;,&quot;trust_id&quot;],&quot;msg&quot;:&quot;Field required&quot;,&quot;input&quot;:null,&quot;url&quot;:&quot;https://errors.pydantic.dev/2.12/v/missing&quot;}]}&#10;assert 422 == 200&#10; +  where 422 = &lt;Response [422]&gt;.status_code">backend/tests/test_preferences_router_cleanup.py:175: in test_get_entities_endpoint
    assert response.status_code == 200, f"Failed: {response.text}"
E   AssertionError: Failed: {"detail":[{"type":"missing","loc":["query","trust_id"],"msg":"Field required","input":null,"url":"https://errors.pydantic.dev/2.12/v/missing"}]}
E   assert 422 == 200
E    +  where 422 = &lt;Response [422]&gt;.status_code</failure></testcase><testcase classname="backend.tests.test_preferences_router_cleanup.TestCoreFeatures" name="test_get_tasks_endpoint" time="0.397" /><testcase classname="backend.tests.test_preferences_router_cleanup.TestCoreFeatures" name="test_get_minutes_endpoint" time="0.411" /><testcase classname="backend.tests.test_preferences_router_cleanup.TestCoreFeatures" name="test_get_distributions_endpoint" time="0.395" /><testcase classname="backend.tests.test_preferences_router_cleanup.TestDashboardEndpoint" name="test_get_dashboard_endpoint" time="0.397" /><testcase classname="backend.tests.test_preferences_router_cleanup.TestFeatureGates" name="test_governance_history_gate" time="0.448" /><testcase classname="backend.tests.test_preferences_router_cleanup.TestFeatureGates" name="test_trust_units_gate" time="0.409" /><testcase classname="backend.tests.test_preferences_router_cleanup.TestFeatureGates" name="test_beneficiary_dashboard_gate" time="0.472" /><testcase classname="backend.tests.test_preferences_router_cleanup.TestDependenciesImports" name="test_subscription_state_endpoint" time="0.398" /><testcase classname="backend.tests.test_preferences_router_cleanup.TestDependenciesImports" name="test_subscription_features_endpoint" time="0.383" /><testcase classname="backend.tests.test_preferences_router_cleanup.TestDependenciesImports" name="test_governance_health_score" time="0.442" /><testcase classname="backend.tests.test_preferences_router_cleanup.TestModelsImports" name="test_categories_endpoint_returns_enums" time="0.107" /></testsuite></testsuites>