<?xml version="1.0" encoding="utf-8"?><testsuites name="pytest tests"><testsuite name="pytest" errors="0" failures="0" skipped="0" tests="20" time="7.446" timestamp="2026-03-02T03:54:31.728702+00:00" hostname="agent-env-51f90744-018f-41c4-89b2-e3fe3bd507c6"><testcase classname="backend.tests.test_preferences_router_cleanup.TestAuthEndpointsViaRouter" name="test_login_endpoint_works" time="0.370" /><testcase classname="backend.tests.test_preferences_router_cleanup.TestAuthEndpointsViaRouter" name="test_me_endpoint_with_token" time="0.407" /><testcase classname="backend.tests.test_preferences_router_cleanup.TestAuthEndpointsViaRouter" name="test_me_endpoint_without_token" time="0.123" /><testcase classname="backend.tests.test_preferences_router_cleanup.TestPreferencesRouter" name="test_get_notification_preferences" time="0.394" /><testcase classname="backend.tests.test_preferences_router_cleanup.TestPreferencesRouter" name="test_put_notification_preferences" time="0.458" /><testcase classname="backend.tests.test_preferences_router_cleanup.TestPreferencesRouter" name="test_get_user_preferences" time="0.385" /><testcase classname="backend.tests.test_preferences_router_cleanup.TestPreferencesRouter" name="test_put_user_preferences_hide_watermark" time="0.383" /><testcase classname="backend.tests.test_preferences_router_cleanup.TestCoreFeatures" name="test_get_trusts_endpoint" time="0.412" /><testcase classname="backend.tests.test_preferences_router_cleanup.TestCoreFeatures" name="test_get_entities_endpoint" time="0.393" /><testcase classname="backend.tests.test_preferences_router_cleanup.TestCoreFeatures" name="test_get_tasks_endpoint" time="0.378" /><testcase classname="backend.tests.test_preferences_router_cleanup.TestCoreFeatures" name="test_get_minutes_endpoint" time="0.392" /><testcase classname="backend.tests.test_preferences_router_cleanup.TestCoreFeatures" name="test_get_distributions_endpoint" time="0.392" /><testcase classname="backend.tests.test_preferences_router_cleanup.TestDashboardEndpoint" name="test_get_dashboard_endpoint" time="0.435" /><testcase classname="backend.tests.test_preferences_router_cleanup.TestFeatureGates" name="test_governance_history_gate" time="0.389" /><testcase classname="backend.tests.test_preferences_router_cleanup.TestFeatureGates" name="test_trust_units_gate" time="0.420" /><testcase classname="backend.tests.test_preferences_router_cleanup.TestFeatureGates" name="test_beneficiary_dashboard_gate" time="0.391" /><testcase classname="backend.tests.test_preferences_router_cleanup.TestDependenciesImports" name="test_subscription_state_endpoint" time="0.403" /><testcase classname="backend.tests.test_preferences_router_cleanup.TestDependenciesImports" name="test_subscription_features_endpoint" time="0.375" /><testcase classname="backend.tests.test_preferences_router_cleanup.TestDependenciesImports" name="test_governance_health_score" time="0.396" /><testcase classname="backend.tests.test_preferences_router_cleanup.TestModelsImports" name="test_categories_endpoint_returns_enums" time="0.123" /></testsuite></testsuites>