<?xml version="1.0" encoding="utf-8"?><testsuites name="pytest tests"><testsuite name="pytest" errors="0" failures="0" skipped="0" tests="15" time="2.929" timestamp="2026-03-02T02:54:57.750105+00:00" hostname="agent-env-52d3e618-a500-4713-a58f-bafae9fd1fbe"><testcase classname="backend.tests.test_premium_feature_gating.TestSubscriptionFeatures" name="test_subscription_features_requires_auth" time="0.164" /><testcase classname="backend.tests.test_premium_feature_gating.TestSubscriptionFeatures" name="test_subscription_features_returns_correct_structure" time="0.499" /><testcase classname="backend.tests.test_premium_feature_gating.TestSubscriptionFeatures" name="test_trial_user_has_correct_feature_flags" time="0.110" /><testcase classname="backend.tests.test_premium_feature_gating.TestSubscriptionFeatures" name="test_trial_user_csv_export_is_false" time="0.139" /><testcase classname="backend.tests.test_premium_feature_gating.TestSubscriptionFeatures" name="test_trial_user_benevolence_mode_is_false" time="0.126" /><testcase classname="backend.tests.test_premium_feature_gating.TestSubscriptionFeatures" name="test_trial_user_trust_units_is_false" time="0.115" /><testcase classname="backend.tests.test_premium_feature_gating.TestExportFeatureGating" name="test_export_minutes_returns_402_for_trial" time="0.443" /><testcase classname="backend.tests.test_premium_feature_gating.TestExportFeatureGating" name="test_export_distributions_returns_402_for_trial" time="0.116" /><testcase classname="backend.tests.test_premium_feature_gating.TestExportFeatureGating" name="test_export_compensation_returns_402_for_trial" time="0.135" /><testcase classname="backend.tests.test_premium_feature_gating.TestExportFeatureGating" name="test_export_tasks_returns_402_for_trial" time="0.150" /><testcase classname="backend.tests.test_premium_feature_gating.TestExportAuthentication" name="test_export_minutes_requires_auth" time="0.105" /><testcase classname="backend.tests.test_premium_feature_gating.TestExportAuthentication" name="test_export_distributions_requires_auth" time="0.118" /><testcase classname="backend.tests.test_premium_feature_gating.TestExportAuthentication" name="test_export_compensation_requires_auth" time="0.102" /><testcase classname="backend.tests.test_premium_feature_gating.TestExportAuthentication" name="test_export_tasks_requires_auth" time="0.107" /><testcase classname="backend.tests.test_premium_feature_gating.TestPlanFeaturesConfiguration" name="test_trial_plan_has_only_core_features" time="0.452" /></testsuite></testsuites>