<?xml version="1.0" encoding="utf-8"?><testsuites name="pytest tests"><testsuite name="pytest" errors="0" failures="0" skipped="0" tests="26" time="7.937" timestamp="2026-02-22T22:48:11.742930+00:00" hostname="agent-env-c6e0330d-13d0-4aa3-9525-b6b68496cf17"><testcase classname="backend.tests.test_trustoffice_api.TestHealthAndCategories" name="test_categories_endpoint" time="0.290" /><testcase classname="backend.tests.test_trustoffice_api.TestAuthentication" name="test_login_with_valid_credentials" time="0.381" /><testcase classname="backend.tests.test_trustoffice_api.TestAuthentication" name="test_get_current_user" time="0.397" /><testcase classname="backend.tests.test_trustoffice_api.TestAuthentication" name="test_login_invalid_credentials" time="0.065" /><testcase classname="backend.tests.test_trustoffice_api.TestTrusts" name="test_get_trusts" time="0.440" /><testcase classname="backend.tests.test_trustoffice_api.TestTrusts" name="test_get_single_trust" time="0.167" /><testcase classname="backend.tests.test_trustoffice_api.TestGovernanceTasks" name="test_get_tasks" time="0.461" /><testcase classname="backend.tests.test_trustoffice_api.TestGovernanceTasks" name="test_create_task" time="0.071" /><testcase classname="backend.tests.test_trustoffice_api.TestGovernanceTasks" name="test_complete_task" time="0.179" /><testcase classname="backend.tests.test_trustoffice_api.TestGovernanceTasks" name="test_delete_task" time="0.184" /><testcase classname="backend.tests.test_trustoffice_api.TestEntities" name="test_get_entities" time="0.494" /><testcase classname="backend.tests.test_trustoffice_api.TestEntities" name="test_create_entity" time="0.122" /><testcase classname="backend.tests.test_trustoffice_api.TestEntities" name="test_get_single_entity" time="0.117" /><testcase classname="backend.tests.test_trustoffice_api.TestEntityRelationships" name="test_get_relationships" time="0.548" /><testcase classname="backend.tests.test_trustoffice_api.TestCompensation" name="test_get_compensation_plans" time="0.464" /><testcase classname="backend.tests.test_trustoffice_api.TestCompensation" name="test_get_compensation_payments" time="0.054" /><testcase classname="backend.tests.test_trustoffice_api.TestCompensation" name="test_get_compensation_ytd" time="0.063" /><testcase classname="backend.tests.test_trustoffice_api.TestCompensation" name="test_create_compensation_payment" time="0.143" /><testcase classname="backend.tests.test_trustoffice_api.TestDistributions" name="test_get_distributions" time="0.500" /><testcase classname="backend.tests.test_trustoffice_api.TestDistributions" name="test_create_distribution" time="0.158" /><testcase classname="backend.tests.test_trustoffice_api.TestMinutes" name="test_get_minutes" time="0.474" /><testcase classname="backend.tests.test_trustoffice_api.TestMinutes" name="test_create_minutes" time="0.121" /><testcase classname="backend.tests.test_trustoffice_api.TestGovernanceHealth" name="test_get_governance_health" time="0.468" /><testcase classname="backend.tests.test_trustoffice_api.TestActivity" name="test_get_activity" time="0.488" /><testcase classname="backend.tests.test_trustoffice_api.TestSubscription" name="test_get_subscription" time="0.456" /><testcase classname="backend.tests.test_trustoffice_api.TestOnboarding" name="test_get_onboarding" time="0.476" /></testsuite></testsuites>