<?xml version="1.0" encoding="utf-8"?><testsuites name="pytest tests"><testsuite name="pytest" errors="0" failures="0" skipped="0" tests="36" time="11.611" timestamp="2026-02-22T23:15:37.954668+00:00" hostname="agent-env-c6e0330d-13d0-4aa3-9525-b6b68496cf17"><testcase classname="backend.tests.test_trustoffice_api.TestHealthAndCategories" name="test_categories_endpoint" time="0.136" /><testcase classname="backend.tests.test_trustoffice_api.TestAuthentication" name="test_login_with_valid_credentials" time="0.348" /><testcase classname="backend.tests.test_trustoffice_api.TestAuthentication" name="test_get_current_user" time="0.348" /><testcase classname="backend.tests.test_trustoffice_api.TestAuthentication" name="test_login_invalid_credentials" time="0.066" /><testcase classname="backend.tests.test_trustoffice_api.TestTrusts" name="test_get_trusts" time="0.459" /><testcase classname="backend.tests.test_trustoffice_api.TestTrusts" name="test_get_single_trust" time="0.148" /><testcase classname="backend.tests.test_trustoffice_api.TestGovernanceTasks" name="test_get_tasks" time="0.937" /><testcase classname="backend.tests.test_trustoffice_api.TestGovernanceTasks" name="test_create_task" time="0.059" /><testcase classname="backend.tests.test_trustoffice_api.TestGovernanceTasks" name="test_complete_task" time="0.188" /><testcase classname="backend.tests.test_trustoffice_api.TestGovernanceTasks" name="test_delete_task" time="0.188" /><testcase classname="backend.tests.test_trustoffice_api.TestEntities" name="test_get_entities" time="0.538" /><testcase classname="backend.tests.test_trustoffice_api.TestEntities" name="test_create_entity" time="0.137" /><testcase classname="backend.tests.test_trustoffice_api.TestEntities" name="test_get_single_entity" time="0.137" /><testcase classname="backend.tests.test_trustoffice_api.TestEntityRelationships" name="test_get_relationships" time="0.583" /><testcase classname="backend.tests.test_trustoffice_api.TestCompensation" name="test_get_compensation_plans" time="0.541" /><testcase classname="backend.tests.test_trustoffice_api.TestCompensation" name="test_get_compensation_payments" time="0.069" /><testcase classname="backend.tests.test_trustoffice_api.TestCompensation" name="test_get_compensation_ytd" time="0.065" /><testcase classname="backend.tests.test_trustoffice_api.TestCompensation" name="test_create_compensation_payment" time="0.140" /><testcase classname="backend.tests.test_trustoffice_api.TestDistributions" name="test_get_distributions" time="0.516" /><testcase classname="backend.tests.test_trustoffice_api.TestDistributions" name="test_create_distribution" time="0.127" /><testcase classname="backend.tests.test_trustoffice_api.TestMinutes" name="test_get_minutes" time="0.467" /><testcase classname="backend.tests.test_trustoffice_api.TestMinutes" name="test_create_minutes" time="0.124" /><testcase classname="backend.tests.test_trustoffice_api.TestGovernanceHealth" name="test_get_governance_health" time="0.506" /><testcase classname="backend.tests.test_trustoffice_api.TestActivity" name="test_get_activity" time="0.724" /><testcase classname="backend.tests.test_trustoffice_api.TestSubscription" name="test_get_subscription" time="0.428" /><testcase classname="backend.tests.test_trustoffice_api.TestOnboarding" name="test_get_onboarding" time="0.463" /><testcase classname="backend.tests.test_trustoffice_api.TestGovernanceHealthScore" name="test_get_governance_health_returns_5_criteria" time="0.477" /><testcase classname="backend.tests.test_trustoffice_api.TestDistributionApproval" name="test_approve_without_solvency_fails" time="0.649" /><testcase classname="backend.tests.test_trustoffice_api.TestDistributionApproval" name="test_approve_without_recusal_fails" time="0.209" /><testcase classname="backend.tests.test_trustoffice_api.TestDistributionApproval" name="test_approve_with_both_confirmations_succeeds" time="0.170" /><testcase classname="backend.tests.test_trustoffice_api.TestMinutesPDF" name="test_get_minutes_pdf_returns_base64" time="0.534" /><testcase classname="backend.tests.test_trustoffice_api.TestMinutesPDF" name="test_get_minutes_pdf_for_nonexistent_returns_404" time="0.060" /><testcase classname="backend.tests.test_trustoffice_api.TestMinutesPDF" name="test_create_minutes_and_get_pdf" time="0.180" /><testcase classname="backend.tests.test_trustoffice_api.TestGovernanceHistory" name="test_get_governance_history_returns_daily_scores" time="0.583" /><testcase classname="backend.tests.test_trustoffice_api.TestGovernanceHistory" name="test_get_governance_history_custom_days" time="0.119" /><testcase classname="backend.tests.test_trustoffice_api.TestGovernanceHistory" name="test_get_governance_history_for_nonexistent_trust_returns_404" time="0.103" /></testsuite></testsuites>