<?xml version="1.0" encoding="utf-8"?><testsuites name="pytest tests"><testsuite name="pytest" errors="3" failures="0" skipped="0" tests="11" time="3.589" timestamp="2026-03-05T01:10:11.201147+00:00" hostname="agent-env-192b0f45-f2fc-4942-94a3-4ce59f106c9b"><testcase classname="tests.test_referrals.TestReferralEndpoints" name="test_get_my_referral_code" time="0.576" /><testcase classname="tests.test_referrals.TestReferralEndpoints" name="test_get_referral_stats" time="0.462" /><testcase classname="tests.test_referrals.TestReferralEndpoints" name="test_validate_referral_code_valid" time="0.720" /><testcase classname="tests.test_referrals.TestReferralEndpoints" name="test_validate_referral_code_invalid" time="0.474" /><testcase classname="tests.test_referrals.TestReferralEndpoints" name="test_validate_referral_code_case_insensitive" time="0.584" /><testcase classname="tests.test_referrals.TestRegistrationWithReferral" name="test_register_with_valid_referral_code" time="0.134"><error message="failed on setup with &quot;AssertionError: Login failed: {&quot;detail&quot;:&quot;Too many requests. Please try again later.&quot;,&quot;retry_after&quot;:60}&#10;assert 429 == 200&#10; +  where 429 = &lt;Response [429]&gt;.status_code&quot;">tests/test_referrals.py:154: in setup
    assert login_response.status_code == 200, f"Login failed: {login_response.text}"
E   AssertionError: Login failed: {"detail":"Too many requests. Please try again later.","retry_after":60}
E   assert 429 == 200
E    +  where 429 = &lt;Response [429]&gt;.status_code</error></testcase><testcase classname="tests.test_referrals.TestRegistrationWithReferral" name="test_register_with_invalid_referral_code" time="0.109"><error message="failed on setup with &quot;AssertionError: Login failed: {&quot;detail&quot;:&quot;Too many requests. Please try again later.&quot;,&quot;retry_after&quot;:60}&#10;assert 429 == 200&#10; +  where 429 = &lt;Response [429]&gt;.status_code&quot;">tests/test_referrals.py:154: in setup
    assert login_response.status_code == 200, f"Login failed: {login_response.text}"
E   AssertionError: Login failed: {"detail":"Too many requests. Please try again later.","retry_after":60}
E   assert 429 == 200
E    +  where 429 = &lt;Response [429]&gt;.status_code</error></testcase><testcase classname="tests.test_referrals.TestRegistrationWithReferral" name="test_register_without_referral_code" time="0.105"><error message="failed on setup with &quot;AssertionError: Login failed: {&quot;detail&quot;:&quot;Too many requests. Please try again later.&quot;,&quot;retry_after&quot;:60}&#10;assert 429 == 200&#10; +  where 429 = &lt;Response [429]&gt;.status_code&quot;">tests/test_referrals.py:154: in setup
    assert login_response.status_code == 200, f"Login failed: {login_response.text}"
E   AssertionError: Login failed: {"detail":"Too many requests. Please try again later.","retry_after":60}
E   assert 429 == 200
E    +  where 429 = &lt;Response [429]&gt;.status_code</error></testcase><testcase classname="tests.test_referrals.TestReferralUnauthorized" name="test_my_code_requires_auth" time="0.118" /><testcase classname="tests.test_referrals.TestReferralUnauthorized" name="test_stats_requires_auth" time="0.115" /><testcase classname="tests.test_referrals.TestReferralUnauthorized" name="test_validate_is_public" time="0.119" /></testsuite></testsuites>