<?xml version="1.0" encoding="utf-8"?><testsuites name="pytest tests"><testsuite name="pytest" errors="0" failures="0" skipped="0" tests="30" time="6.297" timestamp="2026-03-02T03:08:19.171489+00:00" hostname="agent-env-51f90744-018f-41c4-89b2-e3fe3bd507c6"><testcase classname="tests.test_router_migrations.TestAuthentication" name="test_login_works" time="0.354" /><testcase classname="tests.test_router_migrations.TestScheduleARouter" name="test_get_schedule_a_items_requires_auth" time="0.110" /><testcase classname="tests.test_router_migrations.TestScheduleARouter" name="test_get_schedule_a_items_returns_list" time="0.448" /><testcase classname="tests.test_router_migrations.TestScheduleARouter" name="test_get_schedule_a_item_not_found" time="0.115" /><testcase classname="tests.test_router_migrations.TestScheduleARouter" name="test_get_schedule_a_summary" time="0.113" /><testcase classname="tests.test_router_migrations.TestScheduleARouter" name="test_get_schedule_a_summary_invalid_trust" time="0.121" /><testcase classname="tests.test_router_migrations.TestScheduleARouter" name="test_create_schedule_a_item" time="0.265" /><testcase classname="tests.test_router_migrations.TestScheduleARouter" name="test_create_and_get_schedule_a_item" time="0.375" /><testcase classname="tests.test_router_migrations.TestScheduleARouter" name="test_update_schedule_a_item" time="0.471" /><testcase classname="tests.test_router_migrations.TestScheduleARouter" name="test_delete_schedule_a_item" time="0.399" /><testcase classname="tests.test_router_migrations.TestScheduleARouter" name="test_delete_schedule_a_item_not_found" time="0.120" /><testcase classname="tests.test_router_migrations.TestCompensationRouter" name="test_get_compensation_plans_requires_auth" time="0.113" /><testcase classname="tests.test_router_migrations.TestCompensationRouter" name="test_get_compensation_plans_returns_list" time="0.106" /><testcase classname="tests.test_router_migrations.TestCompensationRouter" name="test_create_compensation_plan" time="0.110" /><testcase classname="tests.test_router_migrations.TestCompensationRouter" name="test_create_compensation_plan_invalid_trust" time="0.118" /><testcase classname="tests.test_router_migrations.TestCompensationRouter" name="test_get_compensation_payments_requires_auth" time="0.112" /><testcase classname="tests.test_router_migrations.TestCompensationRouter" name="test_get_compensation_payments_returns_list" time="0.116" /><testcase classname="tests.test_router_migrations.TestCompensationRouter" name="test_create_compensation_payment" time="0.227" /><testcase classname="tests.test_router_migrations.TestCompensationRouter" name="test_get_compensation_ytd" time="0.108" /><testcase classname="tests.test_router_migrations.TestCompensationRouter" name="test_delete_compensation_payment" time="0.258" /><testcase classname="tests.test_router_migrations.TestCompensationRouter" name="test_delete_compensation_payment_not_found" time="0.111" /><testcase classname="tests.test_router_migrations.TestSubscriptionRouter" name="test_get_subscription_requires_auth" time="0.125" /><testcase classname="tests.test_router_migrations.TestSubscriptionRouter" name="test_get_subscription_returns_details" time="0.125" /><testcase classname="tests.test_router_migrations.TestSubscriptionRouter" name="test_get_subscription_state" time="0.181" /><testcase classname="tests.test_router_migrations.TestSubscriptionRouter" name="test_get_subscription_features" time="0.131" /><testcase classname="tests.test_router_migrations.TestSubscriptionRouter" name="test_create_checkout_requires_auth" time="0.117" /><testcase classname="tests.test_router_migrations.TestSubscriptionRouter" name="test_create_checkout_invalid_plan_type" time="0.102" /><testcase classname="tests.test_router_migrations.TestSubscriptionRouter" name="test_create_portal_requires_auth" time="0.134" /><testcase classname="tests.test_router_migrations.TestRouterIntegration" name="test_all_routers_respond" time="0.849" /><testcase classname="tests.test_router_migrations.TestRouterIntegration" name="test_schedule_a_summary_matches_list" time="0.235" /></testsuite></testsuites>