<?xml version="1.0" encoding="utf-8"?><testsuites name="pytest tests"><testsuite name="pytest" errors="0" failures="2" skipped="0" tests="30" time="6.151" timestamp="2026-03-02T03:07:32.605890+00:00" hostname="agent-env-51f90744-018f-41c4-89b2-e3fe3bd507c6"><testcase classname="tests.test_router_migrations.TestAuthentication" name="test_login_works" time="0.441" /><testcase classname="tests.test_router_migrations.TestScheduleARouter" name="test_get_schedule_a_items_requires_auth" time="0.127" /><testcase classname="tests.test_router_migrations.TestScheduleARouter" name="test_get_schedule_a_items_returns_list" time="0.452" /><testcase classname="tests.test_router_migrations.TestScheduleARouter" name="test_get_schedule_a_item_not_found" time="0.157" /><testcase classname="tests.test_router_migrations.TestScheduleARouter" name="test_get_schedule_a_summary" time="0.158" /><testcase classname="tests.test_router_migrations.TestScheduleARouter" name="test_get_schedule_a_summary_invalid_trust" time="0.132" /><testcase classname="tests.test_router_migrations.TestScheduleARouter" name="test_create_schedule_a_item" time="0.221" /><testcase classname="tests.test_router_migrations.TestScheduleARouter" name="test_create_and_get_schedule_a_item" time="0.438" /><testcase classname="tests.test_router_migrations.TestScheduleARouter" name="test_update_schedule_a_item" time="0.469" /><testcase classname="tests.test_router_migrations.TestScheduleARouter" name="test_delete_schedule_a_item" time="0.361" /><testcase classname="tests.test_router_migrations.TestScheduleARouter" name="test_delete_schedule_a_item_not_found" time="0.118" /><testcase classname="tests.test_router_migrations.TestCompensationRouter" name="test_get_compensation_plans_requires_auth" time="0.119" /><testcase classname="tests.test_router_migrations.TestCompensationRouter" name="test_get_compensation_plans_returns_list" time="0.113" /><testcase classname="tests.test_router_migrations.TestCompensationRouter" name="test_create_compensation_plan" time="0.138" /><testcase classname="tests.test_router_migrations.TestCompensationRouter" name="test_create_compensation_plan_invalid_trust" time="0.104" /><testcase classname="tests.test_router_migrations.TestCompensationRouter" name="test_get_compensation_payments_requires_auth" time="0.121" /><testcase classname="tests.test_router_migrations.TestCompensationRouter" name="test_get_compensation_payments_returns_list" time="0.106"><failure message="assert 500 == 200&#10; +  where 500 = &lt;Response [500]&gt;.status_code">tests/test_router_migrations.py:323: in test_get_compensation_payments_returns_list
    assert response.status_code == 200
E   assert 500 == 200
E    +  where 500 = &lt;Response [500]&gt;.status_code</failure></testcase><testcase classname="tests.test_router_migrations.TestCompensationRouter" name="test_create_compensation_payment" time="0.251" /><testcase classname="tests.test_router_migrations.TestCompensationRouter" name="test_get_compensation_ytd" time="0.114" /><testcase classname="tests.test_router_migrations.TestCompensationRouter" name="test_delete_compensation_payment" time="0.317" /><testcase classname="tests.test_router_migrations.TestCompensationRouter" name="test_delete_compensation_payment_not_found" time="0.177" /><testcase classname="tests.test_router_migrations.TestSubscriptionRouter" name="test_get_subscription_requires_auth" time="0.110" /><testcase classname="tests.test_router_migrations.TestSubscriptionRouter" name="test_get_subscription_returns_details" time="0.113" /><testcase classname="tests.test_router_migrations.TestSubscriptionRouter" name="test_get_subscription_state" time="0.107" /><testcase classname="tests.test_router_migrations.TestSubscriptionRouter" name="test_get_subscription_features" time="0.125" /><testcase classname="tests.test_router_migrations.TestSubscriptionRouter" name="test_create_checkout_requires_auth" time="0.138" /><testcase classname="tests.test_router_migrations.TestSubscriptionRouter" name="test_create_checkout_invalid_plan_type" time="0.112" /><testcase classname="tests.test_router_migrations.TestSubscriptionRouter" name="test_create_portal_requires_auth" time="0.117" /><testcase classname="tests.test_router_migrations.TestRouterIntegration" name="test_all_routers_respond" time="0.346"><failure message="assert 500 == 200&#10; +  where 500 = &lt;Response [500]&gt;.status_code">tests/test_router_migrations.py:526: in test_all_routers_respond
    assert comp_payments_response.status_code == 200
E   assert 500 == 200
E    +  where 500 = &lt;Response [500]&gt;.status_code</failure></testcase><testcase classname="tests.test_router_migrations.TestRouterIntegration" name="test_schedule_a_summary_matches_list" time="0.251" /></testsuite></testsuites>