<?xml version="1.0" encoding="utf-8"?><testsuites name="pytest tests"><testsuite name="pytest" errors="0" failures="0" skipped="0" tests="11" time="7.203" timestamp="2026-02-24T18:10:55.603596+00:00" hostname="agent-env-99435c89-50fb-4023-9c37-b3304b54a6b2"><testcase classname="backend.tests.test_schedule_a_disposition.TestScheduleADisposition" name="test_01_template_options_includes_disposition" time="0.861" /><testcase classname="backend.tests.test_schedule_a_disposition.TestScheduleADisposition" name="test_02_schedule_a_status_filtering_active" time="0.510" /><testcase classname="backend.tests.test_schedule_a_disposition.TestScheduleADisposition" name="test_03_schedule_a_status_filtering_all" time="0.581" /><testcase classname="backend.tests.test_schedule_a_disposition.TestScheduleADisposition" name="test_04_accept_property_template_creates_schedule_a_entry" time="0.566" /><testcase classname="backend.tests.test_schedule_a_disposition.TestScheduleADisposition" name="test_05_disposition_template_loads_active_assets" time="0.529" /><testcase classname="backend.tests.test_schedule_a_disposition.TestScheduleADisposition" name="test_06_disposition_template_marks_asset_disposed" time="0.644" /><testcase classname="backend.tests.test_schedule_a_disposition.TestScheduleADisposition" name="test_07_disposed_assets_hidden_by_default" time="0.579" /><testcase classname="backend.tests.test_schedule_a_disposition.TestScheduleADisposition" name="test_08_schedule_a_item_response_has_new_fields" time="0.505" /><testcase classname="backend.tests.test_schedule_a_disposition.TestScheduleADisposition" name="test_09_disposition_without_update_schedule_a" time="0.714" /><testcase classname="backend.tests.test_schedule_a_disposition.TestScheduleADisposition" name="test_10_cleanup_test_assets" time="0.853" /><testcase classname="backend.tests.test_schedule_a_disposition.TestDispositionMinutesContent" name="test_disposition_minutes_content_includes_sale_details" time="0.816" /></testsuite></testsuites>