<?xml version="1.0" encoding="utf-8"?><testsuites name="pytest tests"><testsuite name="pytest" errors="0" failures="0" skipped="0" tests="7" time="3.535" timestamp="2026-02-24T13:02:11.574465+00:00" hostname="agent-env-2e5d4959-9676-418c-a189-8a48c4598c45"><testcase classname="backend.tests.test_schedule_a_pdf.TestScheduleAPDFExport" name="test_export_pdf_endpoint_exists" time="0.599" /><testcase classname="backend.tests.test_schedule_a_pdf.TestScheduleAPDFExport" name="test_export_pdf_returns_valid_base64" time="0.465" /><testcase classname="backend.tests.test_schedule_a_pdf.TestScheduleAPDFExport" name="test_export_pdf_filename_format" time="0.492" /><testcase classname="backend.tests.test_schedule_a_pdf.TestScheduleAPDFExport" name="test_export_pdf_with_invalid_trust_id" time="0.448" /><testcase classname="backend.tests.test_schedule_a_pdf.TestScheduleAPDFExport" name="test_export_pdf_without_auth" time="0.526" /><testcase classname="backend.tests.test_schedule_a_pdf.TestScheduleAPDFExport" name="test_schedule_a_summary_endpoint" time="0.500" /><testcase classname="backend.tests.test_schedule_a_pdf.TestScheduleAPDFExport" name="test_get_schedule_a_assets" time="0.481" /></testsuite></testsuites>