<?xml version="1.0" encoding="utf-8"?><testsuites name="pytest tests"><testsuite name="pytest" errors="0" failures="0" skipped="0" tests="16" time="2.604" timestamp="2026-04-18T13:48:30.954764+00:00" hostname="agent-env-192b0f45-f2fc-4942-94a3-4ce59f106c9b"><testcase classname="backend.tests.test_separation_dashboard.TestSeparationDashboardEndpoint" name="test_separation_dashboard_returns_200" time="0.640" /><testcase classname="backend.tests.test_separation_dashboard.TestSeparationDashboardEndpoint" name="test_separation_dashboard_structure" time="0.148" /><testcase classname="backend.tests.test_separation_dashboard.TestSeparationDashboardEndpoint" name="test_separation_dashboard_entities_structure" time="0.124" /><testcase classname="backend.tests.test_separation_dashboard.TestSeparationDashboardEndpoint" name="test_separation_dashboard_alert_summary" time="0.113" /><testcase classname="backend.tests.test_separation_dashboard.TestSeparationDashboardEndpoint" name="test_separation_dashboard_transaction_summary" time="0.122" /><testcase classname="backend.tests.test_separation_dashboard.TestSeparationDashboardEndpoint" name="test_separation_dashboard_inter_entity_flows" time="0.120" /><testcase classname="backend.tests.test_separation_dashboard.TestSeparationDashboardEndpoint" name="test_separation_dashboard_relationships" time="0.147" /><testcase classname="backend.tests.test_separation_dashboard.TestSeparationDashboardEndpoint" name="test_separation_dashboard_days_parameter" time="0.160" /><testcase classname="backend.tests.test_separation_dashboard.TestSeparationDashboardEndpoint" name="test_separation_dashboard_requires_auth" time="0.101" /><testcase classname="backend.tests.test_separation_dashboard.TestSeparationDashboardEndpoint" name="test_separation_dashboard_requires_trust_id" time="0.126" /><testcase classname="backend.tests.test_separation_dashboard.TestEntityTransactionsForDetailPage" name="test_get_transactions_by_entity" time="0.107" /><testcase classname="backend.tests.test_separation_dashboard.TestEntityAlertsForDetailPage" name="test_get_alerts_by_entity" time="0.144" /><testcase classname="backend.tests.test_separation_dashboard.TestExistingEndpointsRegression" name="test_entities_endpoint_still_works" time="0.142" /><testcase classname="backend.tests.test_separation_dashboard.TestExistingEndpointsRegression" name="test_entity_relationships_endpoint_still_works" time="0.113" /><testcase classname="backend.tests.test_separation_dashboard.TestExistingEndpointsRegression" name="test_transactions_summary_endpoint_still_works" time="0.113" /><testcase classname="backend.tests.test_separation_dashboard.TestExistingEndpointsRegression" name="test_alerts_count_endpoint_still_works" time="0.128" /></testsuite></testsuites>