<?xml version="1.0" encoding="utf-8"?><testsuites name="pytest tests"><testsuite name="pytest" errors="0" failures="0" skipped="0" tests="17" time="3.905" timestamp="2026-03-02T04:25:40.093665+00:00" hostname="agent-env-3d54c223-04f9-4dfb-a95d-0a28eddb5ea7"><testcase classname="tests.test_server_cleanup_routers.TestAuthRouterRegression" name="test_login_works" time="0.387" /><testcase classname="tests.test_server_cleanup_routers.TestAuthRouterRegression" name="test_get_me" time="0.462" /><testcase classname="tests.test_server_cleanup_routers.TestCategoriesRouter" name="test_get_categories_no_auth_required" time="0.131" /><testcase classname="tests.test_server_cleanup_routers.TestCategoriesRouter" name="test_get_categories_returns_enums" time="0.111" /><testcase classname="tests.test_server_cleanup_routers.TestEmailRouter" name="test_get_email_status_requires_auth" time="0.129" /><testcase classname="tests.test_server_cleanup_routers.TestEmailRouter" name="test_get_email_status_returns_config" time="0.117" /><testcase classname="tests.test_server_cleanup_routers.TestBackgroundJobsRouter" name="test_get_background_jobs_status_requires_auth" time="0.105" /><testcase classname="tests.test_server_cleanup_routers.TestBackgroundJobsRouter" name="test_get_background_jobs_status" time="0.111" /><testcase classname="tests.test_server_cleanup_routers.TestBeneficiariesRouter" name="test_get_beneficiary_dashboard_requires_auth" time="0.101" /><testcase classname="tests.test_server_cleanup_routers.TestBeneficiariesRouter" name="test_get_beneficiary_dashboard_returns_402_for_trial" time="0.106" /><testcase classname="tests.test_server_cleanup_routers.TestDemoRouter" name="test_seed_demo_data_requires_auth" time="0.103" /><testcase classname="tests.test_server_cleanup_routers.TestDemoRouter" name="test_seed_demo_data_returns_already_has_trusts" time="0.118" /><testcase classname="tests.test_server_cleanup_routers.TestDashboardRegression" name="test_get_dashboard" time="0.239" /><testcase classname="tests.test_server_cleanup_routers.TestTrustsRegression" name="test_get_trusts" time="0.129" /><testcase classname="tests.test_server_cleanup_routers.TestDistributionsRegression" name="test_get_distributions" time="0.235" /><testcase classname="tests.test_server_cleanup_routers.TestAllRoutersIntegration" name="test_all_migrated_routers_accessible" time="0.527" /><testcase classname="tests.test_server_cleanup_routers.TestAllRoutersIntegration" name="test_core_routers_still_work" time="0.734" /></testsuite></testsuites>