<?xml version="1.0" encoding="utf-8"?><testsuites name="pytest tests"><testsuite name="pytest" errors="0" failures="0" skipped="0" tests="16" time="8.869" timestamp="2026-02-23T00:17:00.155118+00:00" hostname="agent-env-adea9fa8-efc2-40de-a97e-57b28d8391c9"><testcase classname="tests.test_stripe_webhook_email.TestEmailStatus" name="test_email_status_returns_templates" time="0.669" /><testcase classname="tests.test_stripe_webhook_email.TestSubscriptionEndpoints" name="test_subscription_cancel_requires_active_subscription" time="0.461" /><testcase classname="tests.test_stripe_webhook_email.TestSubscriptionEndpoints" name="test_subscription_upgrade_requires_active_subscription" time="0.524" /><testcase classname="tests.test_stripe_webhook_email.TestStripeWebhook" name="test_webhook_rejects_invalid_payload" time="0.138" /><testcase classname="tests.test_stripe_webhook_email.TestStripeWebhook" name="test_webhook_rejects_missing_signature" time="0.130" /><testcase classname="tests.test_stripe_webhook_email.TestStripeWebhook" name="test_webhook_rejects_invalid_signature" time="0.129" /><testcase classname="tests.test_stripe_webhook_email.TestWebhookEventTypes" name="test_checkout_session_completed_event_structure" time="0.194" /><testcase classname="tests.test_stripe_webhook_email.TestWebhookEventTypes" name="test_invoice_payment_failed_event_structure" time="2.543" /><testcase classname="tests.test_stripe_webhook_email.TestWebhookEventTypes" name="test_customer_subscription_updated_event_structure" time="0.130" /><testcase classname="tests.test_stripe_webhook_email.TestWebhookEventTypes" name="test_customer_subscription_deleted_event_structure" time="0.148" /><testcase classname="tests.test_stripe_webhook_email.TestEmailTemplatesExist" name="test_subscription_activated_template_exists" time="1.047" /><testcase classname="tests.test_stripe_webhook_email.TestEmailTemplatesExist" name="test_subscription_canceled_template_exists" time="0.784" /><testcase classname="tests.test_stripe_webhook_email.TestEmailTemplatesExist" name="test_subscription_renewed_template_exists" time="0.450" /><testcase classname="tests.test_stripe_webhook_email.TestEmailTemplatesExist" name="test_payment_failed_template_exists" time="0.523" /><testcase classname="tests.test_stripe_webhook_email.TestEmailTemplatesExist" name="test_subscription_upgraded_template_exists" time="0.473" /><testcase classname="tests.test_stripe_webhook_email.TestEmailServiceMethods" name="test_email_service_configured" time="0.482" /></testsuite></testsuites>