<?xml version="1.0" encoding="utf-8"?><testsuites name="pytest tests"><testsuite name="pytest" errors="0" failures="0" skipped="0" tests="16" time="8.424" timestamp="2026-03-02T02:04:54.740204+00:00" hostname="agent-env-52d3e618-a500-4713-a58f-bafae9fd1fbe"><testcase classname="backend.tests.test_subscription_state.TestSubscriptionStateEndpoint" name="test_subscription_state_endpoint_returns_200" time="0.504" /><testcase classname="backend.tests.test_subscription_state.TestSubscriptionStateEndpoint" name="test_subscription_state_has_required_fields" time="0.408" /><testcase classname="backend.tests.test_subscription_state.TestSubscriptionStateEndpoint" name="test_subscription_state_plan_type_valid" time="0.434" /><testcase classname="backend.tests.test_subscription_state.TestSubscriptionStateEndpoint" name="test_subscription_state_status_valid" time="0.427" /><testcase classname="backend.tests.test_subscription_state.TestDashboardSubscriptionField" name="test_dashboard_includes_subscription_field" time="0.406" /><testcase classname="backend.tests.test_subscription_state.TestActiveSubscriptionCRUD" name="test_get_request_allowed_with_active_subscription" time="0.466" /><testcase classname="backend.tests.test_subscription_state.TestActiveSubscriptionCRUD" name="test_post_request_allowed_with_active_subscription" time="0.522" /><testcase classname="backend.tests.test_subscription_state.TestActiveSubscriptionCRUD" name="test_put_request_allowed_with_active_subscription" time="0.600" /><testcase classname="backend.tests.test_subscription_state.TestExpiredSubscriptionReadOnly" name="test_expired_subscription_blocks_post_with_403" time="0.612" /><testcase classname="backend.tests.test_subscription_state.TestExpiredSubscriptionReadOnly" name="test_expired_subscription_blocks_put_with_403" time="0.569" /><testcase classname="backend.tests.test_subscription_state.TestExpiredSubscriptionReadOnly" name="test_expired_subscription_blocks_delete_with_403" time="0.597" /><testcase classname="backend.tests.test_subscription_state.TestExpiredSubscriptionReadOnly" name="test_expired_subscription_allows_get_requests" time="0.690" /><testcase classname="backend.tests.test_subscription_state.TestExpiredSubscriptionReadOnly" name="test_expired_subscription_error_message_contains_inactive_text" time="0.580" /><testcase classname="backend.tests.test_subscription_state.TestExpiredSubscriptionReadOnly" name="test_expired_subscription_error_includes_subscription_status" time="0.673" /><testcase classname="backend.tests.test_subscription_state.TestSubscriptionExemptPaths" name="test_auth_endpoints_exempt_from_subscription_check" time="0.377" /><testcase classname="backend.tests.test_subscription_state.TestSubscriptionExemptPaths" name="test_subscription_endpoints_exempt_from_subscription_check" time="0.498" /></testsuite></testsuites>