<?xml version="1.0" encoding="utf-8"?><testsuites name="pytest tests"><testsuite name="pytest" errors="0" failures="1" skipped="6" tests="16" time="7.144" timestamp="2026-03-02T02:03:29.377540+00:00" hostname="agent-env-52d3e618-a500-4713-a58f-bafae9fd1fbe"><testcase classname="backend.tests.test_subscription_state.TestSubscriptionStateEndpoint" name="test_subscription_state_endpoint_returns_200" time="0.483" /><testcase classname="backend.tests.test_subscription_state.TestSubscriptionStateEndpoint" name="test_subscription_state_has_required_fields" time="0.457" /><testcase classname="backend.tests.test_subscription_state.TestSubscriptionStateEndpoint" name="test_subscription_state_plan_type_valid" time="0.404" /><testcase classname="backend.tests.test_subscription_state.TestSubscriptionStateEndpoint" name="test_subscription_state_status_valid" time="0.401" /><testcase classname="backend.tests.test_subscription_state.TestDashboardSubscriptionField" name="test_dashboard_includes_subscription_field" time="0.434" /><testcase classname="backend.tests.test_subscription_state.TestActiveSubscriptionCRUD" name="test_get_request_allowed_with_active_subscription" time="0.457" /><testcase classname="backend.tests.test_subscription_state.TestActiveSubscriptionCRUD" name="test_post_request_allowed_with_active_subscription" time="0.488"><failure message="AssertionError: POST failed: 404 {&quot;detail&quot;:&quot;Not Found&quot;}&#10;assert 404 in [200, 201]&#10; +  where 404 = &lt;Response [404]&gt;.status_code">backend/tests/test_subscription_state.py:163: in test_post_request_allowed_with_active_subscription
    assert response.status_code in [200, 201], f"POST failed: {response.status_code} {response.text}"
E   AssertionError: POST failed: 404 {"detail":"Not Found"}
E   assert 404 in [200, 201]
E    +  where 404 = &lt;Response [404]&gt;.status_code</failure></testcase><testcase classname="backend.tests.test_subscription_state.TestActiveSubscriptionCRUD" name="test_put_request_allowed_with_active_subscription" time="0.578" /><testcase classname="backend.tests.test_subscription_state.TestExpiredSubscriptionReadOnly" name="test_expired_subscription_blocks_post_with_403" time="0.490"><skipped type="pytest.skip" message="No subscription found for user">/app/backend/tests/test_subscription_state.py:269: No subscription found for user</skipped></testcase><testcase classname="backend.tests.test_subscription_state.TestExpiredSubscriptionReadOnly" name="test_expired_subscription_blocks_put_with_403" time="0.391"><skipped type="pytest.skip" message="No subscription found for user">/app/backend/tests/test_subscription_state.py:291: No subscription found for user</skipped></testcase><testcase classname="backend.tests.test_subscription_state.TestExpiredSubscriptionReadOnly" name="test_expired_subscription_blocks_delete_with_403" time="0.415"><skipped type="pytest.skip" message="No subscription found for user">/app/backend/tests/test_subscription_state.py:307: No subscription found for user</skipped></testcase><testcase classname="backend.tests.test_subscription_state.TestExpiredSubscriptionReadOnly" name="test_expired_subscription_allows_get_requests" time="0.422"><skipped type="pytest.skip" message="No subscription found for user">/app/backend/tests/test_subscription_state.py:324: No subscription found for user</skipped></testcase><testcase classname="backend.tests.test_subscription_state.TestExpiredSubscriptionReadOnly" name="test_expired_subscription_error_message_contains_inactive_text" time="0.444"><skipped type="pytest.skip" message="No subscription found for user">/app/backend/tests/test_subscription_state.py:350: No subscription found for user</skipped></testcase><testcase classname="backend.tests.test_subscription_state.TestExpiredSubscriptionReadOnly" name="test_expired_subscription_error_includes_subscription_status" time="0.407"><skipped type="pytest.skip" message="No subscription found for user">/app/backend/tests/test_subscription_state.py:378: No subscription found for user</skipped></testcase><testcase classname="backend.tests.test_subscription_state.TestSubscriptionExemptPaths" name="test_auth_endpoints_exempt_from_subscription_check" time="0.333" /><testcase classname="backend.tests.test_subscription_state.TestSubscriptionExemptPaths" name="test_subscription_endpoints_exempt_from_subscription_check" time="0.457" /></testsuite></testsuites>