<?xml version="1.0" encoding="utf-8"?><testsuites name="pytest tests"><testsuite name="pytest" errors="0" failures="0" skipped="0" tests="14" time="11.867" timestamp="2026-02-24T19:49:21.642271+00:00" hostname="agent-env-99435c89-50fb-4023-9c37-b3304b54a6b2"><testcase classname="backend.tests.test_subscription_watermark.TestSubscriptionFlow" name="test_new_user_gets_14_day_trial" time="0.978" /><testcase classname="backend.tests.test_subscription_watermark.TestSubscriptionFlow" name="test_subscription_status_endpoint_returns_correct_fields" time="0.584" /><testcase classname="backend.tests.test_subscription_watermark.TestSubscriptionFlow" name="test_create_checkout_session_monthly_returns_valid_url" time="1.266" /><testcase classname="backend.tests.test_subscription_watermark.TestSubscriptionFlow" name="test_create_checkout_session_annual_returns_valid_url" time="1.213" /><testcase classname="backend.tests.test_subscription_watermark.TestSubscriptionFlow" name="test_create_checkout_session_invalid_plan_type" time="0.523" /><testcase classname="backend.tests.test_subscription_watermark.TestSubscriptionFlow" name="test_cancel_subscription_without_stripe_subscription" time="0.553" /><testcase classname="backend.tests.test_subscription_watermark.TestSubscriptionFlow" name="test_reactivate_subscription_without_stripe_subscription" time="0.611" /><testcase classname="backend.tests.test_subscription_watermark.TestWatermarkSoftGating" name="test_pdf_endpoint_accessible_for_trialing_user" time="1.119" /><testcase classname="backend.tests.test_subscription_watermark.TestWatermarkPreference" name="test_get_user_preferences_returns_hide_watermark" time="0.621" /><testcase classname="backend.tests.test_subscription_watermark.TestWatermarkPreference" name="test_hide_watermark_requires_active_subscription" time="1.522" /><testcase classname="backend.tests.test_subscription_watermark.TestWatermarkPreference" name="test_trialing_user_can_toggle_watermark" time="0.842" /><testcase classname="backend.tests.test_subscription_watermark.TestExpiredSubscription402Response" name="test_expired_user_gets_402_on_trusts" time="0.538" /><testcase classname="backend.tests.test_subscription_watermark.TestExpiredSubscription402Response" name="test_expired_user_can_still_access_subscription_endpoint" time="0.449" /><testcase classname="backend.tests.test_subscription_watermark.TestExpiredSubscription402Response" name="test_expired_user_can_create_checkout" time="1.027" /></testsuite></testsuites>