<?xml version="1.0" encoding="utf-8"?><testsuites name="pytest tests"><testsuite name="pytest" errors="0" failures="5" skipped="0" tests="33" time="2.691" timestamp="2026-03-02T03:59:46.714402+00:00" hostname="agent-env-51f90744-018f-41c4-89b2-e3fe3bd507c6"><testcase classname="backend.tests.test_subscription_state_v2.TestSubscriptionStateEndpoint" name="test_subscription_state_returns_all_required_fields" time="0.468" /><testcase classname="backend.tests.test_subscription_state_v2.TestSubscriptionStateEndpoint" name="test_subscription_state_plan_type_values" time="0.057" /><testcase classname="backend.tests.test_subscription_state_v2.TestSubscriptionStateEndpoint" name="test_subscription_state_status_values" time="0.053" /><testcase classname="backend.tests.test_subscription_state_v2.TestSubscriptionStateEndpoint" name="test_subscription_state_boolean_fields" time="0.058" /><testcase classname="backend.tests.test_subscription_state_v2.TestSubscriptionStateEndpoint" name="test_subscription_state_trial_days_type" time="0.055" /><testcase classname="backend.tests.test_subscription_state_v2.TestDashboardSubscriptionState" name="test_dashboard_includes_subscription_field" time="0.066" /><testcase classname="backend.tests.test_subscription_state_v2.TestDashboardSubscriptionState" name="test_dashboard_subscription_has_required_fields" time="0.062" /><testcase classname="backend.tests.test_subscription_state_v2.TestDashboardSubscriptionState" name="test_dashboard_subscription_matches_state_endpoint" time="0.124" /><testcase classname="backend.tests.test_subscription_state_v2.TestTrialUserReadAccess" name="test_trial_user_can_read_minutes" time="0.052" /><testcase classname="backend.tests.test_subscription_state_v2.TestTrialUserReadAccess" name="test_trial_user_can_read_distributions" time="0.058" /><testcase classname="backend.tests.test_subscription_state_v2.TestTrialUserReadAccess" name="test_trial_user_can_read_compensation_plans" time="0.050"><failure message="AssertionError: Failed to read compensation plans: 404&#10;assert 404 == 200&#10; +  where 404 = &lt;Response [404]&gt;.status_code">backend/tests/test_subscription_state_v2.py:167: in test_trial_user_can_read_compensation_plans
    assert response.status_code == 200, f"Failed to read compensation plans: {response.status_code}"
E   AssertionError: Failed to read compensation plans: 404
E   assert 404 == 200
E    +  where 404 = &lt;Response [404]&gt;.status_code</failure></testcase><testcase classname="backend.tests.test_subscription_state_v2.TestTrialUserReadAccess" name="test_trial_user_can_read_compensation_payments" time="0.053"><failure message="AssertionError: Failed to read compensation payments: 404&#10;assert 404 == 200&#10; +  where 404 = &lt;Response [404]&gt;.status_code">backend/tests/test_subscription_state_v2.py:173: in test_trial_user_can_read_compensation_payments
    assert response.status_code == 200, f"Failed to read compensation payments: {response.status_code}"
E   AssertionError: Failed to read compensation payments: 404
E   assert 404 == 200
E    +  where 404 = &lt;Response [404]&gt;.status_code</failure></testcase><testcase classname="backend.tests.test_subscription_state_v2.TestTrialUserReadAccess" name="test_trial_user_can_read_entities" time="0.055" /><testcase classname="backend.tests.test_subscription_state_v2.TestTrialUserReadAccess" name="test_trial_user_can_read_schedule_a" time="0.053" /><testcase classname="backend.tests.test_subscription_state_v2.TestTrialUserReadAccess" name="test_trial_user_can_read_tasks" time="0.077" /><testcase classname="backend.tests.test_subscription_state_v2.TestTrialUserReadAccess" name="test_trial_user_can_read_trusts" time="0.074" /><testcase classname="backend.tests.test_subscription_state_v2.TestRequireWriteAccessMinutes" name="test_write_access_applied_to_create_minutes" time="0.070" /><testcase classname="backend.tests.test_subscription_state_v2.TestRequireWriteAccessMinutes" name="test_write_access_applied_to_delete_minutes" time="0.176" /><testcase classname="backend.tests.test_subscription_state_v2.TestRequireWriteAccessDistributions" name="test_write_access_applied_to_create_distribution" time="0.072" /><testcase classname="backend.tests.test_subscription_state_v2.TestRequireWriteAccessDistributions" name="test_write_access_applied_to_approve_distribution" time="0.076"><failure message="AssertionError: Unexpected: 405&#10;assert 405 in [404, 400, 200]&#10; +  where 405 = &lt;Response [405]&gt;.status_code">backend/tests/test_subscription_state_v2.py:250: in test_write_access_applied_to_approve_distribution
    assert response.status_code in [404, 400, 200], f"Unexpected: {response.status_code}"
E   AssertionError: Unexpected: 405
E   assert 405 in [404, 400, 200]
E    +  where 405 = &lt;Response [405]&gt;.status_code</failure></testcase><testcase classname="backend.tests.test_subscription_state_v2.TestRequireWriteAccessCompensation" name="test_write_access_applied_to_create_comp_plan" time="0.057" /><testcase classname="backend.tests.test_subscription_state_v2.TestRequireWriteAccessCompensation" name="test_write_access_applied_to_create_comp_payment" time="0.053" /><testcase classname="backend.tests.test_subscription_state_v2.TestRequireWriteAccessEntities" name="test_write_access_applied_to_create_entity" time="0.057" /><testcase classname="backend.tests.test_subscription_state_v2.TestRequireWriteAccessEntities" name="test_write_access_applied_to_delete_entity" time="0.068" /><testcase classname="backend.tests.test_subscription_state_v2.TestRequireWriteAccessScheduleA" name="test_write_access_applied_to_create_schedule_a" time="0.059" /><testcase classname="backend.tests.test_subscription_state_v2.TestRequireWriteAccessScheduleA" name="test_write_access_applied_to_update_schedule_a" time="0.058"><failure message="assert 405 in [404, 200]&#10; +  where 405 = &lt;Response [405]&gt;.status_code">backend/tests/test_subscription_state_v2.py:320: in test_write_access_applied_to_update_schedule_a
    assert response.status_code in [404, 200]
E   assert 405 in [404, 200]
E    +  where 405 = &lt;Response [405]&gt;.status_code</failure></testcase><testcase classname="backend.tests.test_subscription_state_v2.TestRequireWriteAccessTasks" name="test_write_access_applied_to_create_task" time="0.056" /><testcase classname="backend.tests.test_subscription_state_v2.TestRequireWriteAccessTasks" name="test_write_access_applied_to_complete_task" time="0.067"><failure message="assert 405 in [404, 200]&#10; +  where 405 = &lt;Response [405]&gt;.status_code">backend/tests/test_subscription_state_v2.py:340: in test_write_access_applied_to_complete_task
    assert response.status_code in [404, 200]
E   assert 405 in [404, 200]
E    +  where 405 = &lt;Response [405]&gt;.status_code</failure></testcase><testcase classname="backend.tests.test_subscription_state_v2.TestRequireWriteAccessTrusts" name="test_write_access_applied_to_update_trust" time="0.062" /><testcase classname="backend.tests.test_subscription_state_v2.TestRequireWriteAccessTrustUnits" name="test_trust_units_create_settings_has_write_check" time="0.057" /><testcase classname="backend.tests.test_subscription_state_v2.TestRequireWriteAccessTrustUnits" name="test_trust_units_create_certificate_has_write_check" time="0.059" /><testcase classname="backend.tests.test_subscription_state_v2.TestSubscriptionStateConsistency" name="test_subscription_features_endpoint_accessible" time="0.067" /><testcase classname="backend.tests.test_subscription_state_v2.TestSubscriptionStateConsistency" name="test_basic_subscription_endpoint" time="0.054" /></testsuite></testsuites>