<?xml version="1.0" encoding="utf-8"?><testsuites name="pytest tests"><testsuite name="pytest" errors="0" failures="0" skipped="0" tests="17" time="8.801" timestamp="2026-02-23T00:10:44.299219+00:00" hostname="agent-env-adea9fa8-efc2-40de-a97e-57b28d8391c9"><testcase classname="backend.tests.test_subscription_gating.TestSubscriptionGating" name="test_expired_user_can_login" time="0.389" /><testcase classname="backend.tests.test_subscription_gating.TestSubscriptionGating" name="test_expired_user_can_access_auth_me" time="0.510" /><testcase classname="backend.tests.test_subscription_gating.TestSubscriptionGating" name="test_expired_user_can_access_subscription" time="0.538" /><testcase classname="backend.tests.test_subscription_gating.TestSubscriptionGating" name="test_expired_user_can_access_subscription_create_checkout" time="1.141" /><testcase classname="backend.tests.test_subscription_gating.TestSubscriptionGating" name="test_expired_user_can_access_categories" time="0.472" /><testcase classname="backend.tests.test_subscription_gating.TestSubscriptionGating" name="test_expired_user_blocked_from_trusts" time="0.522" /><testcase classname="backend.tests.test_subscription_gating.TestSubscriptionGating" name="test_expired_user_blocked_from_entities" time="0.494" /><testcase classname="backend.tests.test_subscription_gating.TestSubscriptionGating" name="test_expired_user_blocked_from_minutes" time="0.537" /><testcase classname="backend.tests.test_subscription_gating.TestSubscriptionGating" name="test_expired_user_blocked_from_distributions" time="0.482" /><testcase classname="backend.tests.test_subscription_gating.TestSubscriptionGating" name="test_expired_user_blocked_from_tasks" time="0.549" /><testcase classname="backend.tests.test_subscription_gating.TestSubscriptionGating" name="test_expired_user_blocked_from_activity" time="0.469" /><testcase classname="backend.tests.test_subscription_gating.TestSubscriptionGating" name="test_active_user_can_access_trusts" time="0.465" /><testcase classname="backend.tests.test_subscription_gating.TestSubscriptionGating" name="test_active_user_can_access_subscription" time="0.583" /><testcase classname="backend.tests.test_subscription_gating.TestSubscriptionGating" name="test_active_user_can_access_minutes" time="0.493" /><testcase classname="backend.tests.test_subscription_gating.TestSubscriptionGating" name="test_active_user_can_access_distributions" time="0.475" /><testcase classname="backend.tests.test_subscription_gating.TestSubscriptionGating" name="test_active_user_can_access_tasks" time="0.524" /><testcase classname="backend.tests.test_subscription_gating.TestMiddlewareExemptPaths" name="test_unauthenticated_access_to_categories" time="0.134" /></testsuite></testsuites>