<?xml version="1.0" encoding="utf-8"?><testsuites name="pytest tests"><testsuite name="pytest" errors="0" failures="0" skipped="0" tests="33" time="2.675" timestamp="2026-03-02T04:01:00.067009+00:00" hostname="agent-env-51f90744-018f-41c4-89b2-e3fe3bd507c6"><testcase classname="backend.tests.test_subscription_state_v2.TestSubscriptionStateEndpoint" name="test_subscription_state_returns_all_required_fields" time="0.510" /><testcase classname="backend.tests.test_subscription_state_v2.TestSubscriptionStateEndpoint" name="test_subscription_state_plan_type_values" time="0.053" /><testcase classname="backend.tests.test_subscription_state_v2.TestSubscriptionStateEndpoint" name="test_subscription_state_status_values" time="0.059" /><testcase classname="backend.tests.test_subscription_state_v2.TestSubscriptionStateEndpoint" name="test_subscription_state_boolean_fields" time="0.055" /><testcase classname="backend.tests.test_subscription_state_v2.TestSubscriptionStateEndpoint" name="test_subscription_state_trial_days_type" time="0.057" /><testcase classname="backend.tests.test_subscription_state_v2.TestDashboardSubscriptionState" name="test_dashboard_includes_subscription_field" time="0.065" /><testcase classname="backend.tests.test_subscription_state_v2.TestDashboardSubscriptionState" name="test_dashboard_subscription_has_required_fields" time="0.059" /><testcase classname="backend.tests.test_subscription_state_v2.TestDashboardSubscriptionState" name="test_dashboard_subscription_matches_state_endpoint" time="0.138" /><testcase classname="backend.tests.test_subscription_state_v2.TestTrialUserReadAccess" name="test_trial_user_can_read_minutes" time="0.059" /><testcase classname="backend.tests.test_subscription_state_v2.TestTrialUserReadAccess" name="test_trial_user_can_read_distributions" time="0.059" /><testcase classname="backend.tests.test_subscription_state_v2.TestTrialUserReadAccess" name="test_trial_user_can_read_compensation_plans" time="0.065" /><testcase classname="backend.tests.test_subscription_state_v2.TestTrialUserReadAccess" name="test_trial_user_can_read_compensation_payments" time="0.051" /><testcase classname="backend.tests.test_subscription_state_v2.TestTrialUserReadAccess" name="test_trial_user_can_read_entities" time="0.062" /><testcase classname="backend.tests.test_subscription_state_v2.TestTrialUserReadAccess" name="test_trial_user_can_read_schedule_a" time="0.062" /><testcase classname="backend.tests.test_subscription_state_v2.TestTrialUserReadAccess" name="test_trial_user_can_read_tasks" time="0.060" /><testcase classname="backend.tests.test_subscription_state_v2.TestTrialUserReadAccess" name="test_trial_user_can_read_trusts" time="0.071" /><testcase classname="backend.tests.test_subscription_state_v2.TestRequireWriteAccessMinutes" name="test_write_access_applied_to_create_minutes" time="0.062" /><testcase classname="backend.tests.test_subscription_state_v2.TestRequireWriteAccessMinutes" name="test_write_access_applied_to_delete_minutes" time="0.186" /><testcase classname="backend.tests.test_subscription_state_v2.TestRequireWriteAccessDistributions" name="test_write_access_applied_to_create_distribution" time="0.060" /><testcase classname="backend.tests.test_subscription_state_v2.TestRequireWriteAccessDistributions" name="test_write_access_applied_to_approve_distribution" time="0.096" /><testcase classname="backend.tests.test_subscription_state_v2.TestRequireWriteAccessCompensation" name="test_write_access_applied_to_create_comp_plan" time="0.053" /><testcase classname="backend.tests.test_subscription_state_v2.TestRequireWriteAccessCompensation" name="test_write_access_applied_to_create_comp_payment" time="0.053" /><testcase classname="backend.tests.test_subscription_state_v2.TestRequireWriteAccessEntities" name="test_write_access_applied_to_create_entity" time="0.056" /><testcase classname="backend.tests.test_subscription_state_v2.TestRequireWriteAccessEntities" name="test_write_access_applied_to_delete_entity" time="0.066" /><testcase classname="backend.tests.test_subscription_state_v2.TestRequireWriteAccessScheduleA" name="test_write_access_applied_to_create_schedule_a" time="0.055" /><testcase classname="backend.tests.test_subscription_state_v2.TestRequireWriteAccessScheduleA" name="test_write_access_applied_to_update_schedule_a" time="0.052" /><testcase classname="backend.tests.test_subscription_state_v2.TestRequireWriteAccessTasks" name="test_write_access_applied_to_create_task" time="0.056" /><testcase classname="backend.tests.test_subscription_state_v2.TestRequireWriteAccessTasks" name="test_write_access_applied_to_complete_task" time="0.056" /><testcase classname="backend.tests.test_subscription_state_v2.TestRequireWriteAccessTrusts" name="test_write_access_applied_to_update_trust" time="0.051" /><testcase classname="backend.tests.test_subscription_state_v2.TestRequireWriteAccessTrustUnits" name="test_trust_units_create_settings_has_write_check" time="0.056" /><testcase classname="backend.tests.test_subscription_state_v2.TestRequireWriteAccessTrustUnits" name="test_trust_units_create_certificate_has_write_check" time="0.050" /><testcase classname="backend.tests.test_subscription_state_v2.TestSubscriptionStateConsistency" name="test_subscription_features_endpoint_accessible" time="0.054" /><testcase classname="backend.tests.test_subscription_state_v2.TestSubscriptionStateConsistency" name="test_basic_subscription_endpoint" time="0.057" /></testsuite></testsuites>