<?xml version="1.0" encoding="utf-8"?><testsuites name="pytest tests"><testsuite name="pytest" errors="0" failures="0" skipped="0" tests="23" time="3.058" timestamp="2026-04-18T13:26:58.614999+00:00" hostname="agent-env-192b0f45-f2fc-4942-94a3-4ce59f106c9b"><testcase classname="backend.tests.test_transactions.TestTransactionCRUD" name="test_create_transaction_distribution" time="0.712" /><testcase classname="backend.tests.test_transactions.TestTransactionCRUD" name="test_create_transaction_inflow" time="0.068" /><testcase classname="backend.tests.test_transactions.TestTransactionCRUD" name="test_create_transaction_other_requires_note" time="0.066" /><testcase classname="backend.tests.test_transactions.TestTransactionCRUD" name="test_create_transaction_other_with_note" time="0.059" /><testcase classname="backend.tests.test_transactions.TestTransactionCRUD" name="test_get_transactions_list" time="0.065" /><testcase classname="backend.tests.test_transactions.TestTransactionCRUD" name="test_get_transactions_filter_by_entity" time="0.057" /><testcase classname="backend.tests.test_transactions.TestTransactionCRUD" name="test_get_transactions_filter_by_classification" time="0.060" /><testcase classname="backend.tests.test_transactions.TestTransactionCRUD" name="test_get_transactions_filter_by_direction" time="0.056" /><testcase classname="backend.tests.test_transactions.TestTransactionCRUD" name="test_update_transaction" time="0.059" /><testcase classname="backend.tests.test_transactions.TestTransactionCRUD" name="test_update_transaction_verify_audit_trail" time="0.125" /><testcase classname="backend.tests.test_transactions.TestTransactionCRUD" name="test_delete_transaction" time="0.173" /><testcase classname="backend.tests.test_transactions.TestCSVImport" name="test_import_csv_rows" time="0.059" /><testcase classname="backend.tests.test_transactions.TestCSVImport" name="test_import_empty_rows_fails" time="0.056" /><testcase classname="backend.tests.test_transactions.TestBulkClassify" name="test_bulk_classify_transactions" time="0.474" /><testcase classname="backend.tests.test_transactions.TestBulkClassify" name="test_bulk_classify_other_requires_note" time="0.061" /><testcase classname="backend.tests.test_transactions.TestBulkClassify" name="test_bulk_classify_empty_ids_fails" time="0.056" /><testcase classname="backend.tests.test_transactions.TestTransactionSummary" name="test_get_summary" time="0.058" /><testcase classname="backend.tests.test_transactions.TestTransactionSummary" name="test_summary_with_days_param" time="0.056" /><testcase classname="backend.tests.test_transactions.TestValidation" name="test_create_invalid_trust" time="0.057" /><testcase classname="backend.tests.test_transactions.TestValidation" name="test_create_invalid_entity" time="0.058" /><testcase classname="backend.tests.test_transactions.TestValidation" name="test_update_nonexistent_transaction" time="0.057" /><testcase classname="backend.tests.test_transactions.TestValidation" name="test_delete_nonexistent_transaction" time="0.061" /><testcase classname="backend.tests.test_transactions.TestCleanup" name="test_cleanup_test_transactions" time="0.444" /></testsuite></testsuites>