<?xml version="1.0" encoding="utf-8"?><testsuites name="pytest tests"><testsuite name="pytest" errors="0" failures="0" skipped="0" tests="25" time="5.868" timestamp="2026-03-02T00:38:05.920645+00:00" hostname="agent-env-b30b792e-fc57-4233-87d8-f430a0fe77c1"><testcase classname="backend.tests.test_trust_units.TestTrustUnitsSetup" name="test_login_success" time="0.454" /><testcase classname="backend.tests.test_trust_units.TestTrustUnitsSummary" name="test_get_summary_returns_200" time="0.466" /><testcase classname="backend.tests.test_trust_units.TestTrustUnitsSummary" name="test_summary_has_required_fields" time="0.076" /><testcase classname="backend.tests.test_trust_units.TestTrustUnitsSummary" name="test_settings_structure" time="0.077" /><testcase classname="backend.tests.test_trust_units.TestTrustUnitsSummary" name="test_certificates_list" time="0.064" /><testcase classname="backend.tests.test_trust_units.TestTrustUnitsSummary" name="test_summary_with_invalid_trust" time="0.065" /><testcase classname="backend.tests.test_trust_units.TestTrustUnitsSettings" name="test_update_unit_label" time="0.594" /><testcase classname="backend.tests.test_trust_units.TestTrustUnitsSettings" name="test_update_allow_fractional" time="0.188" /><testcase classname="backend.tests.test_trust_units.TestTrustUnitsSettings" name="test_update_returns_updated_at" time="0.057" /><testcase classname="backend.tests.test_trust_units.TestCertificateCreate" name="test_create_certificate" time="0.530" /><testcase classname="backend.tests.test_trust_units.TestCertificateCreate" name="test_certificate_sequential_numbering" time="0.052" /><testcase classname="backend.tests.test_trust_units.TestCertificateCreate" name="test_create_certificate_validation" time="0.129" /><testcase classname="backend.tests.test_trust_units.TestCertificateUpdate" name="test_update_certificate_holder_name" time="0.648" /><testcase classname="backend.tests.test_trust_units.TestCertificateUpdate" name="test_cancel_certificate" time="0.211" /><testcase classname="backend.tests.test_trust_units.TestCertificateUpdate" name="test_update_nonexistent_certificate" time="0.061" /><testcase classname="backend.tests.test_trust_units.TestUnitTransfers" name="test_transfer_units_between_holders" time="0.541" /><testcase classname="backend.tests.test_trust_units.TestUnitTransfers" name="test_transfer_validation_insufficient_units" time="0.124" /><testcase classname="backend.tests.test_trust_units.TestUnitTransfers" name="test_transfer_from_nonexistent_holder" time="0.052" /><testcase classname="backend.tests.test_trust_units.TestCertificatePDF" name="test_generate_certificate_pdf" time="0.503" /><testcase classname="backend.tests.test_trust_units.TestCertificatePDF" name="test_pdf_contains_required_content" time="0.127" /><testcase classname="backend.tests.test_trust_units.TestCertificatePDF" name="test_pdf_404_for_nonexistent_certificate" time="0.059" /><testcase classname="backend.tests.test_trust_units.TestCertificatePDF" name="test_pdf_for_cancelled_certificate" time="0.125" /><testcase classname="backend.tests.test_trust_units.TestSummaryAggregates" name="test_total_issued_equals_sum_of_active" time="0.474" /><testcase classname="backend.tests.test_trust_units.TestSummaryAggregates" name="test_remaining_units_calculation" time="0.058" /><testcase classname="backend.tests.test_trust_units.TestSummaryAggregates" name="test_active_certificate_count" time="0.066" /></testsuite></testsuites>