<?xml version="1.0" encoding="utf-8"?><testsuites name="pytest tests"><testsuite name="pytest" errors="0" failures="0" skipped="0" tests="26" time="5.173" timestamp="2026-03-02T03:22:24.098665+00:00" hostname="agent-env-51f90744-018f-41c4-89b2-e3fe3bd507c6"><testcase classname="backend.tests.test_trust_units_router.TestTrustUnitsSummary" name="test_get_summary_requires_auth" time="0.226" /><testcase classname="backend.tests.test_trust_units_router.TestTrustUnitsSummary" name="test_get_summary_returns_valid_response" time="0.484" /><testcase classname="backend.tests.test_trust_units_router.TestTrustUnitsSummary" name="test_get_summary_invalid_trust" time="0.106" /><testcase classname="backend.tests.test_trust_units_router.TestTrustUnitsSettings" name="test_update_settings_requires_auth" time="0.103" /><testcase classname="backend.tests.test_trust_units_router.TestTrustUnitsSettings" name="test_update_settings_unit_label" time="0.356" /><testcase classname="backend.tests.test_trust_units_router.TestTrustUnitsSettings" name="test_update_settings_allow_fractional" time="0.382" /><testcase classname="backend.tests.test_trust_units_router.TestTrustUnitsSettings" name="test_update_settings_invalid_trust" time="0.165" /><testcase classname="backend.tests.test_trust_units_router.TestTrustUnitsCertificates" name="test_list_certificates_requires_auth" time="0.123" /><testcase classname="backend.tests.test_trust_units_router.TestTrustUnitsCertificates" name="test_list_certificates_returns_list" time="0.118" /><testcase classname="backend.tests.test_trust_units_router.TestTrustUnitsCertificates" name="test_list_certificates_with_status_filter" time="0.114" /><testcase classname="backend.tests.test_trust_units_router.TestTrustUnitsCertificates" name="test_list_certificates_invalid_trust" time="0.111" /><testcase classname="backend.tests.test_trust_units_router.TestTrustUnitsCertificatePDF" name="test_get_pdf_requires_auth" time="0.227" /><testcase classname="backend.tests.test_trust_units_router.TestTrustUnitsCertificatePDF" name="test_get_pdf_returns_valid_response" time="0.230" /><testcase classname="backend.tests.test_trust_units_router.TestTrustUnitsCertificatePDF" name="test_get_pdf_invalid_certificate" time="0.115" /><testcase classname="backend.tests.test_trust_units_router.TestTrustUnitsTransfers" name="test_list_transfers_requires_auth" time="0.105" /><testcase classname="backend.tests.test_trust_units_router.TestTrustUnitsTransfers" name="test_list_transfers_returns_list" time="0.108" /><testcase classname="backend.tests.test_trust_units_router.TestTrustUnitsTransfers" name="test_create_transfer_requires_auth" time="0.116" /><testcase classname="backend.tests.test_trust_units_router.TestPreviouslyMigratedRoutersRegression" name="test_benevolence_router_accessible" time="0.120" /><testcase classname="backend.tests.test_trust_units_router.TestPreviouslyMigratedRoutersRegression" name="test_exports_router_accessible" time="0.104" /><testcase classname="backend.tests.test_trust_units_router.TestPreviouslyMigratedRoutersRegression" name="test_subscriptions_router_accessible" time="0.120" /><testcase classname="backend.tests.test_trust_units_router.TestPreviouslyMigratedRoutersRegression" name="test_compensation_router_accessible" time="0.113" /><testcase classname="backend.tests.test_trust_units_router.TestPreviouslyMigratedRoutersRegression" name="test_schedule_a_router_accessible" time="0.108" /><testcase classname="backend.tests.test_trust_units_router.TestTrustUnitsRouterIntegration" name="test_all_trust_units_endpoints_accessible" time="0.381" /><testcase classname="backend.tests.test_trust_units_router.TestTrustUnitsRouterIntegration" name="test_trust_units_router_uses_api_prefix" time="0.133" /><testcase classname="backend.tests.test_trust_units_router.TestTrustUnitsDataPersistence" name="test_settings_persistence" time="0.581" /><testcase classname="backend.tests.test_trust_units_router.TestTrustUnitsDataPersistence" name="test_summary_aggregates_are_accurate" time="0.265" /></testsuite></testsuites>