<?xml version="1.0" encoding="utf-8"?><testsuites name="pytest tests"><testsuite name="pytest" errors="0" failures="0" skipped="0" tests="21" time="5.109" timestamp="2026-03-02T00:27:42.761332+00:00" hostname="agent-env-b30b792e-fc57-4233-87d8-f430a0fe77c1"><testcase classname="backend.tests.test_trust_units.TestTrustUnitsSetup" name="test_login_success" time="0.505" /><testcase classname="backend.tests.test_trust_units.TestTrustUnitsSummary" name="test_get_summary_returns_200" time="0.536" /><testcase classname="backend.tests.test_trust_units.TestTrustUnitsSummary" name="test_summary_has_required_fields" time="0.069" /><testcase classname="backend.tests.test_trust_units.TestTrustUnitsSummary" name="test_settings_structure" time="0.063" /><testcase classname="backend.tests.test_trust_units.TestTrustUnitsSummary" name="test_certificates_list" time="0.071" /><testcase classname="backend.tests.test_trust_units.TestTrustUnitsSummary" name="test_summary_with_invalid_trust" time="0.075" /><testcase classname="backend.tests.test_trust_units.TestTrustUnitsSettings" name="test_update_unit_label" time="0.670" /><testcase classname="backend.tests.test_trust_units.TestTrustUnitsSettings" name="test_update_allow_fractional" time="0.171" /><testcase classname="backend.tests.test_trust_units.TestTrustUnitsSettings" name="test_update_returns_updated_at" time="0.053" /><testcase classname="backend.tests.test_trust_units.TestCertificateCreate" name="test_create_certificate" time="0.495" /><testcase classname="backend.tests.test_trust_units.TestCertificateCreate" name="test_certificate_sequential_numbering" time="0.069" /><testcase classname="backend.tests.test_trust_units.TestCertificateCreate" name="test_create_certificate_validation" time="0.121" /><testcase classname="backend.tests.test_trust_units.TestCertificateUpdate" name="test_update_certificate_holder_name" time="0.610" /><testcase classname="backend.tests.test_trust_units.TestCertificateUpdate" name="test_cancel_certificate" time="0.208" /><testcase classname="backend.tests.test_trust_units.TestCertificateUpdate" name="test_update_nonexistent_certificate" time="0.060" /><testcase classname="backend.tests.test_trust_units.TestUnitTransfers" name="test_transfer_units_between_holders" time="0.504" /><testcase classname="backend.tests.test_trust_units.TestUnitTransfers" name="test_transfer_validation_insufficient_units" time="0.115" /><testcase classname="backend.tests.test_trust_units.TestUnitTransfers" name="test_transfer_from_nonexistent_holder" time="0.079" /><testcase classname="backend.tests.test_trust_units.TestSummaryAggregates" name="test_total_issued_equals_sum_of_active" time="0.453" /><testcase classname="backend.tests.test_trust_units.TestSummaryAggregates" name="test_remaining_units_calculation" time="0.060" /><testcase classname="backend.tests.test_trust_units.TestSummaryAggregates" name="test_active_certificate_count" time="0.061" /></testsuite></testsuites>