<?xml version="1.0" encoding="utf-8"?><testsuites name="pytest tests"><testsuite name="pytest" errors="0" failures="2" skipped="0" tests="41" time="6.673" timestamp="2026-03-02T03:29:56.782722+00:00" hostname="agent-env-51f90744-018f-41c4-89b2-e3fe3bd507c6"><testcase classname="backend.tests.test_trusts_entities_tasks_routers.TestTrustsRouter" name="test_get_trusts_requires_auth" time="0.206" /><testcase classname="backend.tests.test_trusts_entities_tasks_routers.TestTrustsRouter" name="test_get_trusts_returns_list" time="0.471" /><testcase classname="backend.tests.test_trusts_entities_tasks_routers.TestTrustsRouter" name="test_get_single_trust" time="0.140" /><testcase classname="backend.tests.test_trusts_entities_tasks_routers.TestTrustsRouter" name="test_get_nonexistent_trust_returns_404" time="0.128" /><testcase classname="backend.tests.test_trusts_entities_tasks_routers.TestTrustsRouter" name="test_create_trust_requires_auth" time="0.103" /><testcase classname="backend.tests.test_trusts_entities_tasks_routers.TestTrustsRouter" name="test_update_trust" time="0.263" /><testcase classname="backend.tests.test_trusts_entities_tasks_routers.TestEntitiesRouter" name="test_get_entities_requires_auth" time="0.169" /><testcase classname="backend.tests.test_trusts_entities_tasks_routers.TestEntitiesRouter" name="test_get_entities_returns_list" time="0.114" /><testcase classname="backend.tests.test_trusts_entities_tasks_routers.TestEntitiesRouter" name="test_get_single_entity" time="0.246" /><testcase classname="backend.tests.test_trusts_entities_tasks_routers.TestEntitiesRouter" name="test_get_nonexistent_entity_returns_404" time="0.119" /><testcase classname="backend.tests.test_trusts_entities_tasks_routers.TestEntitiesRouter" name="test_create_entity_requires_auth" time="0.111" /><testcase classname="backend.tests.test_trusts_entities_tasks_routers.TestEntitiesRouter" name="test_create_and_delete_entity" time="0.489" /><testcase classname="backend.tests.test_trusts_entities_tasks_routers.TestEntitiesRouter" name="test_patch_entity" time="0.358" /><testcase classname="backend.tests.test_trusts_entities_tasks_routers.TestEntityRelationshipsRouter" name="test_get_relationships_requires_auth" time="0.103" /><testcase classname="backend.tests.test_trusts_entities_tasks_routers.TestEntityRelationshipsRouter" name="test_get_relationships_returns_list" time="0.107" /><testcase classname="backend.tests.test_trusts_entities_tasks_routers.TestEntityRelationshipsRouter" name="test_create_relationship_requires_auth" time="0.102" /><testcase classname="backend.tests.test_trusts_entities_tasks_routers.TestTasksRouter" name="test_get_tasks_requires_auth" time="0.114" /><testcase classname="backend.tests.test_trusts_entities_tasks_routers.TestTasksRouter" name="test_get_all_tasks" time="0.112" /><testcase classname="backend.tests.test_trusts_entities_tasks_routers.TestTasksRouter" name="test_get_tasks_filtered_by_trust" time="0.117" /><testcase classname="backend.tests.test_trusts_entities_tasks_routers.TestTasksRouter" name="test_create_task_requires_auth" time="0.120" /><testcase classname="backend.tests.test_trusts_entities_tasks_routers.TestTasksRouter" name="test_create_and_complete_task" time="0.494" /><testcase classname="backend.tests.test_trusts_entities_tasks_routers.TestTasksRouter" name="test_complete_nonexistent_task_returns_404" time="0.110" /><testcase classname="backend.tests.test_trusts_entities_tasks_routers.TestTasksRouter" name="test_delete_nonexistent_task_returns_404" time="0.128" /><testcase classname="backend.tests.test_trusts_entities_tasks_routers.TestPreviouslyMigratedRoutersRegression" name="test_trust_units_router" time="0.121" /><testcase classname="backend.tests.test_trusts_entities_tasks_routers.TestPreviouslyMigratedRoutersRegression" name="test_subscriptions_router" time="0.141" /><testcase classname="backend.tests.test_trusts_entities_tasks_routers.TestPreviouslyMigratedRoutersRegression" name="test_benevolence_router" time="0.114" /><testcase classname="backend.tests.test_trusts_entities_tasks_routers.TestPreviouslyMigratedRoutersRegression" name="test_exports_router" time="0.145" /><testcase classname="backend.tests.test_trusts_entities_tasks_routers.TestPreviouslyMigratedRoutersRegression" name="test_compensation_router" time="0.116"><failure message="assert 404 == 200&#10; +  where 404 = &lt;Response [404]&gt;.status_code">backend/tests/test_trusts_entities_tasks_routers.py:500: in test_compensation_router
    assert response.status_code == 200
E   assert 404 == 200
E    +  where 404 = &lt;Response [404]&gt;.status_code</failure></testcase><testcase classname="backend.tests.test_trusts_entities_tasks_routers.TestPreviouslyMigratedRoutersRegression" name="test_schedule_a_router" time="0.146" /><testcase classname="backend.tests.test_trusts_entities_tasks_routers.TestPreviouslyMigratedRoutersRegression" name="test_distributions_router" time="0.115" /><testcase classname="backend.tests.test_trusts_entities_tasks_routers.TestPreviouslyMigratedRoutersRegression" name="test_governance_router" time="0.113"><failure message="assert 404 == 200&#10; +  where 404 = &lt;Response [404]&gt;.status_code">backend/tests/test_trusts_entities_tasks_routers.py:527: in test_governance_router
    assert response.status_code == 200
E   assert 404 == 200
E    +  where 404 = &lt;Response [404]&gt;.status_code</failure></testcase><testcase classname="backend.tests.test_trusts_entities_tasks_routers.TestPreviouslyMigratedRoutersRegression" name="test_minutes_router" time="0.111" /><testcase classname="backend.tests.test_trusts_entities_tasks_routers.TestWriteAccessDependency" name="test_trusts_create_uses_write_access" time="0.120" /><testcase classname="backend.tests.test_trusts_entities_tasks_routers.TestWriteAccessDependency" name="test_trusts_update_uses_write_access" time="0.127" /><testcase classname="backend.tests.test_trusts_entities_tasks_routers.TestWriteAccessDependency" name="test_trusts_delete_uses_write_access" time="0.107" /><testcase classname="backend.tests.test_trusts_entities_tasks_routers.TestWriteAccessDependency" name="test_entities_create_uses_write_access" time="0.115" /><testcase classname="backend.tests.test_trusts_entities_tasks_routers.TestWriteAccessDependency" name="test_entities_update_uses_write_access" time="0.112" /><testcase classname="backend.tests.test_trusts_entities_tasks_routers.TestWriteAccessDependency" name="test_tasks_create_uses_write_access" time="0.111" /><testcase classname="backend.tests.test_trusts_entities_tasks_routers.TestWriteAccessDependency" name="test_tasks_complete_uses_write_access" time="0.107" /><testcase classname="backend.tests.test_trusts_entities_tasks_routers.TestHealthScoreIntegration" name="test_governance_score_in_trust_response" time="0.111" /><testcase classname="backend.tests.test_trusts_entities_tasks_routers.TestHealthScoreIntegration" name="test_governance_score_in_trusts_list" time="0.113" /></testsuite></testsuites>