<?xml version="1.0" encoding="utf-8"?><testsuites name="pytest tests"><testsuite name="pytest" errors="0" failures="3" skipped="0" tests="26" time="4.992" timestamp="2026-03-02T03:21:39.133169+00:00" hostname="agent-env-51f90744-018f-41c4-89b2-e3fe3bd507c6"><testcase classname="backend.tests.test_trust_units_router.TestTrustUnitsSummary" name="test_get_summary_requires_auth" time="0.199" /><testcase classname="backend.tests.test_trust_units_router.TestTrustUnitsSummary" name="test_get_summary_returns_valid_response" time="0.451" /><testcase classname="backend.tests.test_trust_units_router.TestTrustUnitsSummary" name="test_get_summary_invalid_trust" time="0.116" /><testcase classname="backend.tests.test_trust_units_router.TestTrustUnitsSettings" name="test_update_settings_requires_auth" time="0.108" /><testcase classname="backend.tests.test_trust_units_router.TestTrustUnitsSettings" name="test_update_settings_unit_label" time="0.444" /><testcase classname="backend.tests.test_trust_units_router.TestTrustUnitsSettings" name="test_update_settings_allow_fractional" time="0.396" /><testcase classname="backend.tests.test_trust_units_router.TestTrustUnitsSettings" name="test_update_settings_invalid_trust" time="0.112" /><testcase classname="backend.tests.test_trust_units_router.TestTrustUnitsCertificates" name="test_list_certificates_requires_auth" time="0.115" /><testcase classname="backend.tests.test_trust_units_router.TestTrustUnitsCertificates" name="test_list_certificates_returns_list" time="0.152" /><testcase classname="backend.tests.test_trust_units_router.TestTrustUnitsCertificates" name="test_list_certificates_with_status_filter" time="0.113" /><testcase classname="backend.tests.test_trust_units_router.TestTrustUnitsCertificates" name="test_list_certificates_invalid_trust" time="0.131" /><testcase classname="backend.tests.test_trust_units_router.TestTrustUnitsCertificatePDF" name="test_get_pdf_requires_auth" time="0.229" /><testcase classname="backend.tests.test_trust_units_router.TestTrustUnitsCertificatePDF" name="test_get_pdf_returns_valid_response" time="0.248" /><testcase classname="backend.tests.test_trust_units_router.TestTrustUnitsCertificatePDF" name="test_get_pdf_invalid_certificate" time="0.106" /><testcase classname="backend.tests.test_trust_units_router.TestTrustUnitsTransfers" name="test_list_transfers_requires_auth" time="0.108" /><testcase classname="backend.tests.test_trust_units_router.TestTrustUnitsTransfers" name="test_list_transfers_returns_list" time="0.103" /><testcase classname="backend.tests.test_trust_units_router.TestTrustUnitsTransfers" name="test_create_transfer_requires_auth" time="0.115" /><testcase classname="backend.tests.test_trust_units_router.TestPreviouslyMigratedRoutersRegression" name="test_benevolence_router_accessible" time="0.110" /><testcase classname="backend.tests.test_trust_units_router.TestPreviouslyMigratedRoutersRegression" name="test_exports_router_accessible" time="0.146" /><testcase classname="backend.tests.test_trust_units_router.TestPreviouslyMigratedRoutersRegression" name="test_subscriptions_router_accessible" time="0.119" /><testcase classname="backend.tests.test_trust_units_router.TestPreviouslyMigratedRoutersRegression" name="test_compensation_router_accessible" time="0.123"><failure message="assert 404 == 200&#10; +  where 404 = &lt;Response [404]&gt;.status_code">backend/tests/test_trust_units_router.py:407: in test_compensation_router_accessible
    assert response.status_code == 200
E   assert 404 == 200
E    +  where 404 = &lt;Response [404]&gt;.status_code</failure></testcase><testcase classname="backend.tests.test_trust_units_router.TestPreviouslyMigratedRoutersRegression" name="test_schedule_a_router_accessible" time="0.115"><failure message="assert 404 == 200&#10; +  where 404 = &lt;Response [404]&gt;.status_code">backend/tests/test_trust_units_router.py:417: in test_schedule_a_router_accessible
    assert response.status_code == 200
E   assert 404 == 200
E    +  where 404 = &lt;Response [404]&gt;.status_code</failure></testcase><testcase classname="backend.tests.test_trust_units_router.TestTrustUnitsRouterIntegration" name="test_all_trust_units_endpoints_accessible" time="0.334" /><testcase classname="backend.tests.test_trust_units_router.TestTrustUnitsRouterIntegration" name="test_trust_units_router_uses_api_prefix" time="0.115"><failure message="AssertionError: Endpoint should not exist without /api prefix&#10;assert 200 == 404&#10; +  where 200 = &lt;Response [200]&gt;.status_code">backend/tests/test_trust_units_router.py:450: in test_trust_units_router_uses_api_prefix
    assert response.status_code == 404, "Endpoint should not exist without /api prefix"
E   AssertionError: Endpoint should not exist without /api prefix
E   assert 200 == 404
E    +  where 200 = &lt;Response [200]&gt;.status_code</failure></testcase><testcase classname="backend.tests.test_trust_units_router.TestTrustUnitsDataPersistence" name="test_settings_persistence" time="0.373" /><testcase classname="backend.tests.test_trust_units_router.TestTrustUnitsDataPersistence" name="test_summary_aggregates_are_accurate" time="0.220" /></testsuite></testsuites>