<?xml version="1.0" encoding="utf-8"?><testsuites name="pytest tests"><testsuite name="pytest" errors="0" failures="0" skipped="0" tests="15" time="7.916" timestamp="2026-03-02T00:59:55.671506+00:00" hostname="agent-env-b30b792e-fc57-4233-87d8-f430a0fe77c1"><testcase classname="backend.tests.test_unified_dashboard.TestUnifiedDashboard" name="test_dashboard_returns_200_with_all_required_fields" time="0.587" /><testcase classname="backend.tests.test_unified_dashboard.TestUnifiedDashboard" name="test_health_score_contains_full_response" time="0.461" /><testcase classname="backend.tests.test_unified_dashboard.TestUnifiedDashboard" name="test_onboarding_state_contains_all_boolean_fields" time="0.449" /><testcase classname="backend.tests.test_unified_dashboard.TestUnifiedDashboard" name="test_recent_activity_returns_list" time="0.452" /><testcase classname="backend.tests.test_unified_dashboard.TestUnifiedDashboard" name="test_stats_contains_required_fields" time="0.487" /><testcase classname="backend.tests.test_unified_dashboard.TestUnifiedDashboard" name="test_governance_insights_structure" time="0.468" /><testcase classname="backend.tests.test_unified_dashboard.TestUnifiedDashboard" name="test_insights_match_unachieved_criteria" time="0.578" /><testcase classname="backend.tests.test_unified_dashboard.TestExistingEndpointsStillWork" name="test_onboarding_endpoint_still_works" time="0.452" /><testcase classname="backend.tests.test_unified_dashboard.TestExistingEndpointsStillWork" name="test_activity_endpoint_still_works" time="0.451" /><testcase classname="backend.tests.test_unified_dashboard.TestExistingEndpointsStillWork" name="test_activity_endpoint_with_trust_filter" time="0.438" /><testcase classname="backend.tests.test_unified_dashboard.TestExistingEndpointsStillWork" name="test_activity_endpoint_with_limit" time="0.463" /><testcase classname="backend.tests.test_unified_dashboard.TestDashboardErrorHandling" name="test_dashboard_returns_401_without_auth" time="0.121" /><testcase classname="backend.tests.test_unified_dashboard.TestDashboardErrorHandling" name="test_dashboard_returns_404_for_user_without_trusts" time="0.924" /><testcase classname="backend.tests.test_unified_dashboard.TestDashboardDataConsistency" name="test_health_score_matches_governance_endpoint" time="0.904" /><testcase classname="backend.tests.test_unified_dashboard.TestDashboardDataConsistency" name="test_onboarding_matches_onboarding_endpoint" time="0.621" /></testsuite></testsuites>